[0.269s] [34mcolcon[0m [1;30mDEBUG[0m [32mCommand line arguments: ['/Users/lihong/miniconda3/envs/ros2/bin/colcon', 'build', '--packages-select', 'my_robot_car'][0m
[0.269s] [34mcolcon[0m [1;30mDEBUG[0m [32mParsed command line arguments: Namespace(log_base=None, log_level=None, verb_name='build', build_base='build', install_base='install', merge_install=False, symlink_install=False, test_result_base=None, continue_on_error=False, executor='parallel', parallel_workers=8, event_handlers=None, ignore_user_meta=False, metas=['./colcon.meta'], base_paths=['.'], packages_ignore=None, packages_ignore_regex=None, paths=None, packages_up_to=None, packages_up_to_regex=None, packages_above=None, packages_above_and_dependencies=None, packages_above_depth=None, packages_select_by_dep=None, packages_skip_by_dep=None, packages_skip_up_to=None, packages_select_build_failed=False, packages_skip_build_finished=False, packages_select_test_failures=False, packages_skip_test_passed=False, packages_select=['my_robot_car'], packages_skip=None, packages_select_regex=None, packages_skip_regex=None, packages_start=None, packages_end=None, cmake_args=None, cmake_target=None, cmake_target_skip_unavailable=False, cmake_clean_cache=False, cmake_clean_first=False, cmake_force_configure=False, ament_cmake_args=None, catkin_cmake_args=None, catkin_skip_building_tests=False, verb_parser=<colcon_defaults.argument_parser.defaults.DefaultArgumentsDecorator object at 0x106319b50>, verb_extension=<colcon_core.verb.build.BuildVerb object at 0x106318990>, main=<bound method BuildVerb.main of <colcon_core.verb.build.BuildVerb object at 0x106318990>>)[0m
[0.314s] [34mcolcon.colcon_core.package_discovery[0m [1;30mLevel 1[0m discover_packages(colcon_meta) check parameters
[0.314s] [34mcolcon.colcon_core.package_discovery[0m [1;30mLevel 1[0m discover_packages(recursive) check parameters
[0.314s] [34mcolcon.colcon_core.package_discovery[0m [1;30mLevel 1[0m discover_packages(ignore) check parameters
[0.314s] [34mcolcon.colcon_core.package_discovery[0m [1;30mLevel 1[0m discover_packages(path) check parameters
[0.314s] [34mcolcon.colcon_core.package_discovery[0m [1;30mLevel 1[0m discover_packages(colcon_meta) discover
[0.314s] [34mcolcon.colcon_core.package_discovery[0m [1;30mLevel 1[0m discover_packages(recursive) discover
[0.314s] [34mcolcon.colcon_core.package_discovery[0m [1;30mINFO[0m Crawling recursively for packages in '/Users/lihong/miniconda3/envs/ros2/csie_project_ws/src/my_robot_car'
[0.314s] [34mcolcon.colcon_core.package_identification[0m [1;30mLevel 1[0m _identify(.) by extensions ['ignore', 'ignore_ament_install']
[0.314s] [34mcolcon.colcon_core.package_identification[0m [1;30mLevel 1[0m _identify(.) by extension 'ignore'
[0.314s] [34mcolcon.colcon_core.package_identification[0m [1;30mLevel 1[0m _identify(.) by extension 'ignore_ament_install'
[0.315s] [34mcolcon.colcon_core.package_identification[0m [1;30mLevel 1[0m _identify(.) by extensions ['colcon_pkg']
[0.315s] [34mcolcon.colcon_core.package_identification[0m [1;30mLevel 1[0m _identify(.) by extension 'colcon_pkg'
[0.315s] [34mcolcon.colcon_core.package_identification[0m [1;30mLevel 1[0m _identify(.) by extensions ['colcon_meta']
[0.315s] [34mcolcon.colcon_core.package_identification[0m [1;30mLevel 1[0m _identify(.) by extension 'colcon_meta'
[0.315s] [34mcolcon.colcon_core.package_identification[0m [1;30mLevel 1[0m _identify(.) by extensions ['ros']
[0.315s] [34mcolcon.colcon_core.package_identification[0m [1;30mLevel 1[0m _identify(.) by extension 'ros'
[0.331s] [34mcolcon.colcon_core.package_identification[0m [1;30mDEBUG[0m [32mPackage '.' with type 'ros.ament_cmake' and name 'my_robot_car'[0m
[0.331s] [34mcolcon.colcon_core.package_discovery[0m [1;30mLevel 1[0m discover_packages(recursive) using defaults
[0.331s] [34mcolcon.colcon_core.package_discovery[0m [1;30mLevel 1[0m discover_packages(ignore) discover
[0.331s] [34mcolcon.colcon_core.package_discovery[0m [1;30mLevel 1[0m discover_packages(ignore) using defaults
[0.331s] [34mcolcon.colcon_core.package_discovery[0m [1;30mLevel 1[0m discover_packages(path) discover
[0.331s] [34mcolcon.colcon_core.package_discovery[0m [1;30mLevel 1[0m discover_packages(path) using defaults
[0.342s] [34mcolcon.colcon_core.verb[0m [1;30mLevel 5[0m set package 'my_robot_car' build argument 'cmake_args' from command line to 'None'
[0.342s] [34mcolcon.colcon_core.verb[0m [1;30mLevel 5[0m set package 'my_robot_car' build argument 'cmake_target' from command line to 'None'
[0.342s] [34mcolcon.colcon_core.verb[0m [1;30mLevel 5[0m set package 'my_robot_car' build argument 'cmake_target_skip_unavailable' from command line to 'False'
[0.342s] [34mcolcon.colcon_core.verb[0m [1;30mLevel 5[0m set package 'my_robot_car' build argument 'cmake_clean_cache' from command line to 'False'
[0.342s] [34mcolcon.colcon_core.verb[0m [1;30mLevel 5[0m set package 'my_robot_car' build argument 'cmake_clean_first' from command line to 'False'
[0.342s] [34mcolcon.colcon_core.verb[0m [1;30mLevel 5[0m set package 'my_robot_car' build argument 'cmake_force_configure' from command line to 'False'
[0.342s] [34mcolcon.colcon_core.verb[0m [1;30mLevel 5[0m set package 'my_robot_car' build argument 'ament_cmake_args' from command line to 'None'
[0.342s] [34mcolcon.colcon_core.verb[0m [1;30mLevel 5[0m set package 'my_robot_car' build argument 'catkin_cmake_args' from command line to 'None'
[0.342s] [34mcolcon.colcon_core.verb[0m [1;30mLevel 5[0m set package 'my_robot_car' build argument 'catkin_skip_building_tests' from command line to 'False'
[0.342s] [34mcolcon.colcon_core.verb[0m [1;30mDEBUG[0m [32mBuilding package 'my_robot_car' with the following arguments: {'ament_cmake_args': None, 'build_base': '/Users/lihong/miniconda3/envs/ros2/csie_project_ws/src/my_robot_car/build/my_robot_car', 'catkin_cmake_args': None, 'catkin_skip_building_tests': False, 'cmake_args': None, 'cmake_clean_cache': False, 'cmake_clean_first': False, 'cmake_force_configure': False, 'cmake_target': None, 'cmake_target_skip_unavailable': False, 'install_base': '/Users/lihong/miniconda3/envs/ros2/csie_project_ws/src/my_robot_car/install/my_robot_car', 'merge_install': False, 'path': '/Users/lihong/miniconda3/envs/ros2/csie_project_ws/src/my_robot_car', 'symlink_install': False, 'test_result_base': None}[0m
[0.342s] [34mcolcon.colcon_core.executor[0m [1;30mINFO[0m Executing jobs using 'parallel' executor
[0.342s] [34mcolcon.colcon_parallel_executor.executor.parallel[0m [1;30mDEBUG[0m [32mrun_until_complete[0m
[0.343s] [34mcolcon.colcon_ros.task.ament_cmake.build[0m [1;30mINFO[0m Building ROS package in '/Users/lihong/miniconda3/envs/ros2/csie_project_ws/src/my_robot_car' with build type 'ament_cmake'
[0.343s] [34mcolcon.colcon_cmake.task.cmake.build[0m [1;30mINFO[0m Building CMake package in '/Users/lihong/miniconda3/envs/ros2/csie_project_ws/src/my_robot_car'
[0.345s] [34mcolcon.colcon_core.plugin_system[0m [1;30mINFO[0m Skipping extension 'colcon_core.shell.bat': Not used on non-Windows systems
[0.345s] [34mcolcon.colcon_core.shell[0m [1;30mINFO[0m Skip shell extension 'powershell' for command environment: Not usable outside of PowerShell
[0.345s] [34mcolcon.colcon_core.shell[0m [1;30mDEBUG[0m [32mSkip shell extension 'dsv' for command environment[0m
[0.346s] [34mcolcon.colcon_ros.prefix_path.ament[0m [1;30mWARNING[0m [33mThe path '/Users/lihong/miniconda3/envs/ros2/csie_project_ws/install/turtlebot3_simulations' in the environment variable AMENT_PREFIX_PATH doesn't exist[0m
[0.346s] [34mcolcon.colcon_ros.prefix_path.ament[0m [1;30mWARNING[0m [33mThe path '/Users/lihong/miniconda3/envs/ros2/csie_project_ws/install/turtlebot3_fake_node' in the environment variable AMENT_PREFIX_PATH doesn't exist[0m
[0.346s] [34mcolcon.colcon_ros.prefix_path.ament[0m [1;30mWARNING[0m [33mThe path '/Users/lihong/miniconda3/envs/ros2/csie_project_ws/install/turtlebot3_msgs' in the environment variable AMENT_PREFIX_PATH doesn't exist[0m
[0.346s] [34mcolcon.colcon_ros.prefix_path.ament[0m [1;30mWARNING[0m [33mThe path '/Users/lihong/miniconda3/envs/ros2/csie_project_ws/install/turtlebot3_gazebo' in the environment variable AMENT_PREFIX_PATH doesn't exist[0m
[0.349s] [34mcolcon.colcon_ros.prefix_path.catkin[0m [1;30mWARNING[0m [33mThe path '/Users/lihong/miniconda3/envs/ros2/csie_project_ws/install/turtlebot3_simulations' in the environment variable CMAKE_PREFIX_PATH doesn't exist[0m
[0.349s] [34mcolcon.colcon_ros.prefix_path.catkin[0m [1;30mWARNING[0m [33mThe path '/Users/lihong/miniconda3/envs/ros2/csie_project_ws/install/turtlebot3_fake_node' in the environment variable CMAKE_PREFIX_PATH doesn't exist[0m
[0.349s] [34mcolcon.colcon_ros.prefix_path.catkin[0m [1;30mWARNING[0m [33mThe path '/Users/lihong/miniconda3/envs/ros2/csie_project_ws/install/turtlebot3_msgs' in the environment variable CMAKE_PREFIX_PATH doesn't exist[0m
[0.349s] [34mcolcon.colcon_ros.prefix_path.catkin[0m [1;30mWARNING[0m [33mThe path '/Users/lihong/miniconda3/envs/ros2/csie_project_ws/install/turtlebot3_gazebo' in the environment variable CMAKE_PREFIX_PATH doesn't exist[0m
[0.376s] [34mcolcon.colcon_core.event_handler.log_command[0m [1;30mDEBUG[0m [32mInvoking command in '/Users/lihong/miniconda3/envs/ros2/csie_project_ws/src/my_robot_car/build/my_robot_car': CONDA_PROMPT_MODIFIER=(ros2) SHLVL=2 _=/Users/lihong/miniconda3/envs/ros2/bin/env __CF_USER_TEXT_ENCODING=0x1F5:0x2:0x35 /Users/lihong/miniconda3/envs/ros2/bin/cmake /Users/lihong/miniconda3/envs/ros2/csie_project_ws/src/my_robot_car -DCMAKE_INSTALL_PREFIX=/Users/lihong/miniconda3/envs/ros2/csie_project_ws/src/my_robot_car/install/my_robot_car[0m
[3.673s] [34mcolcon.colcon_core.event_handler.log_command[0m [1;30mDEBUG[0m [32mInvoked command in '/Users/lihong/miniconda3/envs/ros2/csie_project_ws/src/my_robot_car/build/my_robot_car' returned '0': CONDA_PROMPT_MODIFIER=(ros2) SHLVL=2 _=/Users/lihong/miniconda3/envs/ros2/bin/env __CF_USER_TEXT_ENCODING=0x1F5:0x2:0x35 /Users/lihong/miniconda3/envs/ros2/bin/cmake /Users/lihong/miniconda3/envs/ros2/csie_project_ws/src/my_robot_car -DCMAKE_INSTALL_PREFIX=/Users/lihong/miniconda3/envs/ros2/csie_project_ws/src/my_robot_car/install/my_robot_car[0m
[3.675s] [34mcolcon.colcon_core.event_handler.log_command[0m [1;30mDEBUG[0m [32mInvoking command in '/Users/lihong/miniconda3/envs/ros2/csie_project_ws/src/my_robot_car/build/my_robot_car': CONDA_PROMPT_MODIFIER=(ros2) SHLVL=2 _=/Users/lihong/miniconda3/envs/ros2/bin/env __CF_USER_TEXT_ENCODING=0x1F5:0x2:0x35 /Users/lihong/miniconda3/envs/ros2/bin/cmake --build /Users/lihong/miniconda3/envs/ros2/csie_project_ws/src/my_robot_car/build/my_robot_car -- -j8 -l8[0m
[3.726s] [34mcolcon.colcon_core.event_handler.log_command[0m [1;30mDEBUG[0m [32mInvoked command in '/Users/lihong/miniconda3/envs/ros2/csie_project_ws/src/my_robot_car/build/my_robot_car' returned '0': CONDA_PROMPT_MODIFIER=(ros2) SHLVL=2 _=/Users/lihong/miniconda3/envs/ros2/bin/env __CF_USER_TEXT_ENCODING=0x1F5:0x2:0x35 /Users/lihong/miniconda3/envs/ros2/bin/cmake --build /Users/lihong/miniconda3/envs/ros2/csie_project_ws/src/my_robot_car/build/my_robot_car -- -j8 -l8[0m
[3.792s] [34mcolcon.colcon_core.event_handler.log_command[0m [1;30mDEBUG[0m [32mInvoking command in '/Users/lihong/miniconda3/envs/ros2/csie_project_ws/src/my_robot_car/build/my_robot_car': CONDA_PROMPT_MODIFIER=(ros2) SHLVL=2 _=/Users/lihong/miniconda3/envs/ros2/bin/env __CF_USER_TEXT_ENCODING=0x1F5:0x2:0x35 /Users/lihong/miniconda3/envs/ros2/bin/cmake --install /Users/lihong/miniconda3/envs/ros2/csie_project_ws/src/my_robot_car/build/my_robot_car[0m
[3.808s] [34mcolcon.colcon_core.environment[0m [1;30mLevel 1[0m create_environment_scripts_only(my_robot_car)
[3.808s] [34mcolcon.colcon_core.event_handler.log_command[0m [1;30mDEBUG[0m [32mInvoked command in '/Users/lihong/miniconda3/envs/ros2/csie_project_ws/src/my_robot_car/build/my_robot_car' returned '0': CONDA_PROMPT_MODIFIER=(ros2) SHLVL=2 _=/Users/lihong/miniconda3/envs/ros2/bin/env __CF_USER_TEXT_ENCODING=0x1F5:0x2:0x35 /Users/lihong/miniconda3/envs/ros2/bin/cmake --install /Users/lihong/miniconda3/envs/ros2/csie_project_ws/src/my_robot_car/build/my_robot_car[0m
[3.811s] [34mcolcon.colcon_core.environment[0m [1;30mLevel 1[0m checking '/Users/lihong/miniconda3/envs/ros2/csie_project_ws/src/my_robot_car/install/my_robot_car' for CMake module files
[3.811s] [34mcolcon.colcon_core.environment[0m [1;30mLevel 1[0m checking '/Users/lihong/miniconda3/envs/ros2/csie_project_ws/src/my_robot_car/install/my_robot_car' for CMake config files
[3.811s] [34mcolcon.colcon_core.shell[0m [1;30mLevel 1[0m create_environment_hook('my_robot_car', 'cmake_prefix_path')
[3.811s] [34mcolcon.colcon_core.shell[0m [1;30mINFO[0m Creating environment hook '/Users/lihong/miniconda3/envs/ros2/csie_project_ws/src/my_robot_car/install/my_robot_car/share/my_robot_car/hook/cmake_prefix_path.ps1'
[3.812s] [34mcolcon.colcon_core.shell[0m [1;30mINFO[0m Creating environment descriptor '/Users/lihong/miniconda3/envs/ros2/csie_project_ws/src/my_robot_car/install/my_robot_car/share/my_robot_car/hook/cmake_prefix_path.dsv'
[3.813s] [34mcolcon.colcon_core.shell[0m [1;30mINFO[0m Creating environment hook '/Users/lihong/miniconda3/envs/ros2/csie_project_ws/src/my_robot_car/install/my_robot_car/share/my_robot_car/hook/cmake_prefix_path.sh'
[3.813s] [34mcolcon.colcon_core.environment[0m [1;30mLevel 1[0m checking '/Users/lihong/miniconda3/envs/ros2/csie_project_ws/src/my_robot_car/install/my_robot_car/lib'
[3.813s] [34mcolcon.colcon_core.environment[0m [1;30mLevel 1[0m checking '/Users/lihong/miniconda3/envs/ros2/csie_project_ws/src/my_robot_car/install/my_robot_car/bin'
[3.813s] [34mcolcon.colcon_core.environment[0m [1;30mLevel 1[0m checking '/Users/lihong/miniconda3/envs/ros2/csie_project_ws/src/my_robot_car/install/my_robot_car/lib/pkgconfig/my_robot_car.pc'
[3.814s] [34mcolcon.colcon_core.environment[0m [1;30mLevel 1[0m checking '/Users/lihong/miniconda3/envs/ros2/csie_project_ws/src/my_robot_car/install/my_robot_car/lib/python3.11/site-packages'
[3.814s] [34mcolcon.colcon_core.environment[0m [1;30mLevel 1[0m checking '/Users/lihong/miniconda3/envs/ros2/csie_project_ws/src/my_robot_car/install/my_robot_car/bin'
[3.814s] [34mcolcon.colcon_core.shell[0m [1;30mINFO[0m Creating package script '/Users/lihong/miniconda3/envs/ros2/csie_project_ws/src/my_robot_car/install/my_robot_car/share/my_robot_car/package.ps1'
[3.814s] [34mcolcon.colcon_core.shell[0m [1;30mINFO[0m Creating package descriptor '/Users/lihong/miniconda3/envs/ros2/csie_project_ws/src/my_robot_car/install/my_robot_car/share/my_robot_car/package.dsv'
[3.815s] [34mcolcon.colcon_core.shell[0m [1;30mINFO[0m Creating package script '/Users/lihong/miniconda3/envs/ros2/csie_project_ws/src/my_robot_car/install/my_robot_car/share/my_robot_car/package.sh'
[3.815s] [34mcolcon.colcon_core.shell[0m [1;30mINFO[0m Creating package script '/Users/lihong/miniconda3/envs/ros2/csie_project_ws/src/my_robot_car/install/my_robot_car/share/my_robot_car/package.bash'
[3.816s] [34mcolcon.colcon_core.shell[0m [1;30mINFO[0m Creating package script '/Users/lihong/miniconda3/envs/ros2/csie_project_ws/src/my_robot_car/install/my_robot_car/share/my_robot_car/package.zsh'
[3.816s] [34mcolcon.colcon_core.environment[0m [1;30mLevel 1[0m create_file_with_runtime_dependencies(/Users/lihong/miniconda3/envs/ros2/csie_project_ws/src/my_robot_car/install/my_robot_car/share/colcon-core/packages/my_robot_car)
[3.868s] [34mcolcon.colcon_core.environment[0m [1;30mLevel 1[0m create_environment_scripts_only(my_robot_car)
[3.868s] [34mcolcon.colcon_core.environment[0m [1;30mLevel 1[0m checking '/Users/lihong/miniconda3/envs/ros2/csie_project_ws/src/my_robot_car/install/my_robot_car' for CMake module files
[3.869s] [34mcolcon.colcon_core.environment[0m [1;30mLevel 1[0m checking '/Users/lihong/miniconda3/envs/ros2/csie_project_ws/src/my_robot_car/install/my_robot_car' for CMake config files
[3.869s] [34mcolcon.colcon_core.shell[0m [1;30mLevel 1[0m create_environment_hook('my_robot_car', 'cmake_prefix_path')
[3.869s] [34mcolcon.colcon_core.shell[0m [1;30mINFO[0m Creating environment hook '/Users/lihong/miniconda3/envs/ros2/csie_project_ws/src/my_robot_car/install/my_robot_car/share/my_robot_car/hook/cmake_prefix_path.ps1'
[3.869s] [34mcolcon.colcon_core.shell[0m [1;30mINFO[0m Creating environment descriptor '/Users/lihong/miniconda3/envs/ros2/csie_project_ws/src/my_robot_car/install/my_robot_car/share/my_robot_car/hook/cmake_prefix_path.dsv'
[3.870s] [34mcolcon.colcon_core.shell[0m [1;30mINFO[0m Creating environment hook '/Users/lihong/miniconda3/envs/ros2/csie_project_ws/src/my_robot_car/install/my_robot_car/share/my_robot_car/hook/cmake_prefix_path.sh'
[3.870s] [34mcolcon.colcon_core.environment[0m [1;30mLevel 1[0m checking '/Users/lihong/miniconda3/envs/ros2/csie_project_ws/src/my_robot_car/install/my_robot_car/lib'
[3.870s] [34mcolcon.colcon_core.environment[0m [1;30mLevel 1[0m checking '/Users/lihong/miniconda3/envs/ros2/csie_project_ws/src/my_robot_car/install/my_robot_car/bin'
[3.870s] [34mcolcon.colcon_core.environment[0m [1;30mLevel 1[0m checking '/Users/lihong/miniconda3/envs/ros2/csie_project_ws/src/my_robot_car/install/my_robot_car/lib/pkgconfig/my_robot_car.pc'
[3.870s] [34mcolcon.colcon_core.environment[0m [1;30mLevel 1[0m checking '/Users/lihong/miniconda3/envs/ros2/csie_project_ws/src/my_robot_car/install/my_robot_car/lib/python3.11/site-packages'
[3.870s] [34mcolcon.colcon_core.environment[0m [1;30mLevel 1[0m checking '/Users/lihong/miniconda3/envs/ros2/csie_project_ws/src/my_robot_car/install/my_robot_car/bin'
[3.870s] [34mcolcon.colcon_core.shell[0m [1;30mINFO[0m Creating package script '/Users/lihong/miniconda3/envs/ros2/csie_project_ws/src/my_robot_car/install/my_robot_car/share/my_robot_car/package.ps1'
[3.870s] [34mcolcon.colcon_core.shell[0m [1;30mINFO[0m Creating package descriptor '/Users/lihong/miniconda3/envs/ros2/csie_project_ws/src/my_robot_car/install/my_robot_car/share/my_robot_car/package.dsv'
[3.871s] [34mcolcon.colcon_core.shell[0m [1;30mINFO[0m Creating package script '/Users/lihong/miniconda3/envs/ros2/csie_project_ws/src/my_robot_car/install/my_robot_car/share/my_robot_car/package.sh'
[3.871s] [34mcolcon.colcon_core.shell[0m [1;30mINFO[0m Creating package script '/Users/lihong/miniconda3/envs/ros2/csie_project_ws/src/my_robot_car/install/my_robot_car/share/my_robot_car/package.bash'
[3.871s] [34mcolcon.colcon_core.shell[0m [1;30mINFO[0m Creating package script '/Users/lihong/miniconda3/envs/ros2/csie_project_ws/src/my_robot_car/install/my_robot_car/share/my_robot_car/package.zsh'
[3.871s] [34mcolcon.colcon_core.environment[0m [1;30mLevel 1[0m create_file_with_runtime_dependencies(/Users/lihong/miniconda3/envs/ros2/csie_project_ws/src/my_robot_car/install/my_robot_car/share/colcon-core/packages/my_robot_car)
[3.871s] [34mcolcon.colcon_parallel_executor.executor.parallel[0m [1;30mDEBUG[0m [32mclosing loop[0m
[3.872s] [34mcolcon.colcon_parallel_executor.executor.parallel[0m [1;30mDEBUG[0m [32mloop closed[0m
[3.872s] [34mcolcon.colcon_parallel_executor.executor.parallel[0m [1;30mDEBUG[0m [32mrun_until_complete finished with '0'[0m
[3.872s] [34mcolcon.colcon_core.event_reactor[0m [1;30mDEBUG[0m [32mjoining thread[0m
[3.874s] [34mcolcon.colcon_core.plugin_system[0m [1;30mINFO[0m Skipping extension 'colcon_notification.desktop_notification.notify2': 'notify2' not found
[3.874s] [34mcolcon.colcon_core.plugin_system[0m [1;30mINFO[0m Skipping extension 'colcon_notification.desktop_notification.notify_send': Not used on non-Linux systems
[3.874s] [34mcolcon.colcon_core.plugin_system[0m [1;30mINFO[0m Skipping extension 'colcon_notification.desktop_notification.win32': Not used on non-Windows systems
[3.874s] [34mcolcon.colcon_notification.desktop_notification[0m [1;30mINFO[0m Sending desktop notification using 'terminal_notifier'
[3.923s] [34mcolcon.colcon_core.event_reactor[0m [1;30mDEBUG[0m [32mjoined thread[0m
[3.923s] [34mcolcon.colcon_core.shell[0m [1;30mINFO[0m Creating prefix script '/Users/lihong/miniconda3/envs/ros2/csie_project_ws/src/my_robot_car/install/local_setup.ps1'
[3.924s] [34mcolcon.colcon_core.shell[0m [1;30mINFO[0m Creating prefix util module '/Users/lihong/miniconda3/envs/ros2/csie_project_ws/src/my_robot_car/install/_local_setup_util_ps1.py'
[3.925s] [34mcolcon.colcon_core.shell[0m [1;30mINFO[0m Creating prefix chain script '/Users/lihong/miniconda3/envs/ros2/csie_project_ws/src/my_robot_car/install/setup.ps1'
[3.927s] [34mcolcon.colcon_core.shell[0m [1;30mINFO[0m Creating prefix script '/Users/lihong/miniconda3/envs/ros2/csie_project_ws/src/my_robot_car/install/local_setup.sh'
[3.928s] [34mcolcon.colcon_core.shell[0m [1;30mINFO[0m Creating prefix util module '/Users/lihong/miniconda3/envs/ros2/csie_project_ws/src/my_robot_car/install/_local_setup_util_sh.py'
[3.928s] [34mcolcon.colcon_core.shell[0m [1;30mINFO[0m Creating prefix chain script '/Users/lihong/miniconda3/envs/ros2/csie_project_ws/src/my_robot_car/install/setup.sh'
[3.930s] [34mcolcon.colcon_core.shell[0m [1;30mINFO[0m Creating prefix script '/Users/lihong/miniconda3/envs/ros2/csie_project_ws/src/my_robot_car/install/local_setup.bash'
[3.930s] [34mcolcon.colcon_core.shell[0m [1;30mINFO[0m Creating prefix chain script '/Users/lihong/miniconda3/envs/ros2/csie_project_ws/src/my_robot_car/install/setup.bash'
[3.931s] [34mcolcon.colcon_core.shell[0m [1;30mINFO[0m Creating prefix script '/Users/lihong/miniconda3/envs/ros2/csie_project_ws/src/my_robot_car/install/local_setup.zsh'
[3.932s] [34mcolcon.colcon_core.shell[0m [1;30mINFO[0m Creating prefix chain script '/Users/lihong/miniconda3/envs/ros2/csie_project_ws/src/my_robot_car/install/setup.zsh'
