-- The C compiler identification is Clang 16.0.6
-- The CXX compiler identification is Clang 16.0.6
-- Detecting C compiler ABI info
-- Detecting C compiler ABI info - done
-- Check for working C compiler: /Users/lihong/miniconda3/envs/ros2/bin/arm64-apple-darwin20.0.0-clang - skipped
-- Detecting C compile features
-- Detecting C compile features - done
-- Detecting CXX compiler ABI info
-- Detecting CXX compiler ABI info - done
-- Check for working CXX compiler: /Users/lihong/miniconda3/envs/ros2/bin/arm64-apple-darwin20.0.0-clang++ - skipped
-- Detecting CXX compile features
-- Detecting CXX compile features - done
-- Found ament_cmake: 1.3.7 (/Users/lihong/miniconda3/envs/ros2/share/ament_cmake/cmake)
-- Found Python3: /opt/homebrew/Frameworks/Python.framework/Versions/3.12/bin/python3.12 (found version "3.12.5") found components: Interpreter 
-- Found rclcpp: 16.0.8 (/Users/lihong/miniconda3/envs/ros2/share/rclcpp/cmake)
-- Found rosidl_generator_c: 3.1.5 (/Users/lihong/miniconda3/envs/ros2/share/rosidl_generator_c/cmake)
-- Found rosidl_adapter: 3.1.5 (/Users/lihong/miniconda3/envs/ros2/share/rosidl_adapter/cmake)
-- Found rosidl_generator_cpp: 3.1.5 (/Users/lihong/miniconda3/envs/ros2/share/rosidl_generator_cpp/cmake)
-- Using all available rosidl_typesupport_c: rosidl_typesupport_fastrtps_c;rosidl_typesupport_introspection_c
-- Using all available rosidl_typesupport_cpp: rosidl_typesupport_fastrtps_cpp;rosidl_typesupport_introspection_cpp
-- Checking for module 'yaml-0.1'
--   Found yaml-0.1, version 0.2.5
-- Found rmw_implementation_cmake: 6.1.1 (/Users/lihong/miniconda3/envs/ros2/share/rmw_implementation_cmake/cmake)
-- Found rmw_cyclonedds_cpp: 1.3.4 (/Users/lihong/miniconda3/envs/ros2/share/rmw_cyclonedds_cpp/cmake)
-- Using RMW implementation 'rmw_cyclonedds_cpp' as default
-- Performing Test CMAKE_HAVE_LIBC_PTHREAD
-- Performing Test CMAKE_HAVE_LIBC_PTHREAD - Success
-- Found Threads: TRUE  
-- Found std_msgs: 4.2.3 (/Users/lihong/miniconda3/envs/ros2/share/std_msgs/cmake)
-- Found sensor_msgs: 4.2.3 (/Users/lihong/miniconda3/envs/ros2/share/sensor_msgs/cmake)
-- Configuring done (3.2s)
-- Generating done (0.0s)
-- Build files have been written to: /Users/lihong/miniconda3/envs/ros2/csie_project_ws/src/my_robot_car/build/my_robot_car
-- Install configuration: ""
-- Installing: /Users/lihong/miniconda3/envs/ros2/csie_project_ws/src/my_robot_car/install/my_robot_car/lib/my_robot_car/ball_detector.py
-- Installing: /Users/lihong/miniconda3/envs/ros2/csie_project_ws/src/my_robot_car/install/my_robot_car/lib/my_robot_car/launcher_controller.py
-- Installing: /Users/lihong/miniconda3/envs/ros2/csie_project_ws/src/my_robot_car/install/my_robot_car/share/my_robot_car/launch
-- Installing: /Users/lihong/miniconda3/envs/ros2/csie_project_ws/src/my_robot_car/install/my_robot_car/share/my_robot_car/launch/gazebo.launch.py
-- Installing: /Users/lihong/miniconda3/envs/ros2/csie_project_ws/src/my_robot_car/install/my_robot_car/share/ament_index/resource_index/package_run_dependencies/my_robot_car
-- Installing: /Users/lihong/miniconda3/envs/ros2/csie_project_ws/src/my_robot_car/install/my_robot_car/share/ament_index/resource_index/parent_prefix_path/my_robot_car
-- Installing: /Users/lihong/miniconda3/envs/ros2/csie_project_ws/src/my_robot_car/install/my_robot_car/share/my_robot_car/environment/ament_prefix_path.sh
-- Installing: /Users/lihong/miniconda3/envs/ros2/csie_project_ws/src/my_robot_car/install/my_robot_car/share/my_robot_car/environment/ament_prefix_path.dsv
-- Installing: /Users/lihong/miniconda3/envs/ros2/csie_project_ws/src/my_robot_car/install/my_robot_car/share/my_robot_car/environment/path.sh
-- Installing: /Users/lihong/miniconda3/envs/ros2/csie_project_ws/src/my_robot_car/install/my_robot_car/share/my_robot_car/environment/path.dsv
-- Installing: /Users/lihong/miniconda3/envs/ros2/csie_project_ws/src/my_robot_car/install/my_robot_car/share/my_robot_car/local_setup.bash
-- Installing: /Users/lihong/miniconda3/envs/ros2/csie_project_ws/src/my_robot_car/install/my_robot_car/share/my_robot_car/local_setup.sh
-- Installing: /Users/lihong/miniconda3/envs/ros2/csie_project_ws/src/my_robot_car/install/my_robot_car/share/my_robot_car/local_setup.zsh
-- Installing: /Users/lihong/miniconda3/envs/ros2/csie_project_ws/src/my_robot_car/install/my_robot_car/share/my_robot_car/local_setup.dsv
-- Installing: /Users/lihong/miniconda3/envs/ros2/csie_project_ws/src/my_robot_car/install/my_robot_car/share/my_robot_car/package.dsv
-- Installing: /Users/lihong/miniconda3/envs/ros2/csie_project_ws/src/my_robot_car/install/my_robot_car/share/ament_index/resource_index/packages/my_robot_car
-- Installing: /Users/lihong/miniconda3/envs/ros2/csie_project_ws/src/my_robot_car/install/my_robot_car/share/my_robot_car/cmake/my_robot_carConfig.cmake
-- Installing: /Users/lihong/miniconda3/envs/ros2/csie_project_ws/src/my_robot_car/install/my_robot_car/share/my_robot_car/cmake/my_robot_carConfig-version.cmake
-- Installing: /Users/lihong/miniconda3/envs/ros2/csie_project_ws/src/my_robot_car/install/my_robot_car/share/my_robot_car/package.xml
