[0.013s] Invoking command in '/Users/lihong/miniconda3/envs/ros2/csie_project_ws/build/turtlebot3_gazebo': CONDA_PROMPT_MODIFIER=(ros2) SHLVL=2 _=/Users/lihong/miniconda3/envs/ros2/bin/env __CF_USER_TEXT_ENCODING=0x1F5:0x2:0x35 /Users/lihong/miniconda3/envs/ros2/bin/cmake /Users/lihong/miniconda3/envs/ros2/csie_project_ws/turtlebot3/turtlebot3_simulations/turtlebot3_gazebo -DPython3_EXECUTABLE=/Users/lihong/miniconda3/envs/ros2/bin/python3.11 -DPython3_NumPy_INCLUDE_DIR=/Users/lihong/miniconda3/envs/ros2/lib/python3.11/site-packages/numpy/core/include -DCMAKE_INSTALL_PREFIX=/Users/lihong/miniconda3/envs/ros2/csie_project_ws/install/turtlebot3_gazebo
[0.023s] CMake Deprecation Warning at CMakeLists.txt:4 (cmake_minimum_required):
[0.024s]   Compatibility with CMake < 3.10 will be removed from a future version of
[0.024s]   CMake.
[0.024s] 
[0.024s]   Update the VERSION argument <min> value.  Or, use the <min>...<max> syntax
[0.024s]   to tell CMake that the project requires at least <min> but has been updated
[0.024s]   to work with policies introduced by <max> or earlier.
[0.024s] 
[0.024s] 
[0.211s] -- The C compiler identification is Clang 18.1.8
[0.407s] -- The CXX compiler identification is Clang 18.1.8
[0.418s] -- Detecting C compiler ABI info
[0.584s] -- Detecting C compiler ABI info - done
[0.589s] -- Check for working C compiler: /Users/lihong/miniconda3/envs/ros2/bin/arm64-apple-darwin20.0.0-clang - skipped
[0.590s] -- Detecting C compile features
[0.590s] -- Detecting C compile features - done
[0.596s] -- Detecting CXX compiler ABI info
[0.761s] -- Detecting CXX compiler ABI info - done
[0.766s] -- Check for working CXX compiler: /Users/lihong/miniconda3/envs/ros2/bin/arm64-apple-darwin20.0.0-clang++ - skipped
[0.767s] -- Detecting CXX compile features
[0.767s] -- Detecting CXX compile features - done
[0.787s] -- Found ament_cmake: 1.3.11 (/Users/lihong/miniconda3/envs/ros2/share/ament_cmake/cmake)
[0.916s] -- Found Python3: /Users/lihong/miniconda3/envs/ros2/bin/python3.11 (found version "3.11.11") found components: Interpreter
[1.209s] -- Found PkgConfig: /Users/lihong/miniconda3/envs/ros2/bin/pkg-config (found version "0.29.2")
[1.216s] -- Checking for module 'bullet>=2.82'
[1.334s] --   Found bullet, version 3.25
[2.297s] -- Found assimp: /Users/lihong/miniconda3/envs/ros2/include (found suitable version "5.4.3", minimum required is "5.2.0")
[2.344s] -- Performing Test CMAKE_HAVE_LIBC_PTHREAD
[2.500s] -- Performing Test CMAKE_HAVE_LIBC_PTHREAD - Success
[2.501s] -- Found Threads: TRUE
[2.505s] -- Found DART: /Users/lihong/miniconda3/envs/ros2/include (Required is at least version "6.6") found components: dart
[2.540s] CMake Warning (dev) at /Users/lihong/miniconda3/envs/ros2/lib/cmake/gazebo/gazebo-config.cmake:187 (find_package):
[2.540s]   Policy CMP0167 is not set: The FindBoost module is removed.  Run "cmake
[2.540s]   --help-policy CMP0167" for policy details.  Use the cmake_policy command to
[2.540s]   set the policy and suppress this warning.
[2.540s] 
[2.540s] Call Stack (most recent call first):
[2.540s]   CMakeLists.txt:23 (find_package)
[2.541s] This warning is for project developers.  Use -Wno-dev to suppress it.
[2.541s] 
[2.609s] -- Found Boost: /Users/lihong/miniconda3/envs/ros2/lib/cmake/Boost-1.86.0/BoostConfig.cmake (found suitable version "1.86.0", minimum required is "1.40.0") found components: thread system filesystem program_options regex iostreams date_time
[2.720s] -- Found ZLIB: /Users/lihong/miniconda3/envs/ros2/lib/libz.dylib (found version "1.3.1")
[2.766s] -- Looking for ignition-math6 -- found version 6.15.1
[2.778s] -- Searching for dependencies of ignition-math6
[2.780s] -- Looking for OGRE...
[2.780s] -- OGRE_PREFIX_WATCH changed.
[2.807s] -- Checking for module 'OGRE'
[2.932s] --   Found OGRE, version 1.9.0
[3.418s] -- Found Ogre Xalafu (1.10.12)
[3.452s] -- Found OGRE: optimized;/Users/lihong/miniconda3/envs/ros2/lib/libOgreMain.dylib;debug;/Users/lihong/miniconda3/envs/ros2/lib/libOgreMain.dylib
[3.452s] -- Looking for OGRE_Paging...
[3.506s] -- Found OGRE_Paging: optimized;/Users/lihong/miniconda3/envs/ros2/lib/libOgrePaging.dylib;debug;/Users/lihong/miniconda3/envs/ros2/lib/libOgrePaging.dylib
[3.506s] -- Looking for OGRE_Terrain...
[3.598s] -- Found OGRE_Terrain: optimized;/Users/lihong/miniconda3/envs/ros2/lib/libOgreTerrain.dylib;debug;/Users/lihong/miniconda3/envs/ros2/lib/libOgreTerrain.dylib
[3.598s] -- Looking for OGRE_Property...
[3.681s] -- Found OGRE_Property: optimized;/Users/lihong/miniconda3/envs/ros2/lib/libOgreProperty.dylib;debug;/Users/lihong/miniconda3/envs/ros2/lib/libOgreProperty.dylib
[3.681s] -- Looking for OGRE_RTShaderSystem...
[3.747s] -- Found OGRE_RTShaderSystem: optimized;/Users/lihong/miniconda3/envs/ros2/lib/libOgreRTShaderSystem.dylib;debug;/Users/lihong/miniconda3/envs/ros2/lib/libOgreRTShaderSystem.dylib
[3.747s] -- Looking for OGRE_Volume...
[3.825s] -- Found OGRE_Volume: optimized;/Users/lihong/miniconda3/envs/ros2/lib/libOgreVolume.dylib;debug;/Users/lihong/miniconda3/envs/ros2/lib/libOgreVolume.dylib
[3.825s] -- Looking for OGRE_Overlay...
[3.931s] -- Found OGRE_Overlay: optimized;/Users/lihong/miniconda3/envs/ros2/lib/libOgreOverlay.dylib;debug;/Users/lihong/miniconda3/envs/ros2/lib/libOgreOverlay.dylib
[5.843s] -- Looking for ignition-math6 -- found version 6.15.1
[5.849s] -- Looking for ignition-transport8 -- found version 8.4.0
[5.849s] -- Searching for dependencies of ignition-transport8
[5.972s] -- Found UUID: TRUE
[5.979s] -- Looking for ignition-msgs5 -- found version 5.11.0
[5.979s] -- Searching for dependencies of ignition-msgs5
[5.979s] -- Looking for ignition-math6 -- found version 6.15.1
[6.066s] -- Checking for module 'tinyxml2'
[6.657s] --   Found tinyxml2, version 10.0.0
[7.739s] -- Looking for ignition-msgs5 -- found version 5.11.0
[7.744s] -- Looking for ignition-common3 -- found version 3.15.1
[7.744s] -- Searching for dependencies of ignition-common3
[7.795s] -- Looking for dlfcn.h - found
[7.797s] -- Looking for libdl - found
[7.798s] -- Found DL: TRUE
[7.800s] -- Searching for <ignition-common3> component [graphics]
[7.805s] -- Looking for ignition-common3-graphics -- found version 3.15.1
[7.805s] -- Searching for dependencies of ignition-common3-graphics
[7.806s] -- Looking for ignition-math6 -- found version 6.15.1
[7.812s] -- Looking for ignition-fuel_tools4 -- found version 4.6.0
[7.812s] -- Searching for dependencies of ignition-fuel_tools4
[8.488s] -- Found CURL: /Users/lihong/miniconda3/envs/ros2/lib/libcurl.dylib (found version "8.11.1")
[8.520s] -- Checking for module 'jsoncpp'
[8.638s] --   Found jsoncpp, version 1.9.6
[9.020s] -- Found JSONCPP: TRUE
[9.106s] -- Checking for module 'yaml-0.1'
[9.258s] --   Found yaml-0.1, version 0.2.5
[9.724s] -- Found YAML: TRUE
[9.749s] -- Checking for module 'libzip'
[9.865s] --   Found libzip, version 1.11.2
[10.202s] -- Found ZIP: TRUE
[10.202s] -- Looking for ignition-common3 -- found version 3.15.1
[10.202s] -- Looking for ignition-math6 -- found version 6.15.1
[10.203s] -- Looking for ignition-msgs5 -- found version 5.11.0
[10.218s] -- Found gazebo_ros_pkgs: 3.7.0 (/Users/lihong/miniconda3/envs/ros2/share/gazebo_ros_pkgs/cmake)
[10.227s] -- Found geometry_msgs: 4.2.4 (/Users/lihong/miniconda3/envs/ros2/share/geometry_msgs/cmake)
[10.335s] -- Found rosidl_generator_c: 3.1.6 (/Users/lihong/miniconda3/envs/ros2/share/rosidl_generator_c/cmake)
[10.355s] -- Found rosidl_adapter: 3.1.6 (/Users/lihong/miniconda3/envs/ros2/share/rosidl_adapter/cmake)
[10.379s] -- Found rosidl_generator_cpp: 3.1.6 (/Users/lihong/miniconda3/envs/ros2/share/rosidl_generator_cpp/cmake)
[10.408s] -- Using all available rosidl_typesupport_c: rosidl_typesupport_fastrtps_c;rosidl_typesupport_introspection_c
[10.449s] -- Using all available rosidl_typesupport_cpp: rosidl_typesupport_fastrtps_cpp;rosidl_typesupport_introspection_cpp
[10.523s] -- Found nav_msgs: 4.2.4 (/Users/lihong/miniconda3/envs/ros2/share/nav_msgs/cmake)
[10.551s] -- Found rclcpp: 16.0.11 (/Users/lihong/miniconda3/envs/ros2/share/rclcpp/cmake)
[10.689s] -- Checking for module 'yaml-0.1'
[10.814s] --   Found yaml-0.1, version 0.2.5
[11.174s] -- Found rmw_implementation_cmake: 6.1.2 (/Users/lihong/miniconda3/envs/ros2/share/rmw_implementation_cmake/cmake)
[11.186s] -- Found rmw_fastrtps_cpp: 6.2.7 (/Users/lihong/miniconda3/envs/ros2/share/rmw_fastrtps_cpp/cmake)
[11.772s] -- Found OpenSSL: /opt/homebrew/opt/openssl@3/lib/libcrypto.dylib (found version "3.4.0")
[11.901s] -- Found FastRTPS: /Users/lihong/miniconda3/envs/ros2/include
[12.025s] -- Using RMW implementation 'rmw_fastrtps_cpp' as default
[12.116s] -- Found sensor_msgs: 4.2.4 (/Users/lihong/miniconda3/envs/ros2/share/sensor_msgs/cmake)
[12.145s] -- Found tf2: 0.25.10 (/Users/lihong/miniconda3/envs/ros2/share/tf2/cmake)
[12.221s] -- Configuring done (12.2s)
[12.329s] -- Generating done (0.1s)
[12.329s] CMake Warning:
[12.329s]   Manually-specified variables were not used by the project:
[12.329s] 
[12.329s]     Python3_NumPy_INCLUDE_DIR
[12.329s] 
[12.329s] 
[12.330s] -- Build files have been written to: /Users/lihong/miniconda3/envs/ros2/csie_project_ws/build/turtlebot3_gazebo
[12.335s] Invoked command in '/Users/lihong/miniconda3/envs/ros2/csie_project_ws/build/turtlebot3_gazebo' returned '0': CONDA_PROMPT_MODIFIER=(ros2) SHLVL=2 _=/Users/lihong/miniconda3/envs/ros2/bin/env __CF_USER_TEXT_ENCODING=0x1F5:0x2:0x35 /Users/lihong/miniconda3/envs/ros2/bin/cmake /Users/lihong/miniconda3/envs/ros2/csie_project_ws/turtlebot3/turtlebot3_simulations/turtlebot3_gazebo -DPython3_EXECUTABLE=/Users/lihong/miniconda3/envs/ros2/bin/python3.11 -DPython3_NumPy_INCLUDE_DIR=/Users/lihong/miniconda3/envs/ros2/lib/python3.11/site-packages/numpy/core/include -DCMAKE_INSTALL_PREFIX=/Users/lihong/miniconda3/envs/ros2/csie_project_ws/install/turtlebot3_gazebo
[12.337s] Invoking command in '/Users/lihong/miniconda3/envs/ros2/csie_project_ws/build/turtlebot3_gazebo': CONDA_PROMPT_MODIFIER=(ros2) SHLVL=2 _=/Users/lihong/miniconda3/envs/ros2/bin/env __CF_USER_TEXT_ENCODING=0x1F5:0x2:0x35 /Users/lihong/miniconda3/envs/ros2/bin/cmake --build /Users/lihong/miniconda3/envs/ros2/csie_project_ws/build/turtlebot3_gazebo -- -j8 -l8
[12.421s] [ 12%] Building CXX object CMakeFiles/obstacle1.dir/models/turtlebot3_dqn_world/obstacle_plugin/obstacle1.cc.o
[12.425s] [ 25%] Building CXX object CMakeFiles/obstacles.dir/models/turtlebot3_dqn_world/obstacle_plugin/obstacles.cc.o
[12.426s] [ 37%] Building CXX object CMakeFiles/turtlebot3_drive.dir/src/turtlebot3_drive.cpp.o
[12.427s] [ 50%] Building CXX object CMakeFiles/obstacle2.dir/models/turtlebot3_dqn_world/obstacle_plugin/obstacle2.cc.o
[14.988s] In file included from /Users/lihong/miniconda3/envs/ros2/csie_project_ws/turtlebot3/turtlebot3_simulations/turtlebot3_gazebo/src/turtlebot3_drive.cpp:17:
[14.988s] In file included from /Users/lihong/miniconda3/envs/ros2/csie_project_ws/turtlebot3/turtlebot3_simulations/turtlebot3_gazebo/include/turtlebot3_gazebo/turtlebot3_drive.hpp:22:
[14.988s] In file included from /Users/lihong/miniconda3/envs/ros2/include/rclcpp/rclcpp/rclcpp.hpp:155:
[14.988s] In file included from /Users/lihong/miniconda3/envs/ros2/include/rclcpp/rclcpp/executors.hpp:21:
[14.988s] In file included from /Users/lihong/miniconda3/envs/ros2/include/rclcpp/rclcpp/executors/multi_threaded_executor.hpp:25:
[14.988s] In file included from /Users/lihong/miniconda3/envs/ros2/include/rclcpp/rclcpp/executor.hpp:37:
[14.988s] In file included from /Users/lihong/miniconda3/envs/ros2/include/rclcpp/rclcpp/executor_options.hpp:20:
[14.988s] In file included from /Users/lihong/miniconda3/envs/ros2/include/rclcpp/rclcpp/memory_strategies.hpp:18:
[14.988s] In file included from /Users/lihong/miniconda3/envs/ros2/include/rclcpp/rclcpp/memory_strategy.hpp:25:
[14.988s] In file included from /Users/lihong/miniconda3/envs/ros2/include/rclcpp/rclcpp/any_executable.hpp:20:
[14.988s] In file included from /Users/lihong/miniconda3/envs/ros2/include/rclcpp/rclcpp/callback_group.hpp:29:
[14.988s] In file included from /Users/lihong/miniconda3/envs/ros2/include/rclcpp/rclcpp/subscription_base.hpp:32:
[14.988s] /Users/lihong/miniconda3/envs/ros2/include/rclcpp/rclcpp/any_subscription_callback.hpp:391:7: warning: 'set_deprecated<sensor_msgs::msg::LaserScan_<std::allocator<void>>>' is deprecated: use 'void(std::shared_ptr<const MessageT>)' instead [-Wdeprecated-declarations]
[14.988s]   391 |       set_deprecated(static_cast<typename scbth::callback_type>(callback));
[14.988s]       |       ^
[14.988s] /Users/lihong/miniconda3/envs/ros2/include/rclcpp/rclcpp/subscription_factory.hpp:94:29: note: in instantiation of function template specialization 'rclcpp::AnySubscriptionCallback<sensor_msgs::msg::LaserScan_<std::allocator<void>>>::set<std::__bind<void (Turtlebot3Drive::*)(std::shared_ptr<sensor_msgs::msg::LaserScan_<std::allocator<void>>>), Turtlebot3Drive *, const std::placeholders::__ph<1> &>>' requested here
[14.989s]    94 |   any_subscription_callback.set(std::forward<CallbackT>(callback));
[14.989s]       |                             ^
[14.989s] /Users/lihong/miniconda3/envs/ros2/include/rclcpp/rclcpp/create_subscription.hpp:122:26: note: in instantiation of function template specialization 'rclcpp::create_subscription_factory<sensor_msgs::msg::LaserScan_<std::allocator<void>>, std::__bind<void (Turtlebot3Drive::*)(std::shared_ptr<sensor_msgs::msg::LaserScan_<std::allocator<void>>>), Turtlebot3Drive *, const std::placeholders::__ph<1> &>, std::allocator<void>, rclcpp::Subscription<sensor_msgs::msg::LaserScan_<std::allocator<void>>>, rclcpp::message_memory_strategy::MessageMemoryStrategy<sensor_msgs::msg::LaserScan_<std::allocator<void>>>, sensor_msgs::msg::LaserScan_<std::allocator<void>>>' requested here
[14.989s]   122 |   auto factory = rclcpp::create_subscription_factory<MessageT>(
[14.989s]       |                          ^
[14.989s] /Users/lihong/miniconda3/envs/ros2/include/rclcpp/rclcpp/create_subscription.hpp:190:26: note: in instantiation of function template specialization 'rclcpp::detail::create_subscription<sensor_msgs::msg::LaserScan_<std::allocator<void>>, std::__bind<void (Turtlebot3Drive::*)(std::shared_ptr<sensor_msgs::msg::LaserScan_<std::allocator<void>>>), Turtlebot3Drive *, const std::placeholders::__ph<1> &>, std::allocator<void>, rclcpp::Subscription<sensor_msgs::msg::LaserScan_<std::allocator<void>>>, rclcpp::message_memory_strategy::MessageMemoryStrategy<sensor_msgs::msg::LaserScan_<std::allocator<void>>>, rclcpp::Node, rclcpp::Node, sensor_msgs::msg::LaserScan_<std::allocator<void>>>' requested here
[14.989s]   190 |   return rclcpp::detail::create_subscription<
[14.989s]       |                          ^
[14.989s] /Users/lihong/miniconda3/envs/ros2/include/rclcpp/rclcpp/node_impl.hpp:99:18: note: in instantiation of function template specialization 'rclcpp::create_subscription<sensor_msgs::msg::LaserScan_<std::allocator<void>>, std::__bind<void (Turtlebot3Drive::*)(std::shared_ptr<sensor_msgs::msg::LaserScan_<std::allocator<void>>>), Turtlebot3Drive *, const std::placeholders::__ph<1> &>, std::allocator<void>, rclcpp::Subscription<sensor_msgs::msg::LaserScan_<std::allocator<void>>>, rclcpp::message_memory_strategy::MessageMemoryStrategy<sensor_msgs::msg::LaserScan_<std::allocator<void>>>, rclcpp::Node>' requested here
[14.989s]    99 |   return rclcpp::create_subscription<MessageT>(
[14.989s]       |                  ^
[14.989s] /Users/lihong/miniconda3/envs/ros2/csie_project_ws/turtlebot3/turtlebot3_simulations/turtlebot3_gazebo/src/turtlebot3_drive.cpp:45:21: note: in instantiation of function template specialization 'rclcpp::Node::create_subscription<sensor_msgs::msg::LaserScan_<std::allocator<void>>, std::__bind<void (Turtlebot3Drive::*)(std::shared_ptr<sensor_msgs::msg::LaserScan_<std::allocator<void>>>), Turtlebot3Drive *, const std::placeholders::__ph<1> &>, std::allocator<void>, rclcpp::Subscription<sensor_msgs::msg::LaserScan_<std::allocator<void>>>, rclcpp::message_memory_strategy::MessageMemoryStrategy<sensor_msgs::msg::LaserScan_<std::allocator<void>>>>' requested here
[14.989s]    45 |   scan_sub_ = this->create_subscription<sensor_msgs::msg::LaserScan>(
[14.989s]       |                     ^
[14.989s] /Users/lihong/miniconda3/envs/ros2/include/rclcpp/rclcpp/any_subscription_callback.hpp:405:5: note: 'set_deprecated<sensor_msgs::msg::LaserScan_<std::allocator<void>>>' has been explicitly marked deprecated here
[14.989s]   405 |   [[deprecated("use 'void(std::shared_ptr<const MessageT>)' instead")]]
[14.989s]       |     ^
[15.615s] /Users/lihong/miniconda3/envs/ros2/include/rclcpp/rclcpp/any_subscription_callback.hpp:391:7: warning: 'set_deprecated<nav_msgs::msg::Odometry_<std::allocator<void>>>' is deprecated: use 'void(std::shared_ptr<const MessageT>)' instead [-Wdeprecated-declarations]
[15.615s]   391 |       set_deprecated(static_cast<typename scbth::callback_type>(callback));
[15.615s]       |       ^
[15.615s] /Users/lihong/miniconda3/envs/ros2/include/rclcpp/rclcpp/subscription_factory.hpp:94:29: note: in instantiation of function template specialization 'rclcpp::AnySubscriptionCallback<nav_msgs::msg::Odometry_<std::allocator<void>>>::set<std::__bind<void (Turtlebot3Drive::*)(std::shared_ptr<nav_msgs::msg::Odometry_<std::allocator<void>>>), Turtlebot3Drive *, const std::placeholders::__ph<1> &>>' requested here
[15.615s]    94 |   any_subscription_callback.set(std::forward<CallbackT>(callback));
[15.615s]       |                             ^
[15.615s] /Users/lihong/miniconda3/envs/ros2/include/rclcpp/rclcpp/create_subscription.hpp:122:26: note: in instantiation of function template specialization 'rclcpp::create_subscription_factory<nav_msgs::msg::Odometry_<std::allocator<void>>, std::__bind<void (Turtlebot3Drive::*)(std::shared_ptr<nav_msgs::msg::Odometry_<std::allocator<void>>>), Turtlebot3Drive *, const std::placeholders::__ph<1> &>, std::allocator<void>, rclcpp::Subscription<nav_msgs::msg::Odometry_<std::allocator<void>>>, rclcpp::message_memory_strategy::MessageMemoryStrategy<nav_msgs::msg::Odometry_<std::allocator<void>>>, nav_msgs::msg::Odometry_<std::allocator<void>>>' requested here
[15.615s]   122 |   auto factory = rclcpp::create_subscription_factory<MessageT>(
[15.615s]       |                          ^
[15.618s] /Users/lihong/miniconda3/envs/ros2/include/rclcpp/rclcpp/create_subscription.hpp:190:26: note: in instantiation of function template specialization 'rclcpp::detail::create_subscription<nav_msgs::msg::Odometry_<std::allocator<void>>, std::__bind<void (Turtlebot3Drive::*)(std::shared_ptr<nav_msgs::msg::Odometry_<std::allocator<void>>>), Turtlebot3Drive *, const std::placeholders::__ph<1> &>, std::allocator<void>, rclcpp::Subscription<nav_msgs::msg::Odometry_<std::allocator<void>>>, rclcpp::message_memory_strategy::MessageMemoryStrategy<nav_msgs::msg::Odometry_<std::allocator<void>>>, rclcpp::Node, rclcpp::Node, nav_msgs::msg::Odometry_<std::allocator<void>>>' requested here
[15.618s]   190 |   return rclcpp::detail::create_subscription<
[15.618s]       |                          ^
[15.618s] /Users/lihong/miniconda3/envs/ros2/include/rclcpp/rclcpp/node_impl.hpp:99:18: note: in instantiation of function template specialization 'rclcpp::create_subscription<nav_msgs::msg::Odometry_<std::allocator<void>>, std::__bind<void (Turtlebot3Drive::*)(std::shared_ptr<nav_msgs::msg::Odometry_<std::allocator<void>>>), Turtlebot3Drive *, const std::placeholders::__ph<1> &>, std::allocator<void>, rclcpp::Subscription<nav_msgs::msg::Odometry_<std::allocator<void>>>, rclcpp::message_memory_strategy::MessageMemoryStrategy<nav_msgs::msg::Odometry_<std::allocator<void>>>, rclcpp::Node>' requested here
[15.618s]    99 |   return rclcpp::create_subscription<MessageT>(
[15.619s]       |                  ^
[15.619s] /Users/lihong/miniconda3/envs/ros2/csie_project_ws/turtlebot3/turtlebot3_simulations/turtlebot3_gazebo/src/turtlebot3_drive.cpp:52:21: note: in instantiation of function template specialization 'rclcpp::Node::create_subscription<nav_msgs::msg::Odometry_<std::allocator<void>>, std::__bind<void (Turtlebot3Drive::*)(std::shared_ptr<nav_msgs::msg::Odometry_<std::allocator<void>>>), Turtlebot3Drive *, const std::placeholders::__ph<1> &>, std::allocator<void>, rclcpp::Subscription<nav_msgs::msg::Odometry_<std::allocator<void>>>, rclcpp::message_memory_strategy::MessageMemoryStrategy<nav_msgs::msg::Odometry_<std::allocator<void>>>>' requested here
[15.619s]    52 |   odom_sub_ = this->create_subscription<nav_msgs::msg::Odometry>(
[15.619s]       |                     ^
[15.619s] /Users/lihong/miniconda3/envs/ros2/include/rclcpp/rclcpp/any_subscription_callback.hpp:405:5: note: 'set_deprecated<nav_msgs::msg::Odometry_<std::allocator<void>>>' has been explicitly marked deprecated here
[15.619s]   405 |   [[deprecated("use 'void(std::shared_ptr<const MessageT>)' instead")]]
[15.619s]       |     ^
[20.353s] [ 62%] Linking CXX shared library libobstacles.dylib
[20.463s] [ 62%] Built target obstacles
[20.566s] [ 75%] Linking CXX shared library libobstacle1.dylib
[20.589s] [ 87%] Linking CXX shared library libobstacle2.dylib
[20.690s] [ 87%] Built target obstacle2
[20.695s] [ 87%] Built target obstacle1
[20.737s] 2 warnings generated.
[20.758s] [100%] Linking CXX executable turtlebot3_drive
[20.847s] [100%] Built target turtlebot3_drive
[20.862s] Invoked command in '/Users/lihong/miniconda3/envs/ros2/csie_project_ws/build/turtlebot3_gazebo' returned '0': CONDA_PROMPT_MODIFIER=(ros2) SHLVL=2 _=/Users/lihong/miniconda3/envs/ros2/bin/env __CF_USER_TEXT_ENCODING=0x1F5:0x2:0x35 /Users/lihong/miniconda3/envs/ros2/bin/cmake --build /Users/lihong/miniconda3/envs/ros2/csie_project_ws/build/turtlebot3_gazebo -- -j8 -l8
[20.955s] Invoking command in '/Users/lihong/miniconda3/envs/ros2/csie_project_ws/build/turtlebot3_gazebo': CONDA_PROMPT_MODIFIER=(ros2) SHLVL=2 _=/Users/lihong/miniconda3/envs/ros2/bin/env __CF_USER_TEXT_ENCODING=0x1F5:0x2:0x35 /Users/lihong/miniconda3/envs/ros2/bin/cmake --install /Users/lihong/miniconda3/envs/ros2/csie_project_ws/build/turtlebot3_gazebo
[20.967s] -- Install configuration: ""
[20.967s] -- Installing: /Users/lihong/miniconda3/envs/ros2/csie_project_ws/install/turtlebot3_gazebo/lib/turtlebot3_gazebo/turtlebot3_drive
[20.971s] /Users/lihong/miniconda3/envs/ros2/bin/install_name_tool: warning: changes being made to the file will invalidate the code signature in: /Users/lihong/miniconda3/envs/ros2/csie_project_ws/install/turtlebot3_gazebo/lib/turtlebot3_gazebo/turtlebot3_drive
[20.972s] [cctools-port]: generating fake signature for '/Users/lihong/miniconda3/envs/ros2/csie_project_ws/install/turtlebot3_gazebo/lib/turtlebot3_gazebo/turtlebot3_drive'
[20.988s] -- Installing: /Users/lihong/miniconda3/envs/ros2/csie_project_ws/install/turtlebot3_gazebo/share/turtlebot3_gazebo//launch
[20.989s] -- Installing: /Users/lihong/miniconda3/envs/ros2/csie_project_ws/install/turtlebot3_gazebo/share/turtlebot3_gazebo//launch/turtlebot3_world.launch.py
[20.989s] -- Installing: /Users/lihong/miniconda3/envs/ros2/csie_project_ws/install/turtlebot3_gazebo/share/turtlebot3_gazebo//launch/robot_state_publisher.launch.py
[20.990s] -- Installing: /Users/lihong/miniconda3/envs/ros2/csie_project_ws/install/turtlebot3_gazebo/share/turtlebot3_gazebo//launch/.DS_Store
[20.990s] -- Installing: /Users/lihong/miniconda3/envs/ros2/csie_project_ws/install/turtlebot3_gazebo/share/turtlebot3_gazebo//launch/empty_world.launch.py
[20.991s] -- Installing: /Users/lihong/miniconda3/envs/ros2/csie_project_ws/install/turtlebot3_gazebo/share/turtlebot3_gazebo//launch/turtlebot3_dqn_stage1.launch.py
[20.991s] -- Installing: /Users/lihong/miniconda3/envs/ros2/csie_project_ws/install/turtlebot3_gazebo/share/turtlebot3_gazebo//launch/turtlebot3_house.launch.py
[20.992s] -- Installing: /Users/lihong/miniconda3/envs/ros2/csie_project_ws/install/turtlebot3_gazebo/share/turtlebot3_gazebo//launch/turtlebot3_dqn_stage4.launch.py
[20.992s] -- Installing: /Users/lihong/miniconda3/envs/ros2/csie_project_ws/install/turtlebot3_gazebo/share/turtlebot3_gazebo//launch/turtlebot3_dqn_stage2.launch.py
[20.993s] -- Installing: /Users/lihong/miniconda3/envs/ros2/csie_project_ws/install/turtlebot3_gazebo/share/turtlebot3_gazebo//launch/my_world.launch.py
[20.993s] -- Installing: /Users/lihong/miniconda3/envs/ros2/csie_project_ws/install/turtlebot3_gazebo/share/turtlebot3_gazebo//launch/spawn_turtlebot3.launch.py
[20.993s] -- Installing: /Users/lihong/miniconda3/envs/ros2/csie_project_ws/install/turtlebot3_gazebo/share/turtlebot3_gazebo//launch/turtlebot3_dqn_stage3.launch.py
[20.993s] -- Installing: /Users/lihong/miniconda3/envs/ros2/csie_project_ws/install/turtlebot3_gazebo/share/turtlebot3_gazebo//models
[20.994s] -- Installing: /Users/lihong/miniconda3/envs/ros2/csie_project_ws/install/turtlebot3_gazebo/share/turtlebot3_gazebo//models/turtlebot3_waffle_pi
[20.994s] -- Installing: /Users/lihong/miniconda3/envs/ros2/csie_project_ws/install/turtlebot3_gazebo/share/turtlebot3_gazebo//models/turtlebot3_waffle_pi/model-1_4_.sdf
[20.994s] -- Installing: /Users/lihong/miniconda3/envs/ros2/csie_project_ws/install/turtlebot3_gazebo/share/turtlebot3_gazebo//models/turtlebot3_waffle_pi/model.sdf
[20.994s] -- Installing: /Users/lihong/miniconda3/envs/ros2/csie_project_ws/install/turtlebot3_gazebo/share/turtlebot3_gazebo//models/turtlebot3_waffle_pi/model.config
[20.995s] -- Installing: /Users/lihong/miniconda3/envs/ros2/csie_project_ws/install/turtlebot3_gazebo/share/turtlebot3_gazebo//models/turtlebot3_house
[20.995s] -- Installing: /Users/lihong/miniconda3/envs/ros2/csie_project_ws/install/turtlebot3_gazebo/share/turtlebot3_gazebo//models/turtlebot3_house/model.sdf
[20.996s] -- Installing: /Users/lihong/miniconda3/envs/ros2/csie_project_ws/install/turtlebot3_gazebo/share/turtlebot3_gazebo//models/turtlebot3_house/model.config
[20.997s] -- Installing: /Users/lihong/miniconda3/envs/ros2/csie_project_ws/install/turtlebot3_gazebo/share/turtlebot3_gazebo//models/turtlebot3_waffle
[20.997s] -- Installing: /Users/lihong/miniconda3/envs/ros2/csie_project_ws/install/turtlebot3_gazebo/share/turtlebot3_gazebo//models/turtlebot3_waffle/model.sdf
[20.998s] -- Installing: /Users/lihong/miniconda3/envs/ros2/csie_project_ws/install/turtlebot3_gazebo/share/turtlebot3_gazebo//models/turtlebot3_waffle/model.config
[20.998s] -- Installing: /Users/lihong/miniconda3/envs/ros2/csie_project_ws/install/turtlebot3_gazebo/share/turtlebot3_gazebo//models/turtlebot3_waffle/model-1_4.sdf
[20.999s] -- Installing: /Users/lihong/miniconda3/envs/ros2/csie_project_ws/install/turtlebot3_gazebo/share/turtlebot3_gazebo//models/turtlebot3_common
[20.999s] -- Installing: /Users/lihong/miniconda3/envs/ros2/csie_project_ws/install/turtlebot3_gazebo/share/turtlebot3_gazebo//models/turtlebot3_common/meshes
[20.999s] -- Installing: /Users/lihong/miniconda3/envs/ros2/csie_project_ws/install/turtlebot3_gazebo/share/turtlebot3_gazebo//models/turtlebot3_common/meshes/lds.dae
[20.999s] -- Installing: /Users/lihong/miniconda3/envs/ros2/csie_project_ws/install/turtlebot3_gazebo/share/turtlebot3_gazebo//models/turtlebot3_common/meshes/waffle_pi_base.dae
[21.000s] -- Installing: /Users/lihong/miniconda3/envs/ros2/csie_project_ws/install/turtlebot3_gazebo/share/turtlebot3_gazebo//models/turtlebot3_common/meshes/r200.dae
[21.000s] -- Installing: /Users/lihong/miniconda3/envs/ros2/csie_project_ws/install/turtlebot3_gazebo/share/turtlebot3_gazebo//models/turtlebot3_common/meshes/burger_base.dae
[21.001s] -- Installing: /Users/lihong/miniconda3/envs/ros2/csie_project_ws/install/turtlebot3_gazebo/share/turtlebot3_gazebo//models/turtlebot3_common/meshes/tire.dae
[21.001s] -- Installing: /Users/lihong/miniconda3/envs/ros2/csie_project_ws/install/turtlebot3_gazebo/share/turtlebot3_gazebo//models/turtlebot3_common/meshes/waffle_base.dae
[21.002s] -- Installing: /Users/lihong/miniconda3/envs/ros2/csie_project_ws/install/turtlebot3_gazebo/share/turtlebot3_gazebo//models/turtlebot3_common/model.config
[21.002s] -- Installing: /Users/lihong/miniconda3/envs/ros2/csie_project_ws/install/turtlebot3_gazebo/share/turtlebot3_gazebo//models/turtlebot3_world
[21.002s] -- Installing: /Users/lihong/miniconda3/envs/ros2/csie_project_ws/install/turtlebot3_gazebo/share/turtlebot3_gazebo//models/turtlebot3_world/model.sdf
[21.002s] -- Installing: /Users/lihong/miniconda3/envs/ros2/csie_project_ws/install/turtlebot3_gazebo/share/turtlebot3_gazebo//models/turtlebot3_world/meshes
[21.002s] -- Installing: /Users/lihong/miniconda3/envs/ros2/csie_project_ws/install/turtlebot3_gazebo/share/turtlebot3_gazebo//models/turtlebot3_world/meshes/wall.dae
[21.003s] -- Installing: /Users/lihong/miniconda3/envs/ros2/csie_project_ws/install/turtlebot3_gazebo/share/turtlebot3_gazebo//models/turtlebot3_world/meshes/hexagon.dae
[21.003s] -- Installing: /Users/lihong/miniconda3/envs/ros2/csie_project_ws/install/turtlebot3_gazebo/share/turtlebot3_gazebo//models/turtlebot3_world/model.config
[21.004s] -- Installing: /Users/lihong/miniconda3/envs/ros2/csie_project_ws/install/turtlebot3_gazebo/share/turtlebot3_gazebo//models/turtlebot3_world/model-1_4.sdf
[21.004s] -- Installing: /Users/lihong/miniconda3/envs/ros2/csie_project_ws/install/turtlebot3_gazebo/share/turtlebot3_gazebo//models/turtlebot3_burger
[21.004s] -- Installing: /Users/lihong/miniconda3/envs/ros2/csie_project_ws/install/turtlebot3_gazebo/share/turtlebot3_gazebo//models/turtlebot3_burger/model.sdf
[21.004s] -- Installing: /Users/lihong/miniconda3/envs/ros2/csie_project_ws/install/turtlebot3_gazebo/share/turtlebot3_gazebo//models/turtlebot3_burger/model.config
[21.005s] -- Installing: /Users/lihong/miniconda3/envs/ros2/csie_project_ws/install/turtlebot3_gazebo/share/turtlebot3_gazebo//models/turtlebot3_burger/model-1_4.sdf
[21.005s] -- Installing: /Users/lihong/miniconda3/envs/ros2/csie_project_ws/install/turtlebot3_gazebo/share/turtlebot3_gazebo//models/turtlebot3_dqn_world
[21.005s] -- Installing: /Users/lihong/miniconda3/envs/ros2/csie_project_ws/install/turtlebot3_gazebo/share/turtlebot3_gazebo//models/turtlebot3_dqn_world/obstacles
[21.005s] -- Installing: /Users/lihong/miniconda3/envs/ros2/csie_project_ws/install/turtlebot3_gazebo/share/turtlebot3_gazebo//models/turtlebot3_dqn_world/obstacles/model.sdf
[21.006s] -- Installing: /Users/lihong/miniconda3/envs/ros2/csie_project_ws/install/turtlebot3_gazebo/share/turtlebot3_gazebo//models/turtlebot3_dqn_world/obstacles/model.config
[21.006s] -- Installing: /Users/lihong/miniconda3/envs/ros2/csie_project_ws/install/turtlebot3_gazebo/share/turtlebot3_gazebo//models/turtlebot3_dqn_world/obstacle1
[21.006s] -- Installing: /Users/lihong/miniconda3/envs/ros2/csie_project_ws/install/turtlebot3_gazebo/share/turtlebot3_gazebo//models/turtlebot3_dqn_world/obstacle1/model.sdf
[21.007s] -- Installing: /Users/lihong/miniconda3/envs/ros2/csie_project_ws/install/turtlebot3_gazebo/share/turtlebot3_gazebo//models/turtlebot3_dqn_world/obstacle1/model.config
[21.007s] -- Installing: /Users/lihong/miniconda3/envs/ros2/csie_project_ws/install/turtlebot3_gazebo/share/turtlebot3_gazebo//models/turtlebot3_dqn_world/model.sdf
[21.008s] -- Installing: /Users/lihong/miniconda3/envs/ros2/csie_project_ws/install/turtlebot3_gazebo/share/turtlebot3_gazebo//models/turtlebot3_dqn_world/obstacle2
[21.008s] -- Installing: /Users/lihong/miniconda3/envs/ros2/csie_project_ws/install/turtlebot3_gazebo/share/turtlebot3_gazebo//models/turtlebot3_dqn_world/obstacle2/model.sdf
[21.008s] -- Installing: /Users/lihong/miniconda3/envs/ros2/csie_project_ws/install/turtlebot3_gazebo/share/turtlebot3_gazebo//models/turtlebot3_dqn_world/obstacle2/model.config
[21.009s] -- Installing: /Users/lihong/miniconda3/envs/ros2/csie_project_ws/install/turtlebot3_gazebo/share/turtlebot3_gazebo//models/turtlebot3_dqn_world/obstacle_plugin
[21.009s] -- Installing: /Users/lihong/miniconda3/envs/ros2/csie_project_ws/install/turtlebot3_gazebo/share/turtlebot3_gazebo//models/turtlebot3_dqn_world/obstacle_plugin/obstacle2.cc
[21.009s] -- Installing: /Users/lihong/miniconda3/envs/ros2/csie_project_ws/install/turtlebot3_gazebo/share/turtlebot3_gazebo//models/turtlebot3_dqn_world/obstacle_plugin/CMakeLists.txt
[21.009s] -- Installing: /Users/lihong/miniconda3/envs/ros2/csie_project_ws/install/turtlebot3_gazebo/share/turtlebot3_gazebo//models/turtlebot3_dqn_world/obstacle_plugin/obstacles.cc
[21.010s] -- Installing: /Users/lihong/miniconda3/envs/ros2/csie_project_ws/install/turtlebot3_gazebo/share/turtlebot3_gazebo//models/turtlebot3_dqn_world/obstacle_plugin/obstacle1.cc
[21.010s] -- Installing: /Users/lihong/miniconda3/envs/ros2/csie_project_ws/install/turtlebot3_gazebo/share/turtlebot3_gazebo//models/turtlebot3_dqn_world/inner_walls
[21.010s] -- Installing: /Users/lihong/miniconda3/envs/ros2/csie_project_ws/install/turtlebot3_gazebo/share/turtlebot3_gazebo//models/turtlebot3_dqn_world/inner_walls/model.sdf
[21.010s] -- Installing: /Users/lihong/miniconda3/envs/ros2/csie_project_ws/install/turtlebot3_gazebo/share/turtlebot3_gazebo//models/turtlebot3_dqn_world/inner_walls/model.config
[21.011s] -- Installing: /Users/lihong/miniconda3/envs/ros2/csie_project_ws/install/turtlebot3_gazebo/share/turtlebot3_gazebo//models/turtlebot3_dqn_world/goal_box
[21.011s] -- Installing: /Users/lihong/miniconda3/envs/ros2/csie_project_ws/install/turtlebot3_gazebo/share/turtlebot3_gazebo//models/turtlebot3_dqn_world/goal_box/model.sdf
[21.011s] -- Installing: /Users/lihong/miniconda3/envs/ros2/csie_project_ws/install/turtlebot3_gazebo/share/turtlebot3_gazebo//models/turtlebot3_dqn_world/goal_box/model.config
[21.012s] -- Installing: /Users/lihong/miniconda3/envs/ros2/csie_project_ws/install/turtlebot3_gazebo/share/turtlebot3_gazebo//models/turtlebot3_dqn_world/model.config
[21.012s] -- Installing: /Users/lihong/miniconda3/envs/ros2/csie_project_ws/install/turtlebot3_gazebo/share/turtlebot3_gazebo//rviz
[21.012s] -- Installing: /Users/lihong/miniconda3/envs/ros2/csie_project_ws/install/turtlebot3_gazebo/share/turtlebot3_gazebo//rviz/tb3_gazebo.rviz
[21.013s] -- Installing: /Users/lihong/miniconda3/envs/ros2/csie_project_ws/install/turtlebot3_gazebo/share/turtlebot3_gazebo//urdf
[21.013s] -- Installing: /Users/lihong/miniconda3/envs/ros2/csie_project_ws/install/turtlebot3_gazebo/share/turtlebot3_gazebo//urdf/common_properties.urdf
[21.013s] -- Installing: /Users/lihong/miniconda3/envs/ros2/csie_project_ws/install/turtlebot3_gazebo/share/turtlebot3_gazebo//urdf/turtlebot3_burger.urdf
[21.013s] -- Installing: /Users/lihong/miniconda3/envs/ros2/csie_project_ws/install/turtlebot3_gazebo/share/turtlebot3_gazebo//urdf/turtlebot3_waffle_pi.urdf
[21.014s] -- Installing: /Users/lihong/miniconda3/envs/ros2/csie_project_ws/install/turtlebot3_gazebo/share/turtlebot3_gazebo//urdf/turtlebot3_waffle.urdf
[21.014s] -- Installing: /Users/lihong/miniconda3/envs/ros2/csie_project_ws/install/turtlebot3_gazebo/share/turtlebot3_gazebo//worlds
[21.014s] -- Installing: /Users/lihong/miniconda3/envs/ros2/csie_project_ws/install/turtlebot3_gazebo/share/turtlebot3_gazebo//worlds/turtlebot3_dqn_stage2.world
[21.014s] -- Installing: /Users/lihong/miniconda3/envs/ros2/csie_project_ws/install/turtlebot3_gazebo/share/turtlebot3_gazebo//worlds/turtlebot3_world.world
[21.015s] -- Installing: /Users/lihong/miniconda3/envs/ros2/csie_project_ws/install/turtlebot3_gazebo/share/turtlebot3_gazebo//worlds/turtlebot3_dqn_stage4.world
[21.015s] -- Installing: /Users/lihong/miniconda3/envs/ros2/csie_project_ws/install/turtlebot3_gazebo/share/turtlebot3_gazebo//worlds/turtlebot3_dqn_stage1.world
[21.016s] -- Installing: /Users/lihong/miniconda3/envs/ros2/csie_project_ws/install/turtlebot3_gazebo/share/turtlebot3_gazebo//worlds/turtlebot3_house.world
[21.016s] -- Installing: /Users/lihong/miniconda3/envs/ros2/csie_project_ws/install/turtlebot3_gazebo/share/turtlebot3_gazebo//worlds/turtlebot3_dqn_stage3.world
[21.016s] -- Installing: /Users/lihong/miniconda3/envs/ros2/csie_project_ws/install/turtlebot3_gazebo/share/turtlebot3_gazebo//worlds/empty_world.world
[21.017s] -- Installing: /Users/lihong/miniconda3/envs/ros2/csie_project_ws/install/turtlebot3_gazebo/include/
[21.017s] -- Installing: /Users/lihong/miniconda3/envs/ros2/csie_project_ws/install/turtlebot3_gazebo/include//.DS_Store
[21.017s] -- Installing: /Users/lihong/miniconda3/envs/ros2/csie_project_ws/install/turtlebot3_gazebo/include//turtlebot3_gazebo
[21.017s] -- Installing: /Users/lihong/miniconda3/envs/ros2/csie_project_ws/install/turtlebot3_gazebo/include//turtlebot3_gazebo/turtlebot3_drive.hpp
[21.018s] -- Installing: /Users/lihong/miniconda3/envs/ros2/csie_project_ws/install/turtlebot3_gazebo/share/ament_index/resource_index/package_run_dependencies/turtlebot3_gazebo
[21.018s] -- Installing: /Users/lihong/miniconda3/envs/ros2/csie_project_ws/install/turtlebot3_gazebo/share/ament_index/resource_index/parent_prefix_path/turtlebot3_gazebo
[21.018s] -- Installing: /Users/lihong/miniconda3/envs/ros2/csie_project_ws/install/turtlebot3_gazebo/share/turtlebot3_gazebo/environment/ament_prefix_path.sh
[21.019s] -- Installing: /Users/lihong/miniconda3/envs/ros2/csie_project_ws/install/turtlebot3_gazebo/share/turtlebot3_gazebo/environment/ament_prefix_path.dsv
[21.019s] -- Installing: /Users/lihong/miniconda3/envs/ros2/csie_project_ws/install/turtlebot3_gazebo/share/turtlebot3_gazebo/environment/path.sh
[21.019s] -- Installing: /Users/lihong/miniconda3/envs/ros2/csie_project_ws/install/turtlebot3_gazebo/share/turtlebot3_gazebo/environment/path.dsv
[21.019s] -- Installing: /Users/lihong/miniconda3/envs/ros2/csie_project_ws/install/turtlebot3_gazebo/share/turtlebot3_gazebo/local_setup.bash
[21.019s] -- Installing: /Users/lihong/miniconda3/envs/ros2/csie_project_ws/install/turtlebot3_gazebo/share/turtlebot3_gazebo/local_setup.sh
[21.020s] -- Installing: /Users/lihong/miniconda3/envs/ros2/csie_project_ws/install/turtlebot3_gazebo/share/turtlebot3_gazebo/local_setup.zsh
[21.020s] -- Installing: /Users/lihong/miniconda3/envs/ros2/csie_project_ws/install/turtlebot3_gazebo/share/turtlebot3_gazebo/local_setup.dsv
[21.020s] -- Installing: /Users/lihong/miniconda3/envs/ros2/csie_project_ws/install/turtlebot3_gazebo/share/turtlebot3_gazebo/package.dsv
[21.021s] -- Installing: /Users/lihong/miniconda3/envs/ros2/csie_project_ws/install/turtlebot3_gazebo/share/ament_index/resource_index/packages/turtlebot3_gazebo
[21.021s] -- Installing: /Users/lihong/miniconda3/envs/ros2/csie_project_ws/install/turtlebot3_gazebo/share/turtlebot3_gazebo/cmake/ament_cmake_export_include_directories-extras.cmake
[21.022s] -- Installing: /Users/lihong/miniconda3/envs/ros2/csie_project_ws/install/turtlebot3_gazebo/share/turtlebot3_gazebo/cmake/ament_cmake_export_dependencies-extras.cmake
[21.022s] -- Installing: /Users/lihong/miniconda3/envs/ros2/csie_project_ws/install/turtlebot3_gazebo/share/turtlebot3_gazebo/cmake/turtlebot3_gazeboConfig.cmake
[21.022s] -- Installing: /Users/lihong/miniconda3/envs/ros2/csie_project_ws/install/turtlebot3_gazebo/share/turtlebot3_gazebo/cmake/turtlebot3_gazeboConfig-version.cmake
[21.022s] -- Installing: /Users/lihong/miniconda3/envs/ros2/csie_project_ws/install/turtlebot3_gazebo/share/turtlebot3_gazebo/package.xml
[21.024s] Invoked command in '/Users/lihong/miniconda3/envs/ros2/csie_project_ws/build/turtlebot3_gazebo' returned '0': CONDA_PROMPT_MODIFIER=(ros2) SHLVL=2 _=/Users/lihong/miniconda3/envs/ros2/bin/env __CF_USER_TEXT_ENCODING=0x1F5:0x2:0x35 /Users/lihong/miniconda3/envs/ros2/bin/cmake --install /Users/lihong/miniconda3/envs/ros2/csie_project_ws/build/turtlebot3_gazebo
