[0.013s] Invoking command in '/Users/lihong/miniconda3/envs/ros2/csie_project_ws/build/my_robot_car': CONDA_PROMPT_MODIFIER=(ros2) SHLVL=2 _=/Users/lihong/miniconda3/envs/ros2/bin/env __CF_USER_TEXT_ENCODING=0x1F5:0x2:0x35 /Users/lihong/miniconda3/envs/ros2/bin/cmake /Users/lihong/miniconda3/envs/ros2/csie_project_ws/src/my_robot_car -DPython3_EXECUTABLE=/Users/lihong/miniconda3/envs/ros2/bin/python3.11 -DPython3_NumPy_INCLUDE_DIR=/Users/lihong/miniconda3/envs/ros2/lib/python3.11/site-packages/numpy/core/include -DCMAKE_INSTALL_PREFIX=/Users/lihong/miniconda3/envs/ros2/csie_project_ws/install/my_robot_car
[0.023s] CMake Deprecation Warning at CMakeLists.txt:1 (cmake_minimum_required):
[0.023s]   Compatibility with CMake < 3.10 will be removed from a future version of
[0.023s]   CMake.
[0.024s] 
[0.024s]   Update the VERSION argument <min> value.  Or, use the <min>...<max> syntax
[0.024s]   to tell CMake that the project requires at least <min> but has been updated
[0.024s]   to work with policies introduced by <max> or earlier.
[0.024s] 
[0.024s] 
[0.208s] -- The C compiler identification is Clang 18.1.8
[0.404s] -- The CXX compiler identification is Clang 18.1.8
[0.415s] -- Detecting C compiler ABI info
[0.586s] -- Detecting C compiler ABI info - done
[0.587s] -- Check for working C compiler: /Users/lihong/miniconda3/envs/ros2/bin/arm64-apple-darwin20.0.0-clang - skipped
[0.587s] -- Detecting C compile features
[0.587s] -- Detecting C compile features - done
[0.593s] -- Detecting CXX compiler ABI info
[0.757s] -- Detecting CXX compiler ABI info - done
[0.763s] -- Check for working CXX compiler: /Users/lihong/miniconda3/envs/ros2/bin/arm64-apple-darwin20.0.0-clang++ - skipped
[0.763s] -- Detecting CXX compile features
[0.764s] -- Detecting CXX compile features - done
[0.784s] -- Found ament_cmake: 1.3.11 (/Users/lihong/miniconda3/envs/ros2/share/ament_cmake/cmake)
[0.912s] -- Found Python3: /Users/lihong/miniconda3/envs/ros2/bin/python3.11 (found version "3.11.11") found components: Interpreter
[1.182s] -- Found rclcpp: 16.0.11 (/Users/lihong/miniconda3/envs/ros2/share/rclcpp/cmake)
[1.327s] -- Found rosidl_generator_c: 3.1.6 (/Users/lihong/miniconda3/envs/ros2/share/rosidl_generator_c/cmake)
[1.349s] -- Found rosidl_adapter: 3.1.6 (/Users/lihong/miniconda3/envs/ros2/share/rosidl_adapter/cmake)
[1.378s] -- Found rosidl_generator_cpp: 3.1.6 (/Users/lihong/miniconda3/envs/ros2/share/rosidl_generator_cpp/cmake)
[1.414s] -- Using all available rosidl_typesupport_c: rosidl_typesupport_fastrtps_c;rosidl_typesupport_introspection_c
[1.465s] -- Using all available rosidl_typesupport_cpp: rosidl_typesupport_fastrtps_cpp;rosidl_typesupport_introspection_cpp
[1.612s] -- Checking for module 'yaml-0.1'
[1.734s] --   Found yaml-0.1, version 0.2.5
[2.094s] -- Found rmw_implementation_cmake: 6.1.2 (/Users/lihong/miniconda3/envs/ros2/share/rmw_implementation_cmake/cmake)
[2.104s] -- Found rmw_fastrtps_cpp: 6.2.7 (/Users/lihong/miniconda3/envs/ros2/share/rmw_fastrtps_cpp/cmake)
[2.681s] -- Found OpenSSL: /opt/homebrew/opt/openssl@3/lib/libcrypto.dylib (found version "3.4.0")
[2.790s] -- Found FastRTPS: /Users/lihong/miniconda3/envs/ros2/include
[2.858s] -- Using RMW implementation 'rmw_fastrtps_cpp' as default
[2.883s] -- Performing Test CMAKE_HAVE_LIBC_PTHREAD
[3.042s] -- Performing Test CMAKE_HAVE_LIBC_PTHREAD - Success
[3.043s] -- Found Threads: TRUE
[3.112s] -- Found std_msgs: 4.2.4 (/Users/lihong/miniconda3/envs/ros2/share/std_msgs/cmake)
[3.137s] -- Found sensor_msgs: 4.2.4 (/Users/lihong/miniconda3/envs/ros2/share/sensor_msgs/cmake)
[3.251s] -- Configuring done (3.2s)
[3.281s] -- Generating done (0.0s)
[3.281s] CMake Warning:
[3.281s]   Manually-specified variables were not used by the project:
[3.281s] 
[3.281s]     Python3_NumPy_INCLUDE_DIR
[3.281s] 
[3.281s] 
[3.281s] -- Build files have been written to: /Users/lihong/miniconda3/envs/ros2/csie_project_ws/build/my_robot_car
[3.285s] Invoked command in '/Users/lihong/miniconda3/envs/ros2/csie_project_ws/build/my_robot_car' returned '0': CONDA_PROMPT_MODIFIER=(ros2) SHLVL=2 _=/Users/lihong/miniconda3/envs/ros2/bin/env __CF_USER_TEXT_ENCODING=0x1F5:0x2:0x35 /Users/lihong/miniconda3/envs/ros2/bin/cmake /Users/lihong/miniconda3/envs/ros2/csie_project_ws/src/my_robot_car -DPython3_EXECUTABLE=/Users/lihong/miniconda3/envs/ros2/bin/python3.11 -DPython3_NumPy_INCLUDE_DIR=/Users/lihong/miniconda3/envs/ros2/lib/python3.11/site-packages/numpy/core/include -DCMAKE_INSTALL_PREFIX=/Users/lihong/miniconda3/envs/ros2/csie_project_ws/install/my_robot_car
[3.285s] Invoking command in '/Users/lihong/miniconda3/envs/ros2/csie_project_ws/build/my_robot_car': CONDA_PROMPT_MODIFIER=(ros2) SHLVL=2 _=/Users/lihong/miniconda3/envs/ros2/bin/env __CF_USER_TEXT_ENCODING=0x1F5:0x2:0x35 /Users/lihong/miniconda3/envs/ros2/bin/cmake --build /Users/lihong/miniconda3/envs/ros2/csie_project_ws/build/my_robot_car -- -j8 -l8
[3.349s] Invoked command in '/Users/lihong/miniconda3/envs/ros2/csie_project_ws/build/my_robot_car' returned '0': CONDA_PROMPT_MODIFIER=(ros2) SHLVL=2 _=/Users/lihong/miniconda3/envs/ros2/bin/env __CF_USER_TEXT_ENCODING=0x1F5:0x2:0x35 /Users/lihong/miniconda3/envs/ros2/bin/cmake --build /Users/lihong/miniconda3/envs/ros2/csie_project_ws/build/my_robot_car -- -j8 -l8
[3.446s] Invoking command in '/Users/lihong/miniconda3/envs/ros2/csie_project_ws/build/my_robot_car': CONDA_PROMPT_MODIFIER=(ros2) SHLVL=2 _=/Users/lihong/miniconda3/envs/ros2/bin/env __CF_USER_TEXT_ENCODING=0x1F5:0x2:0x35 /Users/lihong/miniconda3/envs/ros2/bin/cmake --install /Users/lihong/miniconda3/envs/ros2/csie_project_ws/build/my_robot_car
[3.465s] -- Install configuration: ""
[3.465s] -- Installing: /Users/lihong/miniconda3/envs/ros2/csie_project_ws/install/my_robot_car/lib/my_robot_car/ball_detector.py
[3.465s] -- Installing: /Users/lihong/miniconda3/envs/ros2/csie_project_ws/install/my_robot_car/lib/my_robot_car/launcher_controller.py
[3.466s] -- Installing: /Users/lihong/miniconda3/envs/ros2/csie_project_ws/install/my_robot_car/share/my_robot_car/launch
[3.466s] -- Installing: /Users/lihong/miniconda3/envs/ros2/csie_project_ws/install/my_robot_car/share/my_robot_car/launch/gazebo.launch.py
[3.466s] -- Installing: /Users/lihong/miniconda3/envs/ros2/csie_project_ws/install/my_robot_car/share/ament_index/resource_index/package_run_dependencies/my_robot_car
[3.467s] -- Installing: /Users/lihong/miniconda3/envs/ros2/csie_project_ws/install/my_robot_car/share/ament_index/resource_index/parent_prefix_path/my_robot_car
[3.468s] -- Installing: /Users/lihong/miniconda3/envs/ros2/csie_project_ws/install/my_robot_car/share/my_robot_car/environment/ament_prefix_path.sh
[3.469s] -- Installing: /Users/lihong/miniconda3/envs/ros2/csie_project_ws/install/my_robot_car/share/my_robot_car/environment/ament_prefix_path.dsv
[3.470s] -- Installing: /Users/lihong/miniconda3/envs/ros2/csie_project_ws/install/my_robot_car/share/my_robot_car/environment/path.sh
[3.471s] -- Installing: /Users/lihong/miniconda3/envs/ros2/csie_project_ws/install/my_robot_car/share/my_robot_car/environment/path.dsv
[3.472s] -- Installing: /Users/lihong/miniconda3/envs/ros2/csie_project_ws/install/my_robot_car/share/my_robot_car/local_setup.bash
[3.473s] -- Installing: /Users/lihong/miniconda3/envs/ros2/csie_project_ws/install/my_robot_car/share/my_robot_car/local_setup.sh
[3.474s] -- Installing: /Users/lihong/miniconda3/envs/ros2/csie_project_ws/install/my_robot_car/share/my_robot_car/local_setup.zsh
[3.475s] -- Installing: /Users/lihong/miniconda3/envs/ros2/csie_project_ws/install/my_robot_car/share/my_robot_car/local_setup.dsv
[3.475s] -- Installing: /Users/lihong/miniconda3/envs/ros2/csie_project_ws/install/my_robot_car/share/my_robot_car/package.dsv
[3.475s] -- Installing: /Users/lihong/miniconda3/envs/ros2/csie_project_ws/install/my_robot_car/share/ament_index/resource_index/packages/my_robot_car
[3.476s] -- Installing: /Users/lihong/miniconda3/envs/ros2/csie_project_ws/install/my_robot_car/share/my_robot_car/cmake/my_robot_carConfig.cmake
[3.476s] -- Installing: /Users/lihong/miniconda3/envs/ros2/csie_project_ws/install/my_robot_car/share/my_robot_car/cmake/my_robot_carConfig-version.cmake
[3.476s] -- Installing: /Users/lihong/miniconda3/envs/ros2/csie_project_ws/install/my_robot_car/share/my_robot_car/package.xml
[3.478s] Invoked command in '/Users/lihong/miniconda3/envs/ros2/csie_project_ws/build/my_robot_car' returned '0': CONDA_PROMPT_MODIFIER=(ros2) SHLVL=2 _=/Users/lihong/miniconda3/envs/ros2/bin/env __CF_USER_TEXT_ENCODING=0x1F5:0x2:0x35 /Users/lihong/miniconda3/envs/ros2/bin/cmake --install /Users/lihong/miniconda3/envs/ros2/csie_project_ws/build/my_robot_car
