-- The C compiler identification is Clang 15.0.7
-- The CXX compiler identification is Clang 15.0.7
-- Detecting C compiler ABI info
-- Detecting C compiler ABI info - done
-- Check for working C compiler: /Users/lihong/miniconda3/envs/ros2/bin/arm64-apple-darwin20.0.0-clang - skipped
-- Detecting C compile features
-- Detecting C compile features - done
-- Detecting CXX compiler ABI info
-- Detecting CXX compiler ABI info - done
-- Check for working CXX compiler: /Users/lihong/miniconda3/envs/ros2/bin/arm64-apple-darwin20.0.0-clang++ - skipped
-- Detecting CXX compile features
-- Detecting CXX compile features - done
-- Found ament_cmake: 1.3.7 (/Users/lihong/miniconda3/envs/ros2/share/ament_cmake/cmake)
-- Found Python3: /Users/lihong/miniconda3/envs/ros2/bin/python3.11 (found version "3.11.8") found components: Interpreter 
-- Override CMake install command with custom implementation using symlinks instead of copying resources
-- Found rclcpp: 16.0.8 (/Users/lihong/miniconda3/envs/ros2/share/rclcpp/cmake)
-- Found rosidl_generator_c: 3.1.5 (/Users/lihong/miniconda3/envs/ros2/share/rosidl_generator_c/cmake)
-- Found rosidl_adapter: 3.1.5 (/Users/lihong/miniconda3/envs/ros2/share/rosidl_adapter/cmake)
-- Found rosidl_generator_cpp: 3.1.5 (/Users/lihong/miniconda3/envs/ros2/share/rosidl_generator_cpp/cmake)
-- Using all available rosidl_typesupport_c: rosidl_typesupport_fastrtps_c;rosidl_typesupport_introspection_c
-- Using all available rosidl_typesupport_cpp: rosidl_typesupport_fastrtps_cpp;rosidl_typesupport_introspection_cpp
-- Found rmw_implementation_cmake: 6.1.1 (/Users/lihong/miniconda3/envs/ros2/share/rmw_implementation_cmake/cmake)
-- Found rmw_cyclonedds_cpp: 1.3.4 (/Users/lihong/miniconda3/envs/ros2/share/rmw_cyclonedds_cpp/cmake)
-- Using RMW implementation 'rmw_cyclonedds_cpp' as default
-- Found std_msgs: 4.2.3 (/Users/lihong/miniconda3/envs/ros2/share/std_msgs/cmake)
-- Found sensor_msgs: 4.2.3 (/Users/lihong/miniconda3/envs/ros2/share/sensor_msgs/cmake)
-- Configuring done (1.7s)
-- Generating done (0.0s)
-- Build files have been written to: /Users/lihong/miniconda3/envs/ros2/csie_project_ws/build/my_robot_car
-- Install configuration: ""
-- Execute custom install script
-- Symlinking: /Users/lihong/miniconda3/envs/ros2/csie_project_ws/install/my_robot_car/lib/my_robot_car/ball_detector.py
-- Symlinking: /Users/lihong/miniconda3/envs/ros2/csie_project_ws/install/my_robot_car/lib/my_robot_car/launcher_controller.py
-- Symlinking: /Users/lihong/miniconda3/envs/ros2/csie_project_ws/install/my_robot_car/share/my_robot_car/launch/gazebo.launch.py
-- Symlinking: /Users/lihong/miniconda3/envs/ros2/csie_project_ws/install/my_robot_car/share/ament_index/resource_index/package_run_dependencies/my_robot_car
-- Symlinking: /Users/lihong/miniconda3/envs/ros2/csie_project_ws/install/my_robot_car/share/ament_index/resource_index/parent_prefix_path/my_robot_car
-- Symlinking: /Users/lihong/miniconda3/envs/ros2/csie_project_ws/install/my_robot_car/share/my_robot_car/environment/ament_prefix_path.sh
-- Symlinking: /Users/lihong/miniconda3/envs/ros2/csie_project_ws/install/my_robot_car/share/my_robot_car/environment/ament_prefix_path.dsv
-- Symlinking: /Users/lihong/miniconda3/envs/ros2/csie_project_ws/install/my_robot_car/share/my_robot_car/environment/path.sh
-- Symlinking: /Users/lihong/miniconda3/envs/ros2/csie_project_ws/install/my_robot_car/share/my_robot_car/environment/path.dsv
-- Symlinking: /Users/lihong/miniconda3/envs/ros2/csie_project_ws/install/my_robot_car/share/my_robot_car/local_setup.bash
-- Symlinking: /Users/lihong/miniconda3/envs/ros2/csie_project_ws/install/my_robot_car/share/my_robot_car/local_setup.sh
-- Symlinking: /Users/lihong/miniconda3/envs/ros2/csie_project_ws/install/my_robot_car/share/my_robot_car/local_setup.zsh
-- Symlinking: /Users/lihong/miniconda3/envs/ros2/csie_project_ws/install/my_robot_car/share/my_robot_car/local_setup.dsv
-- Symlinking: /Users/lihong/miniconda3/envs/ros2/csie_project_ws/install/my_robot_car/share/my_robot_car/package.dsv
-- Symlinking: /Users/lihong/miniconda3/envs/ros2/csie_project_ws/install/my_robot_car/share/ament_index/resource_index/packages/my_robot_car
-- Symlinking: /Users/lihong/miniconda3/envs/ros2/csie_project_ws/install/my_robot_car/share/my_robot_car/cmake/my_robot_carConfig.cmake
-- Symlinking: /Users/lihong/miniconda3/envs/ros2/csie_project_ws/install/my_robot_car/share/my_robot_car/cmake/my_robot_carConfig-version.cmake
-- Symlinking: /Users/lihong/miniconda3/envs/ros2/csie_project_ws/install/my_robot_car/share/my_robot_car/package.xml
