[0.019s] Invoking command in '/Users/lihong/miniconda3/envs/ros2/csie_project_ws/build/my_robot_car': CONDA_PROMPT_MODIFIER=(ros2) SHLVL=2 _=/Users/lihong/miniconda3/envs/ros2/bin/env __CF_USER_TEXT_ENCODING=0x1F5:0x2:0x35 /Users/lihong/miniconda3/envs/ros2/bin/cmake /Users/lihong/miniconda3/envs/ros2/csie_project_ws/src/my_robot_car -DAMENT_CMAKE_SYMLINK_INSTALL=1 -DCMAKE_INSTALL_PREFIX=/Users/lihong/miniconda3/envs/ros2/csie_project_ws/install/my_robot_car
[0.393s] -- The C compiler identification is Clang 15.0.7
[0.494s] -- The CXX compiler identification is Clang 15.0.7
[0.540s] -- Detecting C compiler ABI info
[0.738s] -- Detecting C compiler ABI info - done
[0.742s] -- Check for working C compiler: /Users/lihong/miniconda3/envs/ros2/bin/arm64-apple-darwin20.0.0-clang - skipped
[0.743s] -- Detecting C compile features
[0.743s] -- Detecting C compile features - done
[0.776s] -- Detecting CXX compiler ABI info
[0.967s] -- Detecting CXX compiler ABI info - done
[0.970s] -- Check for working CXX compiler: /Users/lihong/miniconda3/envs/ros2/bin/arm64-apple-darwin20.0.0-clang++ - skipped
[0.971s] -- Detecting CXX compile features
[0.971s] -- Detecting CXX compile features - done
[0.974s] -- Found ament_cmake: 1.3.7 (/Users/lihong/miniconda3/envs/ros2/share/ament_cmake/cmake)
[1.095s] -- Found Python3: /Users/lihong/miniconda3/envs/ros2/bin/python3.11 (found version "3.11.8") found components: Interpreter 
[1.147s] -- Override CMake install command with custom implementation using symlinks instead of copying resources
[1.159s] -- Found rclcpp: 16.0.8 (/Users/lihong/miniconda3/envs/ros2/share/rclcpp/cmake)
[1.193s] -- Found rosidl_generator_c: 3.1.5 (/Users/lihong/miniconda3/envs/ros2/share/rosidl_generator_c/cmake)
[1.195s] -- Found rosidl_adapter: 3.1.5 (/Users/lihong/miniconda3/envs/ros2/share/rosidl_adapter/cmake)
[1.202s] -- Found rosidl_generator_cpp: 3.1.5 (/Users/lihong/miniconda3/envs/ros2/share/rosidl_generator_cpp/cmake)
[1.212s] -- Using all available rosidl_typesupport_c: rosidl_typesupport_fastrtps_c;rosidl_typesupport_introspection_c
[1.228s] -- Using all available rosidl_typesupport_cpp: rosidl_typesupport_fastrtps_cpp;rosidl_typesupport_introspection_cpp
[1.359s] -- Found rmw_implementation_cmake: 6.1.1 (/Users/lihong/miniconda3/envs/ros2/share/rmw_implementation_cmake/cmake)
[1.374s] -- Found rmw_cyclonedds_cpp: 1.3.4 (/Users/lihong/miniconda3/envs/ros2/share/rmw_cyclonedds_cpp/cmake)
[1.435s] -- Using RMW implementation 'rmw_cyclonedds_cpp' as default
[1.541s] -- Found std_msgs: 4.2.3 (/Users/lihong/miniconda3/envs/ros2/share/std_msgs/cmake)
[1.572s] -- Found sensor_msgs: 4.2.3 (/Users/lihong/miniconda3/envs/ros2/share/sensor_msgs/cmake)
[1.742s] -- Configuring done (1.7s)
[1.769s] -- Generating done (0.0s)
[1.772s] -- Build files have been written to: /Users/lihong/miniconda3/envs/ros2/csie_project_ws/build/my_robot_car
[1.776s] Invoked command in '/Users/lihong/miniconda3/envs/ros2/csie_project_ws/build/my_robot_car' returned '0': CONDA_PROMPT_MODIFIER=(ros2) SHLVL=2 _=/Users/lihong/miniconda3/envs/ros2/bin/env __CF_USER_TEXT_ENCODING=0x1F5:0x2:0x35 /Users/lihong/miniconda3/envs/ros2/bin/cmake /Users/lihong/miniconda3/envs/ros2/csie_project_ws/src/my_robot_car -DAMENT_CMAKE_SYMLINK_INSTALL=1 -DCMAKE_INSTALL_PREFIX=/Users/lihong/miniconda3/envs/ros2/csie_project_ws/install/my_robot_car
[1.779s] Invoking command in '/Users/lihong/miniconda3/envs/ros2/csie_project_ws/build/my_robot_car': CONDA_PROMPT_MODIFIER=(ros2) SHLVL=2 _=/Users/lihong/miniconda3/envs/ros2/bin/env __CF_USER_TEXT_ENCODING=0x1F5:0x2:0x35 /Users/lihong/miniconda3/envs/ros2/bin/cmake --build /Users/lihong/miniconda3/envs/ros2/csie_project_ws/build/my_robot_car -- -j8 -l8
[1.833s] Invoked command in '/Users/lihong/miniconda3/envs/ros2/csie_project_ws/build/my_robot_car' returned '0': CONDA_PROMPT_MODIFIER=(ros2) SHLVL=2 _=/Users/lihong/miniconda3/envs/ros2/bin/env __CF_USER_TEXT_ENCODING=0x1F5:0x2:0x35 /Users/lihong/miniconda3/envs/ros2/bin/cmake --build /Users/lihong/miniconda3/envs/ros2/csie_project_ws/build/my_robot_car -- -j8 -l8
[1.908s] Invoking command in '/Users/lihong/miniconda3/envs/ros2/csie_project_ws/build/my_robot_car': CONDA_PROMPT_MODIFIER=(ros2) SHLVL=2 _=/Users/lihong/miniconda3/envs/ros2/bin/env __CF_USER_TEXT_ENCODING=0x1F5:0x2:0x35 /Users/lihong/miniconda3/envs/ros2/bin/cmake --install /Users/lihong/miniconda3/envs/ros2/csie_project_ws/build/my_robot_car
[1.919s] -- Install configuration: ""
[1.919s] -- Execute custom install script
[1.919s] -- Symlinking: /Users/lihong/miniconda3/envs/ros2/csie_project_ws/install/my_robot_car/lib/my_robot_car/ball_detector.py
[1.932s] -- Symlinking: /Users/lihong/miniconda3/envs/ros2/csie_project_ws/install/my_robot_car/lib/my_robot_car/launcher_controller.py
[1.943s] -- Symlinking: /Users/lihong/miniconda3/envs/ros2/csie_project_ws/install/my_robot_car/share/my_robot_car/launch/gazebo.launch.py
[1.955s] -- Symlinking: /Users/lihong/miniconda3/envs/ros2/csie_project_ws/install/my_robot_car/share/ament_index/resource_index/package_run_dependencies/my_robot_car
[1.967s] -- Symlinking: /Users/lihong/miniconda3/envs/ros2/csie_project_ws/install/my_robot_car/share/ament_index/resource_index/parent_prefix_path/my_robot_car
[1.979s] -- Symlinking: /Users/lihong/miniconda3/envs/ros2/csie_project_ws/install/my_robot_car/share/my_robot_car/environment/ament_prefix_path.sh
[1.990s] -- Symlinking: /Users/lihong/miniconda3/envs/ros2/csie_project_ws/install/my_robot_car/share/my_robot_car/environment/ament_prefix_path.dsv
[2.002s] -- Symlinking: /Users/lihong/miniconda3/envs/ros2/csie_project_ws/install/my_robot_car/share/my_robot_car/environment/path.sh
[2.014s] -- Symlinking: /Users/lihong/miniconda3/envs/ros2/csie_project_ws/install/my_robot_car/share/my_robot_car/environment/path.dsv
[2.025s] -- Symlinking: /Users/lihong/miniconda3/envs/ros2/csie_project_ws/install/my_robot_car/share/my_robot_car/local_setup.bash
[2.037s] -- Symlinking: /Users/lihong/miniconda3/envs/ros2/csie_project_ws/install/my_robot_car/share/my_robot_car/local_setup.sh
[2.049s] -- Symlinking: /Users/lihong/miniconda3/envs/ros2/csie_project_ws/install/my_robot_car/share/my_robot_car/local_setup.zsh
[2.060s] -- Symlinking: /Users/lihong/miniconda3/envs/ros2/csie_project_ws/install/my_robot_car/share/my_robot_car/local_setup.dsv
[2.072s] -- Symlinking: /Users/lihong/miniconda3/envs/ros2/csie_project_ws/install/my_robot_car/share/my_robot_car/package.dsv
[2.084s] -- Symlinking: /Users/lihong/miniconda3/envs/ros2/csie_project_ws/install/my_robot_car/share/ament_index/resource_index/packages/my_robot_car
[2.096s] -- Symlinking: /Users/lihong/miniconda3/envs/ros2/csie_project_ws/install/my_robot_car/share/my_robot_car/cmake/my_robot_carConfig.cmake
[2.108s] -- Symlinking: /Users/lihong/miniconda3/envs/ros2/csie_project_ws/install/my_robot_car/share/my_robot_car/cmake/my_robot_carConfig-version.cmake
[2.119s] -- Symlinking: /Users/lihong/miniconda3/envs/ros2/csie_project_ws/install/my_robot_car/share/my_robot_car/package.xml
[2.132s] Invoked command in '/Users/lihong/miniconda3/envs/ros2/csie_project_ws/build/my_robot_car' returned '0': CONDA_PROMPT_MODIFIER=(ros2) SHLVL=2 _=/Users/lihong/miniconda3/envs/ros2/bin/env __CF_USER_TEXT_ENCODING=0x1F5:0x2:0x35 /Users/lihong/miniconda3/envs/ros2/bin/cmake --install /Users/lihong/miniconda3/envs/ros2/csie_project_ws/build/my_robot_car
