-- The C compiler identification is Clang 18.1.8
-- The CXX compiler identification is Clang 18.1.8
-- Detecting C compiler ABI info
-- Detecting C compiler ABI info - done
-- Check for working C compiler: /Users/lihong/miniconda3/envs/ros2/bin/arm64-apple-darwin20.0.0-clang - skipped
-- Detecting C compile features
-- Detecting C compile features - done
-- Detecting CXX compiler ABI info
-- Detecting CXX compiler ABI info - done
-- Check for working CXX compiler: /Users/lihong/miniconda3/envs/ros2/bin/arm64-apple-darwin20.0.0-clang++ - skipped
-- Detecting CXX compile features
-- Detecting CXX compile features - done
-- Found ament_cmake: 1.3.11 (/Users/lihong/miniconda3/envs/ros2/share/ament_cmake/cmake)
-- Found Python3: /Users/lihong/miniconda3/envs/ros2/bin/python3.11 (found version "3.11.11") found components: Interpreter
-- Found geometry_msgs: 4.2.4 (/Users/lihong/miniconda3/envs/ros2/share/geometry_msgs/cmake)
-- Found rosidl_generator_c: 3.1.6 (/Users/lihong/miniconda3/envs/ros2/share/rosidl_generator_c/cmake)
-- Found rosidl_adapter: 3.1.6 (/Users/lihong/miniconda3/envs/ros2/share/rosidl_adapter/cmake)
-- Found rosidl_generator_cpp: 3.1.6 (/Users/lihong/miniconda3/envs/ros2/share/rosidl_generator_cpp/cmake)
-- Using all available rosidl_typesupport_c: rosidl_typesupport_fastrtps_c;rosidl_typesupport_introspection_c
-- Using all available rosidl_typesupport_cpp: rosidl_typesupport_fastrtps_cpp;rosidl_typesupport_introspection_cpp
-- Found nav_msgs: 4.2.4 (/Users/lihong/miniconda3/envs/ros2/share/nav_msgs/cmake)
-- Found rclcpp: 16.0.11 (/Users/lihong/miniconda3/envs/ros2/share/rclcpp/cmake)
-- Checking for module 'yaml-0.1'
--   Found yaml-0.1, version 0.2.5
-- Found rmw_implementation_cmake: 6.1.2 (/Users/lihong/miniconda3/envs/ros2/share/rmw_implementation_cmake/cmake)
-- Found rmw_fastrtps_cpp: 6.2.7 (/Users/lihong/miniconda3/envs/ros2/share/rmw_fastrtps_cpp/cmake)
-- Found OpenSSL: /opt/homebrew/opt/openssl@3/lib/libcrypto.dylib (found version "3.4.0")
-- Found FastRTPS: /Users/lihong/miniconda3/envs/ros2/include
-- Using RMW implementation 'rmw_fastrtps_cpp' as default
-- Performing Test CMAKE_HAVE_LIBC_PTHREAD
-- Performing Test CMAKE_HAVE_LIBC_PTHREAD - Success
-- Found Threads: TRUE
-- Found sensor_msgs: 4.2.4 (/Users/lihong/miniconda3/envs/ros2/share/sensor_msgs/cmake)
-- Found tf2: 0.25.10 (/Users/lihong/miniconda3/envs/ros2/share/tf2/cmake)
-- Found tf2_msgs: 0.25.10 (/Users/lihong/miniconda3/envs/ros2/share/tf2_msgs/cmake)
-- Found turtlebot3_msgs: 2.2.3 (/Users/lihong/miniconda3/envs/ros2/csie_project_ws/install/turtlebot3_msgs/share/turtlebot3_msgs/cmake)
-- Configuring done (4.2s)
-- Generating done (0.1s)
-- Build files have been written to: /Users/lihong/miniconda3/envs/ros2/csie_project_ws/build/turtlebot3_fake_node
[ 50%] Building CXX object CMakeFiles/turtlebot3_fake_node.dir/src/turtlebot3_fake_node.cpp.o
[100%] Linking CXX executable turtlebot3_fake_node
[100%] Built target turtlebot3_fake_node
-- Install configuration: ""
-- Installing: /Users/lihong/miniconda3/envs/ros2/csie_project_ws/install/turtlebot3_fake_node/lib/turtlebot3_fake_node/turtlebot3_fake_node
-- Installing: /Users/lihong/miniconda3/envs/ros2/csie_project_ws/install/turtlebot3_fake_node/share/turtlebot3_fake_node/launch
-- Installing: /Users/lihong/miniconda3/envs/ros2/csie_project_ws/install/turtlebot3_fake_node/share/turtlebot3_fake_node/launch/turtlebot3_fake_node.launch.py
-- Installing: /Users/lihong/miniconda3/envs/ros2/csie_project_ws/install/turtlebot3_fake_node/share/turtlebot3_fake_node/launch/rviz2.launch.py
-- Installing: /Users/lihong/miniconda3/envs/ros2/csie_project_ws/install/turtlebot3_fake_node/share/turtlebot3_fake_node/param
-- Installing: /Users/lihong/miniconda3/envs/ros2/csie_project_ws/install/turtlebot3_fake_node/share/turtlebot3_fake_node/param/waffle_pi.yaml
-- Installing: /Users/lihong/miniconda3/envs/ros2/csie_project_ws/install/turtlebot3_fake_node/share/turtlebot3_fake_node/param/waffle.yaml
-- Installing: /Users/lihong/miniconda3/envs/ros2/csie_project_ws/install/turtlebot3_fake_node/share/turtlebot3_fake_node/param/burger.yaml
-- Installing: /Users/lihong/miniconda3/envs/ros2/csie_project_ws/install/turtlebot3_fake_node/include/
-- Installing: /Users/lihong/miniconda3/envs/ros2/csie_project_ws/install/turtlebot3_fake_node/include//turtlebot3_fake_node
-- Installing: /Users/lihong/miniconda3/envs/ros2/csie_project_ws/install/turtlebot3_fake_node/include//turtlebot3_fake_node/turtlebot3_fake_node.hpp
-- Installing: /Users/lihong/miniconda3/envs/ros2/csie_project_ws/install/turtlebot3_fake_node/share/ament_index/resource_index/package_run_dependencies/turtlebot3_fake_node
-- Installing: /Users/lihong/miniconda3/envs/ros2/csie_project_ws/install/turtlebot3_fake_node/share/ament_index/resource_index/parent_prefix_path/turtlebot3_fake_node
-- Installing: /Users/lihong/miniconda3/envs/ros2/csie_project_ws/install/turtlebot3_fake_node/share/turtlebot3_fake_node/environment/ament_prefix_path.sh
-- Installing: /Users/lihong/miniconda3/envs/ros2/csie_project_ws/install/turtlebot3_fake_node/share/turtlebot3_fake_node/environment/ament_prefix_path.dsv
-- Installing: /Users/lihong/miniconda3/envs/ros2/csie_project_ws/install/turtlebot3_fake_node/share/turtlebot3_fake_node/environment/path.sh
-- Installing: /Users/lihong/miniconda3/envs/ros2/csie_project_ws/install/turtlebot3_fake_node/share/turtlebot3_fake_node/environment/path.dsv
-- Installing: /Users/lihong/miniconda3/envs/ros2/csie_project_ws/install/turtlebot3_fake_node/share/turtlebot3_fake_node/local_setup.bash
-- Installing: /Users/lihong/miniconda3/envs/ros2/csie_project_ws/install/turtlebot3_fake_node/share/turtlebot3_fake_node/local_setup.sh
-- Installing: /Users/lihong/miniconda3/envs/ros2/csie_project_ws/install/turtlebot3_fake_node/share/turtlebot3_fake_node/local_setup.zsh
-- Installing: /Users/lihong/miniconda3/envs/ros2/csie_project_ws/install/turtlebot3_fake_node/share/turtlebot3_fake_node/local_setup.dsv
-- Installing: /Users/lihong/miniconda3/envs/ros2/csie_project_ws/install/turtlebot3_fake_node/share/turtlebot3_fake_node/package.dsv
-- Installing: /Users/lihong/miniconda3/envs/ros2/csie_project_ws/install/turtlebot3_fake_node/share/ament_index/resource_index/packages/turtlebot3_fake_node
-- Installing: /Users/lihong/miniconda3/envs/ros2/csie_project_ws/install/turtlebot3_fake_node/share/turtlebot3_fake_node/cmake/ament_cmake_export_include_directories-extras.cmake
-- Installing: /Users/lihong/miniconda3/envs/ros2/csie_project_ws/install/turtlebot3_fake_node/share/turtlebot3_fake_node/cmake/ament_cmake_export_dependencies-extras.cmake
-- Installing: /Users/lihong/miniconda3/envs/ros2/csie_project_ws/install/turtlebot3_fake_node/share/turtlebot3_fake_node/cmake/turtlebot3_fake_nodeConfig.cmake
-- Installing: /Users/lihong/miniconda3/envs/ros2/csie_project_ws/install/turtlebot3_fake_node/share/turtlebot3_fake_node/cmake/turtlebot3_fake_nodeConfig-version.cmake
-- Installing: /Users/lihong/miniconda3/envs/ros2/csie_project_ws/install/turtlebot3_fake_node/share/turtlebot3_fake_node/package.xml
