CMake Deprecation Warning at CMakeLists.txt:4 (cmake_minimum_required):
  Compatibility with CMake < 3.10 will be removed from a future version of
  CMake.

  Update the VERSION argument <min> value.  Or, use the <min>...<max> syntax
  to tell CMake that the project requires at least <min> but has been updated
  to work with policies introduced by <max> or earlier.


-- The C compiler identification is Clang 18.1.8
-- The CXX compiler identification is Clang 18.1.8
-- Detecting C compiler ABI info
-- Detecting C compiler ABI info - done
-- Check for working C compiler: /Users/lihong/miniconda3/envs/ros2/bin/arm64-apple-darwin20.0.0-clang - skipped
-- Detecting C compile features
-- Detecting C compile features - done
-- Detecting CXX compiler ABI info
-- Detecting CXX compiler ABI info - done
-- Check for working CXX compiler: /Users/lihong/miniconda3/envs/ros2/bin/arm64-apple-darwin20.0.0-clang++ - skipped
-- Detecting CXX compile features
-- Detecting CXX compile features - done
-- Found action_msgs: 1.2.1 (/Users/lihong/miniconda3/envs/ros2/share/action_msgs/cmake)
-- Found Python3: /Users/lihong/miniconda3/envs/ros2/bin/python3.11 (found version "3.11.11") found components: Interpreter
-- Found rosidl_generator_c: 3.1.6 (/Users/lihong/miniconda3/envs/ros2/share/rosidl_generator_c/cmake)
-- Found rosidl_adapter: 3.1.6 (/Users/lihong/miniconda3/envs/ros2/share/rosidl_adapter/cmake)
-- Found rosidl_generator_cpp: 3.1.6 (/Users/lihong/miniconda3/envs/ros2/share/rosidl_generator_cpp/cmake)
-- Using all available rosidl_typesupport_c: rosidl_typesupport_fastrtps_c;rosidl_typesupport_introspection_c
-- Using all available rosidl_typesupport_cpp: rosidl_typesupport_fastrtps_cpp;rosidl_typesupport_introspection_cpp
-- Found rosidl_default_generators: 1.2.0 (/Users/lihong/miniconda3/envs/ros2/share/rosidl_default_generators/cmake)
-- Found std_msgs: 4.2.4 (/Users/lihong/miniconda3/envs/ros2/share/std_msgs/cmake)
-- Found ament_cmake_cppcheck: 0.12.11 (/Users/lihong/miniconda3/envs/ros2/share/ament_cmake_cppcheck/cmake)
-- Found ament_cmake_cpplint: 0.12.11 (/Users/lihong/miniconda3/envs/ros2/share/ament_cmake_cpplint/cmake)
-- Found ament_cmake_uncrustify: 0.12.11 (/Users/lihong/miniconda3/envs/ros2/share/ament_cmake_uncrustify/cmake)
-- Found ament_cmake_ros: 0.10.0 (/Users/lihong/miniconda3/envs/ros2/share/ament_cmake_ros/cmake)
-- Using all available rosidl_typesupport_c: rosidl_typesupport_fastrtps_c;rosidl_typesupport_introspection_c
-- Using all available rosidl_typesupport_cpp: rosidl_typesupport_fastrtps_cpp;rosidl_typesupport_introspection_cpp
-- Found python_cmake_module: 0.10.0 (/Users/lihong/miniconda3/envs/ros2/share/python_cmake_module/cmake)
CMake Warning (dev) at /Users/lihong/miniconda3/envs/ros2/share/python_cmake_module/cmake/Modules/FindPythonExtra.cmake:52 (find_package):
  Policy CMP0148 is not set: The FindPythonInterp and FindPythonLibs modules
  are removed.  Run "cmake --help-policy CMP0148" for policy details.  Use
  the cmake_policy command to set the policy and suppress this warning.

Call Stack (most recent call first):
  /Users/lihong/miniconda3/envs/ros2/share/rosidl_generator_py/cmake/rosidl_generator_py_generate_interfaces.cmake:21 (find_package)
  /Users/lihong/miniconda3/envs/ros2/share/ament_cmake_core/cmake/core/ament_execute_extensions.cmake:48 (include)
  /Users/lihong/miniconda3/envs/ros2/share/rosidl_cmake/cmake/rosidl_generate_interfaces.cmake:286 (ament_execute_extensions)
  CMakeLists.txt:45 (rosidl_generate_interfaces)
This warning is for project developers.  Use -Wno-dev to suppress it.

-- Found PythonInterp: /Users/lihong/miniconda3/envs/ros2/bin/python3 (found suitable version "3.11.11", minimum required is "3.6")
-- Using PythonExtra_INCLUDE_DIRS: /Users/lihong/miniconda3/envs/ros2/include/python3.11;/Users/lihong/miniconda3/envs/ros2/include/python3.11
-- Using PythonExtra_LIBRARIES: /Users/lihong/miniconda3/envs/ros2/lib/libpython3.11.dylib
-- Found PythonExtra: .so
-- Found Python3: /Users/lihong/miniconda3/envs/ros2/include/python3.11 (found version "3.11.11") found components: Development NumPy Interpreter Development.Module Development.Embed
-- Found ament_cmake_flake8: 0.12.11 (/Users/lihong/miniconda3/envs/ros2/share/ament_cmake_flake8/cmake)
-- Found ament_cmake_pep257: 0.12.11 (/Users/lihong/miniconda3/envs/ros2/share/ament_cmake_pep257/cmake)
-- Configuring done (3.1s)
-- Generating done (0.1s)
-- Build files have been written to: /Users/lihong/miniconda3/envs/ros2/csie_project_ws/build/turtlebot3_msgs
[  1%] Generating C code for ROS interfaces
[  1%] Built target ament_cmake_python_copy_turtlebot3_msgs
[  2%] Generating C++ code for ROS interfaces
running egg_info
creating turtlebot3_msgs.egg-info
writing turtlebot3_msgs.egg-info/PKG-INFO
writing dependency_links to turtlebot3_msgs.egg-info/dependency_links.txt
writing top-level names to turtlebot3_msgs.egg-info/top_level.txt
writing manifest file 'turtlebot3_msgs.egg-info/SOURCES.txt'
reading manifest file 'turtlebot3_msgs.egg-info/SOURCES.txt'
writing manifest file 'turtlebot3_msgs.egg-info/SOURCES.txt'
[  2%] Built target ament_cmake_python_build_turtlebot3_msgs_egg
[  4%] Building C object CMakeFiles/turtlebot3_msgs__rosidl_generator_c.dir/rosidl_generator_c/turtlebot3_msgs/msg/detail/sound__functions.c.o
[  4%] Built target turtlebot3_msgs__cpp
[  5%] Building C object CMakeFiles/turtlebot3_msgs__rosidl_generator_c.dir/rosidl_generator_c/turtlebot3_msgs/srv/detail/sound__functions.c.o
[  7%] Building C object CMakeFiles/turtlebot3_msgs__rosidl_generator_c.dir/rosidl_generator_c/turtlebot3_msgs/msg/detail/version_info__functions.c.o
[  9%] Building C object CMakeFiles/turtlebot3_msgs__rosidl_generator_c.dir/rosidl_generator_c/turtlebot3_msgs/srv/detail/dqn__functions.c.o
[  9%] Building C object CMakeFiles/turtlebot3_msgs__rosidl_generator_c.dir/rosidl_generator_c/turtlebot3_msgs/action/detail/patrol__functions.c.o
[ 11%] Building C object CMakeFiles/turtlebot3_msgs__rosidl_generator_c.dir/rosidl_generator_c/turtlebot3_msgs/msg/detail/sensor_state__functions.c.o
[ 12%] Generating C++ type support dispatch for ROS interfaces
[ 14%] Generating C++ type support for eProsima Fast-RTPS
[ 15%] Generating C++ introspection for ROS interfaces
[ 16%] Linking C shared library libturtlebot3_msgs__rosidl_generator_c.dylib
[ 16%] Built target turtlebot3_msgs__rosidl_generator_c
[ 18%] Generating C type support for eProsima Fast-RTPS
[ 19%] Generating C type support dispatch for ROS interfaces
[ 21%] Generating C introspection for ROS interfaces
[ 22%] Building CXX object CMakeFiles/turtlebot3_msgs__rosidl_typesupport_cpp.dir/rosidl_typesupport_cpp/turtlebot3_msgs/msg/sensor_state__type_support.cpp.o
[ 23%] Building CXX object CMakeFiles/turtlebot3_msgs__rosidl_typesupport_cpp.dir/rosidl_typesupport_cpp/turtlebot3_msgs/msg/version_info__type_support.cpp.o
[ 25%] Building CXX object CMakeFiles/turtlebot3_msgs__rosidl_typesupport_cpp.dir/rosidl_typesupport_cpp/turtlebot3_msgs/msg/sound__type_support.cpp.o
[ 26%] Building CXX object CMakeFiles/turtlebot3_msgs__rosidl_typesupport_fastrtps_cpp.dir/rosidl_typesupport_fastrtps_cpp/turtlebot3_msgs/msg/detail/dds_fastrtps/sensor_state__type_support.cpp.o
[ 28%] Building CXX object CMakeFiles/turtlebot3_msgs__rosidl_typesupport_introspection_cpp.dir/rosidl_typesupport_introspection_cpp/turtlebot3_msgs/msg/detail/sensor_state__type_support.cpp.o
[ 29%] Building CXX object CMakeFiles/turtlebot3_msgs__rosidl_typesupport_c.dir/rosidl_typesupport_c/turtlebot3_msgs/msg/sensor_state__type_support.cpp.o
[ 30%] Building CXX object CMakeFiles/turtlebot3_msgs__rosidl_typesupport_c.dir/rosidl_typesupport_c/turtlebot3_msgs/msg/sound__type_support.cpp.o
[ 32%] Building CXX object CMakeFiles/turtlebot3_msgs__rosidl_typesupport_c.dir/rosidl_typesupport_c/turtlebot3_msgs/msg/version_info__type_support.cpp.o
[ 33%] Building C object CMakeFiles/turtlebot3_msgs__rosidl_typesupport_introspection_c.dir/rosidl_typesupport_introspection_c/turtlebot3_msgs/msg/detail/sensor_state__type_support.c.o
[ 35%] Building CXX object CMakeFiles/turtlebot3_msgs__rosidl_typesupport_cpp.dir/rosidl_typesupport_cpp/turtlebot3_msgs/srv/sound__type_support.cpp.o
[ 36%] Building CXX object CMakeFiles/turtlebot3_msgs__rosidl_typesupport_c.dir/rosidl_typesupport_c/turtlebot3_msgs/srv/sound__type_support.cpp.o
[ 38%] Building C object CMakeFiles/turtlebot3_msgs__rosidl_typesupport_introspection_c.dir/rosidl_typesupport_introspection_c/turtlebot3_msgs/msg/detail/sound__type_support.c.o
[ 39%] Building CXX object CMakeFiles/turtlebot3_msgs__rosidl_typesupport_c.dir/rosidl_typesupport_c/turtlebot3_msgs/srv/dqn__type_support.cpp.o
[ 40%] Building C object CMakeFiles/turtlebot3_msgs__rosidl_typesupport_introspection_c.dir/rosidl_typesupport_introspection_c/turtlebot3_msgs/msg/detail/version_info__type_support.c.o
[ 42%] Building CXX object CMakeFiles/turtlebot3_msgs__rosidl_typesupport_cpp.dir/rosidl_typesupport_cpp/turtlebot3_msgs/srv/dqn__type_support.cpp.o
[ 43%] Building C object CMakeFiles/turtlebot3_msgs__rosidl_typesupport_introspection_c.dir/rosidl_typesupport_introspection_c/turtlebot3_msgs/srv/detail/sound__type_support.c.o
[ 45%] Building CXX object CMakeFiles/turtlebot3_msgs__rosidl_typesupport_fastrtps_c.dir/rosidl_typesupport_fastrtps_c/turtlebot3_msgs/msg/detail/sensor_state__type_support_c.cpp.o
[ 46%] Building CXX object CMakeFiles/turtlebot3_msgs__rosidl_typesupport_c.dir/rosidl_typesupport_c/turtlebot3_msgs/action/patrol__type_support.cpp.o
[ 47%] Building C object CMakeFiles/turtlebot3_msgs__rosidl_typesupport_introspection_c.dir/rosidl_typesupport_introspection_c/turtlebot3_msgs/srv/detail/dqn__type_support.c.o
[ 49%] Building C object CMakeFiles/turtlebot3_msgs__rosidl_typesupport_introspection_c.dir/rosidl_typesupport_introspection_c/turtlebot3_msgs/action/detail/patrol__type_support.c.o
[ 50%] Linking CXX shared library libturtlebot3_msgs__rosidl_typesupport_c.dylib
[ 52%] Building CXX object CMakeFiles/turtlebot3_msgs__rosidl_typesupport_fastrtps_c.dir/rosidl_typesupport_fastrtps_c/turtlebot3_msgs/msg/detail/sound__type_support_c.cpp.o
[ 53%] Linking C shared library libturtlebot3_msgs__rosidl_typesupport_introspection_c.dylib
[ 54%] Building CXX object CMakeFiles/turtlebot3_msgs__rosidl_typesupport_introspection_cpp.dir/rosidl_typesupport_introspection_cpp/turtlebot3_msgs/msg/detail/sound__type_support.cpp.o
[ 54%] Built target turtlebot3_msgs__rosidl_typesupport_c
[ 54%] Built target turtlebot3_msgs__rosidl_typesupport_introspection_c
[ 56%] Building CXX object CMakeFiles/turtlebot3_msgs__rosidl_typesupport_fastrtps_c.dir/rosidl_typesupport_fastrtps_c/turtlebot3_msgs/msg/detail/version_info__type_support_c.cpp.o
[ 57%] Building CXX object CMakeFiles/turtlebot3_msgs__rosidl_typesupport_fastrtps_c.dir/rosidl_typesupport_fastrtps_c/turtlebot3_msgs/srv/detail/sound__type_support_c.cpp.o
[ 59%] Building CXX object CMakeFiles/turtlebot3_msgs__rosidl_typesupport_cpp.dir/rosidl_typesupport_cpp/turtlebot3_msgs/action/patrol__type_support.cpp.o
[ 60%] Building CXX object CMakeFiles/turtlebot3_msgs__rosidl_typesupport_fastrtps_cpp.dir/rosidl_typesupport_fastrtps_cpp/turtlebot3_msgs/msg/detail/dds_fastrtps/sound__type_support.cpp.o
[ 61%] Building CXX object CMakeFiles/turtlebot3_msgs__rosidl_typesupport_fastrtps_c.dir/rosidl_typesupport_fastrtps_c/turtlebot3_msgs/srv/detail/dqn__type_support_c.cpp.o
[ 63%] Building CXX object CMakeFiles/turtlebot3_msgs__rosidl_typesupport_fastrtps_cpp.dir/rosidl_typesupport_fastrtps_cpp/turtlebot3_msgs/msg/detail/dds_fastrtps/version_info__type_support.cpp.o
[ 64%] Building CXX object CMakeFiles/turtlebot3_msgs__rosidl_typesupport_fastrtps_cpp.dir/rosidl_typesupport_fastrtps_cpp/turtlebot3_msgs/srv/detail/dds_fastrtps/sound__type_support.cpp.o
[ 66%] Building CXX object CMakeFiles/turtlebot3_msgs__rosidl_typesupport_introspection_cpp.dir/rosidl_typesupport_introspection_cpp/turtlebot3_msgs/msg/detail/version_info__type_support.cpp.o
[ 67%] Building CXX object CMakeFiles/turtlebot3_msgs__rosidl_typesupport_introspection_cpp.dir/rosidl_typesupport_introspection_cpp/turtlebot3_msgs/srv/detail/sound__type_support.cpp.o
[ 69%] Building CXX object CMakeFiles/turtlebot3_msgs__rosidl_typesupport_fastrtps_c.dir/rosidl_typesupport_fastrtps_c/turtlebot3_msgs/action/detail/patrol__type_support_c.cpp.o
[ 70%] Building CXX object CMakeFiles/turtlebot3_msgs__rosidl_typesupport_introspection_cpp.dir/rosidl_typesupport_introspection_cpp/turtlebot3_msgs/srv/detail/dqn__type_support.cpp.o
[ 71%] Linking CXX shared library libturtlebot3_msgs__rosidl_typesupport_cpp.dylib
[ 71%] Built target turtlebot3_msgs__rosidl_typesupport_cpp
[ 73%] Building CXX object CMakeFiles/turtlebot3_msgs__rosidl_typesupport_fastrtps_cpp.dir/rosidl_typesupport_fastrtps_cpp/turtlebot3_msgs/srv/detail/dds_fastrtps/dqn__type_support.cpp.o
[ 74%] Building CXX object CMakeFiles/turtlebot3_msgs__rosidl_typesupport_fastrtps_cpp.dir/rosidl_typesupport_fastrtps_cpp/turtlebot3_msgs/action/detail/dds_fastrtps/patrol__type_support.cpp.o
[ 76%] Building CXX object CMakeFiles/turtlebot3_msgs__rosidl_typesupport_introspection_cpp.dir/rosidl_typesupport_introspection_cpp/turtlebot3_msgs/action/detail/patrol__type_support.cpp.o
[ 77%] Linking CXX shared library libturtlebot3_msgs__rosidl_typesupport_fastrtps_c.dylib
[ 77%] Built target turtlebot3_msgs__rosidl_typesupport_fastrtps_c
[ 78%] Linking CXX shared library libturtlebot3_msgs__rosidl_typesupport_fastrtps_cpp.dylib
[ 78%] Built target turtlebot3_msgs__rosidl_typesupport_fastrtps_cpp
[ 80%] Linking CXX shared library libturtlebot3_msgs__rosidl_typesupport_introspection_cpp.dylib
[ 80%] Built target turtlebot3_msgs__rosidl_typesupport_introspection_cpp
[ 80%] Built target turtlebot3_msgs
[ 81%] Generating Python code for ROS interfaces
[ 81%] Built target turtlebot3_msgs__py
[ 84%] Building C object CMakeFiles/turtlebot3_msgs__rosidl_generator_py.dir/rosidl_generator_py/turtlebot3_msgs/srv/_sound_s.c.o
[ 84%] Building C object CMakeFiles/turtlebot3_msgs__rosidl_generator_py.dir/rosidl_generator_py/turtlebot3_msgs/msg/_version_info_s.c.o
[ 85%] Building C object CMakeFiles/turtlebot3_msgs__rosidl_generator_py.dir/rosidl_generator_py/turtlebot3_msgs/srv/_dqn_s.c.o
[ 88%] Building C object CMakeFiles/turtlebot3_msgs__rosidl_generator_py.dir/rosidl_generator_py/turtlebot3_msgs/msg/_sensor_state_s.c.o
[ 88%] Building C object CMakeFiles/turtlebot3_msgs__rosidl_generator_py.dir/rosidl_generator_py/turtlebot3_msgs/action/_patrol_s.c.o
[ 90%] Building C object CMakeFiles/turtlebot3_msgs__rosidl_generator_py.dir/rosidl_generator_py/turtlebot3_msgs/msg/_sound_s.c.o
[ 91%] Linking C shared library rosidl_generator_py/turtlebot3_msgs/libturtlebot3_msgs__rosidl_generator_py.dylib
[ 91%] Built target turtlebot3_msgs__rosidl_generator_py
[ 92%] Building C object CMakeFiles/turtlebot3_msgs__rosidl_typesupport_introspection_c__pyext.dir/rosidl_generator_py/turtlebot3_msgs/_turtlebot3_msgs_s.ep.rosidl_typesupport_introspection_c.c.o
[ 94%] Building C object CMakeFiles/turtlebot3_msgs__rosidl_typesupport_fastrtps_c__pyext.dir/rosidl_generator_py/turtlebot3_msgs/_turtlebot3_msgs_s.ep.rosidl_typesupport_fastrtps_c.c.o
[ 95%] Building C object CMakeFiles/turtlebot3_msgs__rosidl_typesupport_c__pyext.dir/rosidl_generator_py/turtlebot3_msgs/_turtlebot3_msgs_s.ep.rosidl_typesupport_c.c.o
[ 97%] Linking C shared library rosidl_generator_py/turtlebot3_msgs/turtlebot3_msgs_s__rosidl_typesupport_fastrtps_c.cpython-311-darwin.so
[ 98%] Linking C shared library rosidl_generator_py/turtlebot3_msgs/turtlebot3_msgs_s__rosidl_typesupport_introspection_c.cpython-311-darwin.so
[100%] Linking C shared library rosidl_generator_py/turtlebot3_msgs/turtlebot3_msgs_s__rosidl_typesupport_c.cpython-311-darwin.so
[100%] Built target turtlebot3_msgs__rosidl_typesupport_introspection_c__pyext
[100%] Built target turtlebot3_msgs__rosidl_typesupport_fastrtps_c__pyext
[100%] Built target turtlebot3_msgs__rosidl_typesupport_c__pyext
-- Install configuration: ""
-- Installing: /Users/lihong/miniconda3/envs/ros2/csie_project_ws/install/turtlebot3_msgs/share/ament_index/resource_index/rosidl_interfaces/turtlebot3_msgs
-- Installing: /Users/lihong/miniconda3/envs/ros2/csie_project_ws/install/turtlebot3_msgs/include/turtlebot3_msgs/turtlebot3_msgs
-- Installing: /Users/lihong/miniconda3/envs/ros2/csie_project_ws/install/turtlebot3_msgs/include/turtlebot3_msgs/turtlebot3_msgs/msg
-- Installing: /Users/lihong/miniconda3/envs/ros2/csie_project_ws/install/turtlebot3_msgs/include/turtlebot3_msgs/turtlebot3_msgs/msg/sound.h
-- Installing: /Users/lihong/miniconda3/envs/ros2/csie_project_ws/install/turtlebot3_msgs/include/turtlebot3_msgs/turtlebot3_msgs/msg/rosidl_generator_c__visibility_control.h
-- Installing: /Users/lihong/miniconda3/envs/ros2/csie_project_ws/install/turtlebot3_msgs/include/turtlebot3_msgs/turtlebot3_msgs/msg/version_info.h
-- Installing: /Users/lihong/miniconda3/envs/ros2/csie_project_ws/install/turtlebot3_msgs/include/turtlebot3_msgs/turtlebot3_msgs/msg/detail
-- Installing: /Users/lihong/miniconda3/envs/ros2/csie_project_ws/install/turtlebot3_msgs/include/turtlebot3_msgs/turtlebot3_msgs/msg/detail/sensor_state__type_support.h
-- Installing: /Users/lihong/miniconda3/envs/ros2/csie_project_ws/install/turtlebot3_msgs/include/turtlebot3_msgs/turtlebot3_msgs/msg/detail/version_info__struct.h
-- Installing: /Users/lihong/miniconda3/envs/ros2/csie_project_ws/install/turtlebot3_msgs/include/turtlebot3_msgs/turtlebot3_msgs/msg/detail/sensor_state__functions.c
-- Installing: /Users/lihong/miniconda3/envs/ros2/csie_project_ws/install/turtlebot3_msgs/include/turtlebot3_msgs/turtlebot3_msgs/msg/detail/sensor_state__struct.h
-- Installing: /Users/lihong/miniconda3/envs/ros2/csie_project_ws/install/turtlebot3_msgs/include/turtlebot3_msgs/turtlebot3_msgs/msg/detail/sound__functions.c
-- Installing: /Users/lihong/miniconda3/envs/ros2/csie_project_ws/install/turtlebot3_msgs/include/turtlebot3_msgs/turtlebot3_msgs/msg/detail/sound__type_support.h
-- Installing: /Users/lihong/miniconda3/envs/ros2/csie_project_ws/install/turtlebot3_msgs/include/turtlebot3_msgs/turtlebot3_msgs/msg/detail/sound__struct.h
-- Installing: /Users/lihong/miniconda3/envs/ros2/csie_project_ws/install/turtlebot3_msgs/include/turtlebot3_msgs/turtlebot3_msgs/msg/detail/version_info__functions.h
-- Installing: /Users/lihong/miniconda3/envs/ros2/csie_project_ws/install/turtlebot3_msgs/include/turtlebot3_msgs/turtlebot3_msgs/msg/detail/version_info__type_support.h
-- Installing: /Users/lihong/miniconda3/envs/ros2/csie_project_ws/install/turtlebot3_msgs/include/turtlebot3_msgs/turtlebot3_msgs/msg/detail/sensor_state__functions.h
-- Installing: /Users/lihong/miniconda3/envs/ros2/csie_project_ws/install/turtlebot3_msgs/include/turtlebot3_msgs/turtlebot3_msgs/msg/detail/sound__functions.h
-- Installing: /Users/lihong/miniconda3/envs/ros2/csie_project_ws/install/turtlebot3_msgs/include/turtlebot3_msgs/turtlebot3_msgs/msg/detail/version_info__functions.c
-- Installing: /Users/lihong/miniconda3/envs/ros2/csie_project_ws/install/turtlebot3_msgs/include/turtlebot3_msgs/turtlebot3_msgs/msg/sensor_state.h
-- Installing: /Users/lihong/miniconda3/envs/ros2/csie_project_ws/install/turtlebot3_msgs/include/turtlebot3_msgs/turtlebot3_msgs/action
-- Installing: /Users/lihong/miniconda3/envs/ros2/csie_project_ws/install/turtlebot3_msgs/include/turtlebot3_msgs/turtlebot3_msgs/action/detail
-- Installing: /Users/lihong/miniconda3/envs/ros2/csie_project_ws/install/turtlebot3_msgs/include/turtlebot3_msgs/turtlebot3_msgs/action/detail/patrol__functions.h
-- Installing: /Users/lihong/miniconda3/envs/ros2/csie_project_ws/install/turtlebot3_msgs/include/turtlebot3_msgs/turtlebot3_msgs/action/detail/patrol__type_support.h
-- Installing: /Users/lihong/miniconda3/envs/ros2/csie_project_ws/install/turtlebot3_msgs/include/turtlebot3_msgs/turtlebot3_msgs/action/detail/patrol__functions.c
-- Installing: /Users/lihong/miniconda3/envs/ros2/csie_project_ws/install/turtlebot3_msgs/include/turtlebot3_msgs/turtlebot3_msgs/action/detail/patrol__struct.h
-- Installing: /Users/lihong/miniconda3/envs/ros2/csie_project_ws/install/turtlebot3_msgs/include/turtlebot3_msgs/turtlebot3_msgs/action/patrol.h
-- Installing: /Users/lihong/miniconda3/envs/ros2/csie_project_ws/install/turtlebot3_msgs/include/turtlebot3_msgs/turtlebot3_msgs/srv
-- Installing: /Users/lihong/miniconda3/envs/ros2/csie_project_ws/install/turtlebot3_msgs/include/turtlebot3_msgs/turtlebot3_msgs/srv/sound.h
-- Installing: /Users/lihong/miniconda3/envs/ros2/csie_project_ws/install/turtlebot3_msgs/include/turtlebot3_msgs/turtlebot3_msgs/srv/detail
-- Installing: /Users/lihong/miniconda3/envs/ros2/csie_project_ws/install/turtlebot3_msgs/include/turtlebot3_msgs/turtlebot3_msgs/srv/detail/dqn__functions.h
-- Installing: /Users/lihong/miniconda3/envs/ros2/csie_project_ws/install/turtlebot3_msgs/include/turtlebot3_msgs/turtlebot3_msgs/srv/detail/sound__functions.c
-- Installing: /Users/lihong/miniconda3/envs/ros2/csie_project_ws/install/turtlebot3_msgs/include/turtlebot3_msgs/turtlebot3_msgs/srv/detail/sound__type_support.h
-- Installing: /Users/lihong/miniconda3/envs/ros2/csie_project_ws/install/turtlebot3_msgs/include/turtlebot3_msgs/turtlebot3_msgs/srv/detail/sound__struct.h
-- Installing: /Users/lihong/miniconda3/envs/ros2/csie_project_ws/install/turtlebot3_msgs/include/turtlebot3_msgs/turtlebot3_msgs/srv/detail/dqn__struct.h
-- Installing: /Users/lihong/miniconda3/envs/ros2/csie_project_ws/install/turtlebot3_msgs/include/turtlebot3_msgs/turtlebot3_msgs/srv/detail/dqn__type_support.h
-- Installing: /Users/lihong/miniconda3/envs/ros2/csie_project_ws/install/turtlebot3_msgs/include/turtlebot3_msgs/turtlebot3_msgs/srv/detail/dqn__functions.c
-- Installing: /Users/lihong/miniconda3/envs/ros2/csie_project_ws/install/turtlebot3_msgs/include/turtlebot3_msgs/turtlebot3_msgs/srv/detail/sound__functions.h
-- Installing: /Users/lihong/miniconda3/envs/ros2/csie_project_ws/install/turtlebot3_msgs/include/turtlebot3_msgs/turtlebot3_msgs/srv/dqn.h
-- Installing: /Users/lihong/miniconda3/envs/ros2/csie_project_ws/install/turtlebot3_msgs/lib/libturtlebot3_msgs__rosidl_generator_c.dylib
-- Up-to-date: /Users/lihong/miniconda3/envs/ros2/csie_project_ws/install/turtlebot3_msgs/include/turtlebot3_msgs/turtlebot3_msgs
-- Up-to-date: /Users/lihong/miniconda3/envs/ros2/csie_project_ws/install/turtlebot3_msgs/include/turtlebot3_msgs/turtlebot3_msgs/msg
-- Up-to-date: /Users/lihong/miniconda3/envs/ros2/csie_project_ws/install/turtlebot3_msgs/include/turtlebot3_msgs/turtlebot3_msgs/msg/detail
-- Installing: /Users/lihong/miniconda3/envs/ros2/csie_project_ws/install/turtlebot3_msgs/include/turtlebot3_msgs/turtlebot3_msgs/msg/detail/sensor_state__rosidl_typesupport_fastrtps_c.h
-- Installing: /Users/lihong/miniconda3/envs/ros2/csie_project_ws/install/turtlebot3_msgs/include/turtlebot3_msgs/turtlebot3_msgs/msg/detail/sound__rosidl_typesupport_fastrtps_c.h
-- Installing: /Users/lihong/miniconda3/envs/ros2/csie_project_ws/install/turtlebot3_msgs/include/turtlebot3_msgs/turtlebot3_msgs/msg/detail/version_info__rosidl_typesupport_fastrtps_c.h
-- Installing: /Users/lihong/miniconda3/envs/ros2/csie_project_ws/install/turtlebot3_msgs/include/turtlebot3_msgs/turtlebot3_msgs/msg/rosidl_typesupport_fastrtps_c__visibility_control.h
-- Up-to-date: /Users/lihong/miniconda3/envs/ros2/csie_project_ws/install/turtlebot3_msgs/include/turtlebot3_msgs/turtlebot3_msgs/action
-- Up-to-date: /Users/lihong/miniconda3/envs/ros2/csie_project_ws/install/turtlebot3_msgs/include/turtlebot3_msgs/turtlebot3_msgs/action/detail
-- Installing: /Users/lihong/miniconda3/envs/ros2/csie_project_ws/install/turtlebot3_msgs/include/turtlebot3_msgs/turtlebot3_msgs/action/detail/patrol__rosidl_typesupport_fastrtps_c.h
-- Up-to-date: /Users/lihong/miniconda3/envs/ros2/csie_project_ws/install/turtlebot3_msgs/include/turtlebot3_msgs/turtlebot3_msgs/srv
-- Up-to-date: /Users/lihong/miniconda3/envs/ros2/csie_project_ws/install/turtlebot3_msgs/include/turtlebot3_msgs/turtlebot3_msgs/srv/detail
-- Installing: /Users/lihong/miniconda3/envs/ros2/csie_project_ws/install/turtlebot3_msgs/include/turtlebot3_msgs/turtlebot3_msgs/srv/detail/sound__rosidl_typesupport_fastrtps_c.h
-- Installing: /Users/lihong/miniconda3/envs/ros2/csie_project_ws/install/turtlebot3_msgs/include/turtlebot3_msgs/turtlebot3_msgs/srv/detail/dqn__rosidl_typesupport_fastrtps_c.h
-- Installing: /Users/lihong/miniconda3/envs/ros2/csie_project_ws/install/turtlebot3_msgs/lib/libturtlebot3_msgs__rosidl_typesupport_fastrtps_c.dylib
/Users/lihong/miniconda3/envs/ros2/bin/install_name_tool: warning: changes being made to the file will invalidate the code signature in: /Users/lihong/miniconda3/envs/ros2/csie_project_ws/install/turtlebot3_msgs/lib/libturtlebot3_msgs__rosidl_typesupport_fastrtps_c.dylib
[cctools-port]: generating fake signature for '/Users/lihong/miniconda3/envs/ros2/csie_project_ws/install/turtlebot3_msgs/lib/libturtlebot3_msgs__rosidl_typesupport_fastrtps_c.dylib'
-- Up-to-date: /Users/lihong/miniconda3/envs/ros2/csie_project_ws/install/turtlebot3_msgs/include/turtlebot3_msgs/turtlebot3_msgs
-- Up-to-date: /Users/lihong/miniconda3/envs/ros2/csie_project_ws/install/turtlebot3_msgs/include/turtlebot3_msgs/turtlebot3_msgs/msg
-- Installing: /Users/lihong/miniconda3/envs/ros2/csie_project_ws/install/turtlebot3_msgs/include/turtlebot3_msgs/turtlebot3_msgs/msg/sensor_state.hpp
-- Installing: /Users/lihong/miniconda3/envs/ros2/csie_project_ws/install/turtlebot3_msgs/include/turtlebot3_msgs/turtlebot3_msgs/msg/sound.hpp
-- Installing: /Users/lihong/miniconda3/envs/ros2/csie_project_ws/install/turtlebot3_msgs/include/turtlebot3_msgs/turtlebot3_msgs/msg/version_info.hpp
-- Up-to-date: /Users/lihong/miniconda3/envs/ros2/csie_project_ws/install/turtlebot3_msgs/include/turtlebot3_msgs/turtlebot3_msgs/msg/detail
-- Installing: /Users/lihong/miniconda3/envs/ros2/csie_project_ws/install/turtlebot3_msgs/include/turtlebot3_msgs/turtlebot3_msgs/msg/detail/sound__struct.hpp
-- Installing: /Users/lihong/miniconda3/envs/ros2/csie_project_ws/install/turtlebot3_msgs/include/turtlebot3_msgs/turtlebot3_msgs/msg/detail/sound__builder.hpp
-- Installing: /Users/lihong/miniconda3/envs/ros2/csie_project_ws/install/turtlebot3_msgs/include/turtlebot3_msgs/turtlebot3_msgs/msg/detail/version_info__traits.hpp
-- Installing: /Users/lihong/miniconda3/envs/ros2/csie_project_ws/install/turtlebot3_msgs/include/turtlebot3_msgs/turtlebot3_msgs/msg/detail/sensor_state__builder.hpp
-- Installing: /Users/lihong/miniconda3/envs/ros2/csie_project_ws/install/turtlebot3_msgs/include/turtlebot3_msgs/turtlebot3_msgs/msg/detail/sound__type_support.hpp
-- Installing: /Users/lihong/miniconda3/envs/ros2/csie_project_ws/install/turtlebot3_msgs/include/turtlebot3_msgs/turtlebot3_msgs/msg/detail/sensor_state__struct.hpp
-- Installing: /Users/lihong/miniconda3/envs/ros2/csie_project_ws/install/turtlebot3_msgs/include/turtlebot3_msgs/turtlebot3_msgs/msg/detail/version_info__type_support.hpp
-- Installing: /Users/lihong/miniconda3/envs/ros2/csie_project_ws/install/turtlebot3_msgs/include/turtlebot3_msgs/turtlebot3_msgs/msg/detail/sound__traits.hpp
-- Installing: /Users/lihong/miniconda3/envs/ros2/csie_project_ws/install/turtlebot3_msgs/include/turtlebot3_msgs/turtlebot3_msgs/msg/detail/sensor_state__type_support.hpp
-- Installing: /Users/lihong/miniconda3/envs/ros2/csie_project_ws/install/turtlebot3_msgs/include/turtlebot3_msgs/turtlebot3_msgs/msg/detail/version_info__builder.hpp
-- Installing: /Users/lihong/miniconda3/envs/ros2/csie_project_ws/install/turtlebot3_msgs/include/turtlebot3_msgs/turtlebot3_msgs/msg/detail/version_info__struct.hpp
-- Installing: /Users/lihong/miniconda3/envs/ros2/csie_project_ws/install/turtlebot3_msgs/include/turtlebot3_msgs/turtlebot3_msgs/msg/detail/sensor_state__traits.hpp
-- Installing: /Users/lihong/miniconda3/envs/ros2/csie_project_ws/install/turtlebot3_msgs/include/turtlebot3_msgs/turtlebot3_msgs/msg/rosidl_generator_cpp__visibility_control.hpp
-- Up-to-date: /Users/lihong/miniconda3/envs/ros2/csie_project_ws/install/turtlebot3_msgs/include/turtlebot3_msgs/turtlebot3_msgs/action
-- Up-to-date: /Users/lihong/miniconda3/envs/ros2/csie_project_ws/install/turtlebot3_msgs/include/turtlebot3_msgs/turtlebot3_msgs/action/detail
-- Installing: /Users/lihong/miniconda3/envs/ros2/csie_project_ws/install/turtlebot3_msgs/include/turtlebot3_msgs/turtlebot3_msgs/action/detail/patrol__traits.hpp
-- Installing: /Users/lihong/miniconda3/envs/ros2/csie_project_ws/install/turtlebot3_msgs/include/turtlebot3_msgs/turtlebot3_msgs/action/detail/patrol__struct.hpp
-- Installing: /Users/lihong/miniconda3/envs/ros2/csie_project_ws/install/turtlebot3_msgs/include/turtlebot3_msgs/turtlebot3_msgs/action/detail/patrol__type_support.hpp
-- Installing: /Users/lihong/miniconda3/envs/ros2/csie_project_ws/install/turtlebot3_msgs/include/turtlebot3_msgs/turtlebot3_msgs/action/detail/patrol__builder.hpp
-- Installing: /Users/lihong/miniconda3/envs/ros2/csie_project_ws/install/turtlebot3_msgs/include/turtlebot3_msgs/turtlebot3_msgs/action/patrol.hpp
-- Up-to-date: /Users/lihong/miniconda3/envs/ros2/csie_project_ws/install/turtlebot3_msgs/include/turtlebot3_msgs/turtlebot3_msgs/srv
-- Installing: /Users/lihong/miniconda3/envs/ros2/csie_project_ws/install/turtlebot3_msgs/include/turtlebot3_msgs/turtlebot3_msgs/srv/sound.hpp
-- Up-to-date: /Users/lihong/miniconda3/envs/ros2/csie_project_ws/install/turtlebot3_msgs/include/turtlebot3_msgs/turtlebot3_msgs/srv/detail
-- Installing: /Users/lihong/miniconda3/envs/ros2/csie_project_ws/install/turtlebot3_msgs/include/turtlebot3_msgs/turtlebot3_msgs/srv/detail/dqn__struct.hpp
-- Installing: /Users/lihong/miniconda3/envs/ros2/csie_project_ws/install/turtlebot3_msgs/include/turtlebot3_msgs/turtlebot3_msgs/srv/detail/sound__struct.hpp
-- Installing: /Users/lihong/miniconda3/envs/ros2/csie_project_ws/install/turtlebot3_msgs/include/turtlebot3_msgs/turtlebot3_msgs/srv/detail/sound__builder.hpp
-- Installing: /Users/lihong/miniconda3/envs/ros2/csie_project_ws/install/turtlebot3_msgs/include/turtlebot3_msgs/turtlebot3_msgs/srv/detail/sound__type_support.hpp
-- Installing: /Users/lihong/miniconda3/envs/ros2/csie_project_ws/install/turtlebot3_msgs/include/turtlebot3_msgs/turtlebot3_msgs/srv/detail/dqn__type_support.hpp
-- Installing: /Users/lihong/miniconda3/envs/ros2/csie_project_ws/install/turtlebot3_msgs/include/turtlebot3_msgs/turtlebot3_msgs/srv/detail/sound__traits.hpp
-- Installing: /Users/lihong/miniconda3/envs/ros2/csie_project_ws/install/turtlebot3_msgs/include/turtlebot3_msgs/turtlebot3_msgs/srv/detail/dqn__traits.hpp
-- Installing: /Users/lihong/miniconda3/envs/ros2/csie_project_ws/install/turtlebot3_msgs/include/turtlebot3_msgs/turtlebot3_msgs/srv/detail/dqn__builder.hpp
-- Installing: /Users/lihong/miniconda3/envs/ros2/csie_project_ws/install/turtlebot3_msgs/include/turtlebot3_msgs/turtlebot3_msgs/srv/dqn.hpp
-- Up-to-date: /Users/lihong/miniconda3/envs/ros2/csie_project_ws/install/turtlebot3_msgs/include/turtlebot3_msgs/turtlebot3_msgs
-- Up-to-date: /Users/lihong/miniconda3/envs/ros2/csie_project_ws/install/turtlebot3_msgs/include/turtlebot3_msgs/turtlebot3_msgs/msg
-- Installing: /Users/lihong/miniconda3/envs/ros2/csie_project_ws/install/turtlebot3_msgs/include/turtlebot3_msgs/turtlebot3_msgs/msg/rosidl_typesupport_fastrtps_cpp__visibility_control.h
-- Up-to-date: /Users/lihong/miniconda3/envs/ros2/csie_project_ws/install/turtlebot3_msgs/include/turtlebot3_msgs/turtlebot3_msgs/msg/detail
-- Installing: /Users/lihong/miniconda3/envs/ros2/csie_project_ws/install/turtlebot3_msgs/include/turtlebot3_msgs/turtlebot3_msgs/msg/detail/sound__rosidl_typesupport_fastrtps_cpp.hpp
-- Installing: /Users/lihong/miniconda3/envs/ros2/csie_project_ws/install/turtlebot3_msgs/include/turtlebot3_msgs/turtlebot3_msgs/msg/detail/version_info__rosidl_typesupport_fastrtps_cpp.hpp
-- Installing: /Users/lihong/miniconda3/envs/ros2/csie_project_ws/install/turtlebot3_msgs/include/turtlebot3_msgs/turtlebot3_msgs/msg/detail/sensor_state__rosidl_typesupport_fastrtps_cpp.hpp
-- Installing: /Users/lihong/miniconda3/envs/ros2/csie_project_ws/install/turtlebot3_msgs/include/turtlebot3_msgs/turtlebot3_msgs/msg/detail/dds_fastrtps
-- Up-to-date: /Users/lihong/miniconda3/envs/ros2/csie_project_ws/install/turtlebot3_msgs/include/turtlebot3_msgs/turtlebot3_msgs/action
-- Up-to-date: /Users/lihong/miniconda3/envs/ros2/csie_project_ws/install/turtlebot3_msgs/include/turtlebot3_msgs/turtlebot3_msgs/action/detail
-- Installing: /Users/lihong/miniconda3/envs/ros2/csie_project_ws/install/turtlebot3_msgs/include/turtlebot3_msgs/turtlebot3_msgs/action/detail/patrol__rosidl_typesupport_fastrtps_cpp.hpp
-- Installing: /Users/lihong/miniconda3/envs/ros2/csie_project_ws/install/turtlebot3_msgs/include/turtlebot3_msgs/turtlebot3_msgs/action/detail/dds_fastrtps
-- Up-to-date: /Users/lihong/miniconda3/envs/ros2/csie_project_ws/install/turtlebot3_msgs/include/turtlebot3_msgs/turtlebot3_msgs/srv
-- Up-to-date: /Users/lihong/miniconda3/envs/ros2/csie_project_ws/install/turtlebot3_msgs/include/turtlebot3_msgs/turtlebot3_msgs/srv/detail
-- Installing: /Users/lihong/miniconda3/envs/ros2/csie_project_ws/install/turtlebot3_msgs/include/turtlebot3_msgs/turtlebot3_msgs/srv/detail/sound__rosidl_typesupport_fastrtps_cpp.hpp
-- Installing: /Users/lihong/miniconda3/envs/ros2/csie_project_ws/install/turtlebot3_msgs/include/turtlebot3_msgs/turtlebot3_msgs/srv/detail/dds_fastrtps
-- Installing: /Users/lihong/miniconda3/envs/ros2/csie_project_ws/install/turtlebot3_msgs/include/turtlebot3_msgs/turtlebot3_msgs/srv/detail/dqn__rosidl_typesupport_fastrtps_cpp.hpp
-- Installing: /Users/lihong/miniconda3/envs/ros2/csie_project_ws/install/turtlebot3_msgs/lib/libturtlebot3_msgs__rosidl_typesupport_fastrtps_cpp.dylib
-- Up-to-date: /Users/lihong/miniconda3/envs/ros2/csie_project_ws/install/turtlebot3_msgs/include/turtlebot3_msgs/turtlebot3_msgs
-- Up-to-date: /Users/lihong/miniconda3/envs/ros2/csie_project_ws/install/turtlebot3_msgs/include/turtlebot3_msgs/turtlebot3_msgs/msg
-- Up-to-date: /Users/lihong/miniconda3/envs/ros2/csie_project_ws/install/turtlebot3_msgs/include/turtlebot3_msgs/turtlebot3_msgs/msg/detail
-- Installing: /Users/lihong/miniconda3/envs/ros2/csie_project_ws/install/turtlebot3_msgs/include/turtlebot3_msgs/turtlebot3_msgs/msg/detail/version_info__type_support.c
-- Installing: /Users/lihong/miniconda3/envs/ros2/csie_project_ws/install/turtlebot3_msgs/include/turtlebot3_msgs/turtlebot3_msgs/msg/detail/version_info__rosidl_typesupport_introspection_c.h
-- Installing: /Users/lihong/miniconda3/envs/ros2/csie_project_ws/install/turtlebot3_msgs/include/turtlebot3_msgs/turtlebot3_msgs/msg/detail/sensor_state__type_support.c
-- Installing: /Users/lihong/miniconda3/envs/ros2/csie_project_ws/install/turtlebot3_msgs/include/turtlebot3_msgs/turtlebot3_msgs/msg/detail/sound__rosidl_typesupport_introspection_c.h
-- Installing: /Users/lihong/miniconda3/envs/ros2/csie_project_ws/install/turtlebot3_msgs/include/turtlebot3_msgs/turtlebot3_msgs/msg/detail/sensor_state__rosidl_typesupport_introspection_c.h
-- Installing: /Users/lihong/miniconda3/envs/ros2/csie_project_ws/install/turtlebot3_msgs/include/turtlebot3_msgs/turtlebot3_msgs/msg/detail/sound__type_support.c
-- Installing: /Users/lihong/miniconda3/envs/ros2/csie_project_ws/install/turtlebot3_msgs/include/turtlebot3_msgs/turtlebot3_msgs/msg/rosidl_typesupport_introspection_c__visibility_control.h
-- Up-to-date: /Users/lihong/miniconda3/envs/ros2/csie_project_ws/install/turtlebot3_msgs/include/turtlebot3_msgs/turtlebot3_msgs/action
-- Up-to-date: /Users/lihong/miniconda3/envs/ros2/csie_project_ws/install/turtlebot3_msgs/include/turtlebot3_msgs/turtlebot3_msgs/action/detail
-- Installing: /Users/lihong/miniconda3/envs/ros2/csie_project_ws/install/turtlebot3_msgs/include/turtlebot3_msgs/turtlebot3_msgs/action/detail/patrol__type_support.c
-- Installing: /Users/lihong/miniconda3/envs/ros2/csie_project_ws/install/turtlebot3_msgs/include/turtlebot3_msgs/turtlebot3_msgs/action/detail/patrol__rosidl_typesupport_introspection_c.h
-- Up-to-date: /Users/lihong/miniconda3/envs/ros2/csie_project_ws/install/turtlebot3_msgs/include/turtlebot3_msgs/turtlebot3_msgs/srv
-- Up-to-date: /Users/lihong/miniconda3/envs/ros2/csie_project_ws/install/turtlebot3_msgs/include/turtlebot3_msgs/turtlebot3_msgs/srv/detail
-- Installing: /Users/lihong/miniconda3/envs/ros2/csie_project_ws/install/turtlebot3_msgs/include/turtlebot3_msgs/turtlebot3_msgs/srv/detail/dqn__type_support.c
-- Installing: /Users/lihong/miniconda3/envs/ros2/csie_project_ws/install/turtlebot3_msgs/include/turtlebot3_msgs/turtlebot3_msgs/srv/detail/dqn__rosidl_typesupport_introspection_c.h
-- Installing: /Users/lihong/miniconda3/envs/ros2/csie_project_ws/install/turtlebot3_msgs/include/turtlebot3_msgs/turtlebot3_msgs/srv/detail/sound__rosidl_typesupport_introspection_c.h
-- Installing: /Users/lihong/miniconda3/envs/ros2/csie_project_ws/install/turtlebot3_msgs/include/turtlebot3_msgs/turtlebot3_msgs/srv/detail/sound__type_support.c
-- Installing: /Users/lihong/miniconda3/envs/ros2/csie_project_ws/install/turtlebot3_msgs/lib/libturtlebot3_msgs__rosidl_typesupport_introspection_c.dylib
/Users/lihong/miniconda3/envs/ros2/bin/install_name_tool: warning: changes being made to the file will invalidate the code signature in: /Users/lihong/miniconda3/envs/ros2/csie_project_ws/install/turtlebot3_msgs/lib/libturtlebot3_msgs__rosidl_typesupport_introspection_c.dylib
[cctools-port]: generating fake signature for '/Users/lihong/miniconda3/envs/ros2/csie_project_ws/install/turtlebot3_msgs/lib/libturtlebot3_msgs__rosidl_typesupport_introspection_c.dylib'
-- Installing: /Users/lihong/miniconda3/envs/ros2/csie_project_ws/install/turtlebot3_msgs/lib/libturtlebot3_msgs__rosidl_typesupport_c.dylib
/Users/lihong/miniconda3/envs/ros2/bin/install_name_tool: warning: changes being made to the file will invalidate the code signature in: /Users/lihong/miniconda3/envs/ros2/csie_project_ws/install/turtlebot3_msgs/lib/libturtlebot3_msgs__rosidl_typesupport_c.dylib
[cctools-port]: generating fake signature for '/Users/lihong/miniconda3/envs/ros2/csie_project_ws/install/turtlebot3_msgs/lib/libturtlebot3_msgs__rosidl_typesupport_c.dylib'
-- Up-to-date: /Users/lihong/miniconda3/envs/ros2/csie_project_ws/install/turtlebot3_msgs/include/turtlebot3_msgs/turtlebot3_msgs
-- Up-to-date: /Users/lihong/miniconda3/envs/ros2/csie_project_ws/install/turtlebot3_msgs/include/turtlebot3_msgs/turtlebot3_msgs/msg
-- Up-to-date: /Users/lihong/miniconda3/envs/ros2/csie_project_ws/install/turtlebot3_msgs/include/turtlebot3_msgs/turtlebot3_msgs/msg/detail
-- Installing: /Users/lihong/miniconda3/envs/ros2/csie_project_ws/install/turtlebot3_msgs/include/turtlebot3_msgs/turtlebot3_msgs/msg/detail/version_info__rosidl_typesupport_introspection_cpp.hpp
-- Installing: /Users/lihong/miniconda3/envs/ros2/csie_project_ws/install/turtlebot3_msgs/include/turtlebot3_msgs/turtlebot3_msgs/msg/detail/version_info__type_support.cpp
-- Installing: /Users/lihong/miniconda3/envs/ros2/csie_project_ws/install/turtlebot3_msgs/include/turtlebot3_msgs/turtlebot3_msgs/msg/detail/sensor_state__type_support.cpp
-- Installing: /Users/lihong/miniconda3/envs/ros2/csie_project_ws/install/turtlebot3_msgs/include/turtlebot3_msgs/turtlebot3_msgs/msg/detail/sound__rosidl_typesupport_introspection_cpp.hpp
-- Installing: /Users/lihong/miniconda3/envs/ros2/csie_project_ws/install/turtlebot3_msgs/include/turtlebot3_msgs/turtlebot3_msgs/msg/detail/sound__type_support.cpp
-- Installing: /Users/lihong/miniconda3/envs/ros2/csie_project_ws/install/turtlebot3_msgs/include/turtlebot3_msgs/turtlebot3_msgs/msg/detail/sensor_state__rosidl_typesupport_introspection_cpp.hpp
-- Up-to-date: /Users/lihong/miniconda3/envs/ros2/csie_project_ws/install/turtlebot3_msgs/include/turtlebot3_msgs/turtlebot3_msgs/action
-- Up-to-date: /Users/lihong/miniconda3/envs/ros2/csie_project_ws/install/turtlebot3_msgs/include/turtlebot3_msgs/turtlebot3_msgs/action/detail
-- Installing: /Users/lihong/miniconda3/envs/ros2/csie_project_ws/install/turtlebot3_msgs/include/turtlebot3_msgs/turtlebot3_msgs/action/detail/patrol__type_support.cpp
-- Installing: /Users/lihong/miniconda3/envs/ros2/csie_project_ws/install/turtlebot3_msgs/include/turtlebot3_msgs/turtlebot3_msgs/action/detail/patrol__rosidl_typesupport_introspection_cpp.hpp
-- Up-to-date: /Users/lihong/miniconda3/envs/ros2/csie_project_ws/install/turtlebot3_msgs/include/turtlebot3_msgs/turtlebot3_msgs/srv
-- Up-to-date: /Users/lihong/miniconda3/envs/ros2/csie_project_ws/install/turtlebot3_msgs/include/turtlebot3_msgs/turtlebot3_msgs/srv/detail
-- Installing: /Users/lihong/miniconda3/envs/ros2/csie_project_ws/install/turtlebot3_msgs/include/turtlebot3_msgs/turtlebot3_msgs/srv/detail/dqn__type_support.cpp
-- Installing: /Users/lihong/miniconda3/envs/ros2/csie_project_ws/install/turtlebot3_msgs/include/turtlebot3_msgs/turtlebot3_msgs/srv/detail/sound__rosidl_typesupport_introspection_cpp.hpp
-- Installing: /Users/lihong/miniconda3/envs/ros2/csie_project_ws/install/turtlebot3_msgs/include/turtlebot3_msgs/turtlebot3_msgs/srv/detail/dqn__rosidl_typesupport_introspection_cpp.hpp
-- Installing: /Users/lihong/miniconda3/envs/ros2/csie_project_ws/install/turtlebot3_msgs/include/turtlebot3_msgs/turtlebot3_msgs/srv/detail/sound__type_support.cpp
-- Installing: /Users/lihong/miniconda3/envs/ros2/csie_project_ws/install/turtlebot3_msgs/lib/libturtlebot3_msgs__rosidl_typesupport_introspection_cpp.dylib
-- Installing: /Users/lihong/miniconda3/envs/ros2/csie_project_ws/install/turtlebot3_msgs/lib/libturtlebot3_msgs__rosidl_typesupport_cpp.dylib
-- Installing: /Users/lihong/miniconda3/envs/ros2/csie_project_ws/install/turtlebot3_msgs/share/turtlebot3_msgs/environment/pythonpath.sh
-- Installing: /Users/lihong/miniconda3/envs/ros2/csie_project_ws/install/turtlebot3_msgs/share/turtlebot3_msgs/environment/pythonpath.dsv
-- Installing: /Users/lihong/miniconda3/envs/ros2/csie_project_ws/install/turtlebot3_msgs/lib/python3.11/site-packages/turtlebot3_msgs-2.2.3-py3.11.egg-info
-- Installing: /Users/lihong/miniconda3/envs/ros2/csie_project_ws/install/turtlebot3_msgs/lib/python3.11/site-packages/turtlebot3_msgs-2.2.3-py3.11.egg-info/PKG-INFO
-- Installing: /Users/lihong/miniconda3/envs/ros2/csie_project_ws/install/turtlebot3_msgs/lib/python3.11/site-packages/turtlebot3_msgs-2.2.3-py3.11.egg-info/SOURCES.txt
-- Installing: /Users/lihong/miniconda3/envs/ros2/csie_project_ws/install/turtlebot3_msgs/lib/python3.11/site-packages/turtlebot3_msgs-2.2.3-py3.11.egg-info/top_level.txt
-- Installing: /Users/lihong/miniconda3/envs/ros2/csie_project_ws/install/turtlebot3_msgs/lib/python3.11/site-packages/turtlebot3_msgs-2.2.3-py3.11.egg-info/dependency_links.txt
-- Installing: /Users/lihong/miniconda3/envs/ros2/csie_project_ws/install/turtlebot3_msgs/lib/python3.11/site-packages/turtlebot3_msgs
-- Installing: /Users/lihong/miniconda3/envs/ros2/csie_project_ws/install/turtlebot3_msgs/lib/python3.11/site-packages/turtlebot3_msgs/_turtlebot3_msgs_s.ep.rosidl_typesupport_c.c
-- Installing: /Users/lihong/miniconda3/envs/ros2/csie_project_ws/install/turtlebot3_msgs/lib/python3.11/site-packages/turtlebot3_msgs/_turtlebot3_msgs_s.ep.rosidl_typesupport_introspection_c.c
-- Installing: /Users/lihong/miniconda3/envs/ros2/csie_project_ws/install/turtlebot3_msgs/lib/python3.11/site-packages/turtlebot3_msgs/msg
-- Installing: /Users/lihong/miniconda3/envs/ros2/csie_project_ws/install/turtlebot3_msgs/lib/python3.11/site-packages/turtlebot3_msgs/msg/_sound.py
-- Installing: /Users/lihong/miniconda3/envs/ros2/csie_project_ws/install/turtlebot3_msgs/lib/python3.11/site-packages/turtlebot3_msgs/msg/__init__.py
-- Installing: /Users/lihong/miniconda3/envs/ros2/csie_project_ws/install/turtlebot3_msgs/lib/python3.11/site-packages/turtlebot3_msgs/msg/_version_info_s.c
-- Installing: /Users/lihong/miniconda3/envs/ros2/csie_project_ws/install/turtlebot3_msgs/lib/python3.11/site-packages/turtlebot3_msgs/msg/_sensor_state.py
-- Installing: /Users/lihong/miniconda3/envs/ros2/csie_project_ws/install/turtlebot3_msgs/lib/python3.11/site-packages/turtlebot3_msgs/msg/_sensor_state_s.c
-- Installing: /Users/lihong/miniconda3/envs/ros2/csie_project_ws/install/turtlebot3_msgs/lib/python3.11/site-packages/turtlebot3_msgs/msg/_sound_s.c
-- Installing: /Users/lihong/miniconda3/envs/ros2/csie_project_ws/install/turtlebot3_msgs/lib/python3.11/site-packages/turtlebot3_msgs/msg/_version_info.py
-- Installing: /Users/lihong/miniconda3/envs/ros2/csie_project_ws/install/turtlebot3_msgs/lib/python3.11/site-packages/turtlebot3_msgs/__init__.py
-- Installing: /Users/lihong/miniconda3/envs/ros2/csie_project_ws/install/turtlebot3_msgs/lib/python3.11/site-packages/turtlebot3_msgs/action
-- Installing: /Users/lihong/miniconda3/envs/ros2/csie_project_ws/install/turtlebot3_msgs/lib/python3.11/site-packages/turtlebot3_msgs/action/__init__.py
-- Installing: /Users/lihong/miniconda3/envs/ros2/csie_project_ws/install/turtlebot3_msgs/lib/python3.11/site-packages/turtlebot3_msgs/action/_patrol.py
-- Installing: /Users/lihong/miniconda3/envs/ros2/csie_project_ws/install/turtlebot3_msgs/lib/python3.11/site-packages/turtlebot3_msgs/action/_patrol_s.c
-- Installing: /Users/lihong/miniconda3/envs/ros2/csie_project_ws/install/turtlebot3_msgs/lib/python3.11/site-packages/turtlebot3_msgs/_turtlebot3_msgs_s.ep.rosidl_typesupport_fastrtps_c.c
-- Installing: /Users/lihong/miniconda3/envs/ros2/csie_project_ws/install/turtlebot3_msgs/lib/python3.11/site-packages/turtlebot3_msgs/libturtlebot3_msgs__rosidl_generator_py.dylib
-- Installing: /Users/lihong/miniconda3/envs/ros2/csie_project_ws/install/turtlebot3_msgs/lib/python3.11/site-packages/turtlebot3_msgs/turtlebot3_msgs_s__rosidl_typesupport_introspection_c.cpython-311-darwin.so
-- Installing: /Users/lihong/miniconda3/envs/ros2/csie_project_ws/install/turtlebot3_msgs/lib/python3.11/site-packages/turtlebot3_msgs/turtlebot3_msgs_s__rosidl_typesupport_c.cpython-311-darwin.so
-- Installing: /Users/lihong/miniconda3/envs/ros2/csie_project_ws/install/turtlebot3_msgs/lib/python3.11/site-packages/turtlebot3_msgs/turtlebot3_msgs_s__rosidl_typesupport_fastrtps_c.cpython-311-darwin.so
-- Installing: /Users/lihong/miniconda3/envs/ros2/csie_project_ws/install/turtlebot3_msgs/lib/python3.11/site-packages/turtlebot3_msgs/srv
-- Installing: /Users/lihong/miniconda3/envs/ros2/csie_project_ws/install/turtlebot3_msgs/lib/python3.11/site-packages/turtlebot3_msgs/srv/_dqn.py
-- Installing: /Users/lihong/miniconda3/envs/ros2/csie_project_ws/install/turtlebot3_msgs/lib/python3.11/site-packages/turtlebot3_msgs/srv/_sound.py
-- Installing: /Users/lihong/miniconda3/envs/ros2/csie_project_ws/install/turtlebot3_msgs/lib/python3.11/site-packages/turtlebot3_msgs/srv/__init__.py
-- Installing: /Users/lihong/miniconda3/envs/ros2/csie_project_ws/install/turtlebot3_msgs/lib/python3.11/site-packages/turtlebot3_msgs/srv/_dqn_s.c
-- Installing: /Users/lihong/miniconda3/envs/ros2/csie_project_ws/install/turtlebot3_msgs/lib/python3.11/site-packages/turtlebot3_msgs/srv/_sound_s.c
Listing 'lib/python3.11/site-packages/turtlebot3_msgs'...
Can't list 'lib/python3.11/site-packages/turtlebot3_msgs'
-- Up-to-date: /Users/lihong/miniconda3/envs/ros2/csie_project_ws/install/turtlebot3_msgs/lib/python3.11/site-packages/turtlebot3_msgs/turtlebot3_msgs_s__rosidl_typesupport_fastrtps_c.cpython-311-darwin.so
/Users/lihong/miniconda3/envs/ros2/bin/install_name_tool: warning: changes being made to the file will invalidate the code signature in: /Users/lihong/miniconda3/envs/ros2/csie_project_ws/install/turtlebot3_msgs/lib/python3.11/site-packages/turtlebot3_msgs/turtlebot3_msgs_s__rosidl_typesupport_fastrtps_c.cpython-311-darwin.so
[cctools-port]: generating fake signature for '/Users/lihong/miniconda3/envs/ros2/csie_project_ws/install/turtlebot3_msgs/lib/python3.11/site-packages/turtlebot3_msgs/turtlebot3_msgs_s__rosidl_typesupport_fastrtps_c.cpython-311-darwin.so'
-- Up-to-date: /Users/lihong/miniconda3/envs/ros2/csie_project_ws/install/turtlebot3_msgs/lib/python3.11/site-packages/turtlebot3_msgs/turtlebot3_msgs_s__rosidl_typesupport_introspection_c.cpython-311-darwin.so
/Users/lihong/miniconda3/envs/ros2/bin/install_name_tool: warning: changes being made to the file will invalidate the code signature in: /Users/lihong/miniconda3/envs/ros2/csie_project_ws/install/turtlebot3_msgs/lib/python3.11/site-packages/turtlebot3_msgs/turtlebot3_msgs_s__rosidl_typesupport_introspection_c.cpython-311-darwin.so
[cctools-port]: generating fake signature for '/Users/lihong/miniconda3/envs/ros2/csie_project_ws/install/turtlebot3_msgs/lib/python3.11/site-packages/turtlebot3_msgs/turtlebot3_msgs_s__rosidl_typesupport_introspection_c.cpython-311-darwin.so'
-- Up-to-date: /Users/lihong/miniconda3/envs/ros2/csie_project_ws/install/turtlebot3_msgs/lib/python3.11/site-packages/turtlebot3_msgs/turtlebot3_msgs_s__rosidl_typesupport_c.cpython-311-darwin.so
/Users/lihong/miniconda3/envs/ros2/bin/install_name_tool: warning: changes being made to the file will invalidate the code signature in: /Users/lihong/miniconda3/envs/ros2/csie_project_ws/install/turtlebot3_msgs/lib/python3.11/site-packages/turtlebot3_msgs/turtlebot3_msgs_s__rosidl_typesupport_c.cpython-311-darwin.so
[cctools-port]: generating fake signature for '/Users/lihong/miniconda3/envs/ros2/csie_project_ws/install/turtlebot3_msgs/lib/python3.11/site-packages/turtlebot3_msgs/turtlebot3_msgs_s__rosidl_typesupport_c.cpython-311-darwin.so'
-- Installing: /Users/lihong/miniconda3/envs/ros2/csie_project_ws/install/turtlebot3_msgs/lib/libturtlebot3_msgs__rosidl_generator_py.dylib
/Users/lihong/miniconda3/envs/ros2/bin/install_name_tool: warning: changes being made to the file will invalidate the code signature in: /Users/lihong/miniconda3/envs/ros2/csie_project_ws/install/turtlebot3_msgs/lib/libturtlebot3_msgs__rosidl_generator_py.dylib
[cctools-port]: generating fake signature for '/Users/lihong/miniconda3/envs/ros2/csie_project_ws/install/turtlebot3_msgs/lib/libturtlebot3_msgs__rosidl_generator_py.dylib'
-- Installing: /Users/lihong/miniconda3/envs/ros2/csie_project_ws/install/turtlebot3_msgs/share/turtlebot3_msgs/msg/SensorState.idl
-- Installing: /Users/lihong/miniconda3/envs/ros2/csie_project_ws/install/turtlebot3_msgs/share/turtlebot3_msgs/msg/Sound.idl
-- Installing: /Users/lihong/miniconda3/envs/ros2/csie_project_ws/install/turtlebot3_msgs/share/turtlebot3_msgs/msg/VersionInfo.idl
-- Installing: /Users/lihong/miniconda3/envs/ros2/csie_project_ws/install/turtlebot3_msgs/share/turtlebot3_msgs/srv/Sound.idl
-- Installing: /Users/lihong/miniconda3/envs/ros2/csie_project_ws/install/turtlebot3_msgs/share/turtlebot3_msgs/srv/Dqn.idl
-- Installing: /Users/lihong/miniconda3/envs/ros2/csie_project_ws/install/turtlebot3_msgs/share/turtlebot3_msgs/action/Patrol.idl
-- Installing: /Users/lihong/miniconda3/envs/ros2/csie_project_ws/install/turtlebot3_msgs/share/turtlebot3_msgs/msg/SensorState.msg
-- Installing: /Users/lihong/miniconda3/envs/ros2/csie_project_ws/install/turtlebot3_msgs/share/turtlebot3_msgs/msg/Sound.msg
-- Installing: /Users/lihong/miniconda3/envs/ros2/csie_project_ws/install/turtlebot3_msgs/share/turtlebot3_msgs/msg/VersionInfo.msg
-- Installing: /Users/lihong/miniconda3/envs/ros2/csie_project_ws/install/turtlebot3_msgs/share/turtlebot3_msgs/srv/Sound.srv
-- Installing: /Users/lihong/miniconda3/envs/ros2/csie_project_ws/install/turtlebot3_msgs/share/turtlebot3_msgs/srv/Sound_Request.msg
-- Installing: /Users/lihong/miniconda3/envs/ros2/csie_project_ws/install/turtlebot3_msgs/share/turtlebot3_msgs/srv/Sound_Response.msg
-- Installing: /Users/lihong/miniconda3/envs/ros2/csie_project_ws/install/turtlebot3_msgs/share/turtlebot3_msgs/srv/Dqn.srv
-- Installing: /Users/lihong/miniconda3/envs/ros2/csie_project_ws/install/turtlebot3_msgs/share/turtlebot3_msgs/srv/Dqn_Request.msg
-- Installing: /Users/lihong/miniconda3/envs/ros2/csie_project_ws/install/turtlebot3_msgs/share/turtlebot3_msgs/srv/Dqn_Response.msg
-- Installing: /Users/lihong/miniconda3/envs/ros2/csie_project_ws/install/turtlebot3_msgs/share/turtlebot3_msgs/action/Patrol.action
-- Installing: /Users/lihong/miniconda3/envs/ros2/csie_project_ws/install/turtlebot3_msgs/share/ament_index/resource_index/package_run_dependencies/turtlebot3_msgs
-- Installing: /Users/lihong/miniconda3/envs/ros2/csie_project_ws/install/turtlebot3_msgs/share/ament_index/resource_index/parent_prefix_path/turtlebot3_msgs
-- Installing: /Users/lihong/miniconda3/envs/ros2/csie_project_ws/install/turtlebot3_msgs/share/turtlebot3_msgs/environment/ament_prefix_path.sh
-- Installing: /Users/lihong/miniconda3/envs/ros2/csie_project_ws/install/turtlebot3_msgs/share/turtlebot3_msgs/environment/ament_prefix_path.dsv
-- Installing: /Users/lihong/miniconda3/envs/ros2/csie_project_ws/install/turtlebot3_msgs/share/turtlebot3_msgs/environment/path.sh
-- Installing: /Users/lihong/miniconda3/envs/ros2/csie_project_ws/install/turtlebot3_msgs/share/turtlebot3_msgs/environment/path.dsv
-- Installing: /Users/lihong/miniconda3/envs/ros2/csie_project_ws/install/turtlebot3_msgs/share/turtlebot3_msgs/local_setup.bash
-- Installing: /Users/lihong/miniconda3/envs/ros2/csie_project_ws/install/turtlebot3_msgs/share/turtlebot3_msgs/local_setup.sh
-- Installing: /Users/lihong/miniconda3/envs/ros2/csie_project_ws/install/turtlebot3_msgs/share/turtlebot3_msgs/local_setup.zsh
-- Installing: /Users/lihong/miniconda3/envs/ros2/csie_project_ws/install/turtlebot3_msgs/share/turtlebot3_msgs/local_setup.dsv
-- Installing: /Users/lihong/miniconda3/envs/ros2/csie_project_ws/install/turtlebot3_msgs/share/turtlebot3_msgs/package.dsv
-- Installing: /Users/lihong/miniconda3/envs/ros2/csie_project_ws/install/turtlebot3_msgs/share/ament_index/resource_index/packages/turtlebot3_msgs
-- Installing: /Users/lihong/miniconda3/envs/ros2/csie_project_ws/install/turtlebot3_msgs/share/turtlebot3_msgs/cmake/export_turtlebot3_msgs__rosidl_generator_cExport.cmake
-- Installing: /Users/lihong/miniconda3/envs/ros2/csie_project_ws/install/turtlebot3_msgs/share/turtlebot3_msgs/cmake/export_turtlebot3_msgs__rosidl_generator_cExport-noconfig.cmake
-- Installing: /Users/lihong/miniconda3/envs/ros2/csie_project_ws/install/turtlebot3_msgs/share/turtlebot3_msgs/cmake/export_turtlebot3_msgs__rosidl_typesupport_fastrtps_cExport.cmake
-- Installing: /Users/lihong/miniconda3/envs/ros2/csie_project_ws/install/turtlebot3_msgs/share/turtlebot3_msgs/cmake/export_turtlebot3_msgs__rosidl_typesupport_fastrtps_cExport-noconfig.cmake
-- Installing: /Users/lihong/miniconda3/envs/ros2/csie_project_ws/install/turtlebot3_msgs/share/turtlebot3_msgs/cmake/export_turtlebot3_msgs__rosidl_generator_cppExport.cmake
-- Installing: /Users/lihong/miniconda3/envs/ros2/csie_project_ws/install/turtlebot3_msgs/share/turtlebot3_msgs/cmake/export_turtlebot3_msgs__rosidl_typesupport_fastrtps_cppExport.cmake
-- Installing: /Users/lihong/miniconda3/envs/ros2/csie_project_ws/install/turtlebot3_msgs/share/turtlebot3_msgs/cmake/export_turtlebot3_msgs__rosidl_typesupport_fastrtps_cppExport-noconfig.cmake
-- Installing: /Users/lihong/miniconda3/envs/ros2/csie_project_ws/install/turtlebot3_msgs/share/turtlebot3_msgs/cmake/turtlebot3_msgs__rosidl_typesupport_introspection_cExport.cmake
-- Installing: /Users/lihong/miniconda3/envs/ros2/csie_project_ws/install/turtlebot3_msgs/share/turtlebot3_msgs/cmake/turtlebot3_msgs__rosidl_typesupport_introspection_cExport-noconfig.cmake
-- Installing: /Users/lihong/miniconda3/envs/ros2/csie_project_ws/install/turtlebot3_msgs/share/turtlebot3_msgs/cmake/turtlebot3_msgs__rosidl_typesupport_cExport.cmake
-- Installing: /Users/lihong/miniconda3/envs/ros2/csie_project_ws/install/turtlebot3_msgs/share/turtlebot3_msgs/cmake/turtlebot3_msgs__rosidl_typesupport_cExport-noconfig.cmake
-- Installing: /Users/lihong/miniconda3/envs/ros2/csie_project_ws/install/turtlebot3_msgs/share/turtlebot3_msgs/cmake/turtlebot3_msgs__rosidl_typesupport_introspection_cppExport.cmake
-- Installing: /Users/lihong/miniconda3/envs/ros2/csie_project_ws/install/turtlebot3_msgs/share/turtlebot3_msgs/cmake/turtlebot3_msgs__rosidl_typesupport_introspection_cppExport-noconfig.cmake
-- Installing: /Users/lihong/miniconda3/envs/ros2/csie_project_ws/install/turtlebot3_msgs/share/turtlebot3_msgs/cmake/turtlebot3_msgs__rosidl_typesupport_cppExport.cmake
-- Installing: /Users/lihong/miniconda3/envs/ros2/csie_project_ws/install/turtlebot3_msgs/share/turtlebot3_msgs/cmake/turtlebot3_msgs__rosidl_typesupport_cppExport-noconfig.cmake
-- Installing: /Users/lihong/miniconda3/envs/ros2/csie_project_ws/install/turtlebot3_msgs/share/turtlebot3_msgs/cmake/export_turtlebot3_msgs__rosidl_generator_pyExport.cmake
-- Installing: /Users/lihong/miniconda3/envs/ros2/csie_project_ws/install/turtlebot3_msgs/share/turtlebot3_msgs/cmake/export_turtlebot3_msgs__rosidl_generator_pyExport-noconfig.cmake
-- Installing: /Users/lihong/miniconda3/envs/ros2/csie_project_ws/install/turtlebot3_msgs/share/turtlebot3_msgs/cmake/rosidl_cmake-extras.cmake
-- Installing: /Users/lihong/miniconda3/envs/ros2/csie_project_ws/install/turtlebot3_msgs/share/turtlebot3_msgs/cmake/ament_cmake_export_dependencies-extras.cmake
-- Installing: /Users/lihong/miniconda3/envs/ros2/csie_project_ws/install/turtlebot3_msgs/share/turtlebot3_msgs/cmake/ament_cmake_export_include_directories-extras.cmake
-- Installing: /Users/lihong/miniconda3/envs/ros2/csie_project_ws/install/turtlebot3_msgs/share/turtlebot3_msgs/cmake/ament_cmake_export_libraries-extras.cmake
-- Installing: /Users/lihong/miniconda3/envs/ros2/csie_project_ws/install/turtlebot3_msgs/share/turtlebot3_msgs/cmake/ament_cmake_export_targets-extras.cmake
-- Installing: /Users/lihong/miniconda3/envs/ros2/csie_project_ws/install/turtlebot3_msgs/share/turtlebot3_msgs/cmake/rosidl_cmake_export_typesupport_targets-extras.cmake
-- Installing: /Users/lihong/miniconda3/envs/ros2/csie_project_ws/install/turtlebot3_msgs/share/turtlebot3_msgs/cmake/rosidl_cmake_export_typesupport_libraries-extras.cmake
-- Installing: /Users/lihong/miniconda3/envs/ros2/csie_project_ws/install/turtlebot3_msgs/share/turtlebot3_msgs/cmake/turtlebot3_msgsConfig.cmake
-- Installing: /Users/lihong/miniconda3/envs/ros2/csie_project_ws/install/turtlebot3_msgs/share/turtlebot3_msgs/cmake/turtlebot3_msgsConfig-version.cmake
-- Installing: /Users/lihong/miniconda3/envs/ros2/csie_project_ws/install/turtlebot3_msgs/share/turtlebot3_msgs/package.xml
