[0.017s] Invoking command in '/Users/lihong/miniconda3/envs/ros2/csie_project_ws/build/turtlebot3_msgs': CONDA_PROMPT_MODIFIER=(ros2) SHLVL=2 _=/Users/lihong/miniconda3/envs/ros2/bin/env __CF_USER_TEXT_ENCODING=0x1F5:0x2:0x35 /Users/lihong/miniconda3/envs/ros2/bin/cmake /Users/lihong/miniconda3/envs/ros2/csie_project_ws/turtlebot3/turtlebot3_msgs -DPython3_EXECUTABLE=/Users/lihong/miniconda3/envs/ros2/bin/python3.11 -DPython3_NumPy_INCLUDE_DIR=/Users/lihong/miniconda3/envs/ros2/lib/python3.11/site-packages/numpy/core/include -DCMAKE_INSTALL_PREFIX=/Users/lihong/miniconda3/envs/ros2/csie_project_ws/install/turtlebot3_msgs
[0.027s] CMake Deprecation Warning at CMakeLists.txt:4 (cmake_minimum_required):
[0.028s]   Compatibility with CMake < 3.10 will be removed from a future version of
[0.028s]   CMake.
[0.028s] 
[0.028s]   Update the VERSION argument <min> value.  Or, use the <min>...<max> syntax
[0.028s]   to tell CMake that the project requires at least <min> but has been updated
[0.028s]   to work with policies introduced by <max> or earlier.
[0.028s] 
[0.028s] 
[0.218s] -- The C compiler identification is Clang 18.1.8
[0.414s] -- The CXX compiler identification is Clang 18.1.8
[0.424s] -- Detecting C compiler ABI info
[0.590s] -- Detecting C compiler ABI info - done
[0.596s] -- Check for working C compiler: /Users/lihong/miniconda3/envs/ros2/bin/arm64-apple-darwin20.0.0-clang - skipped
[0.596s] -- Detecting C compile features
[0.597s] -- Detecting C compile features - done
[0.602s] -- Detecting CXX compiler ABI info
[0.767s] -- Detecting CXX compiler ABI info - done
[0.773s] -- Check for working CXX compiler: /Users/lihong/miniconda3/envs/ros2/bin/arm64-apple-darwin20.0.0-clang++ - skipped
[0.773s] -- Detecting CXX compile features
[0.773s] -- Detecting CXX compile features - done
[0.793s] -- Found action_msgs: 1.2.1 (/Users/lihong/miniconda3/envs/ros2/share/action_msgs/cmake)
[0.914s] -- Found Python3: /Users/lihong/miniconda3/envs/ros2/bin/python3.11 (found version "3.11.11") found components: Interpreter
[1.286s] -- Found rosidl_generator_c: 3.1.6 (/Users/lihong/miniconda3/envs/ros2/share/rosidl_generator_c/cmake)
[1.311s] -- Found rosidl_adapter: 3.1.6 (/Users/lihong/miniconda3/envs/ros2/share/rosidl_adapter/cmake)
[1.340s] -- Found rosidl_generator_cpp: 3.1.6 (/Users/lihong/miniconda3/envs/ros2/share/rosidl_generator_cpp/cmake)
[1.373s] -- Using all available rosidl_typesupport_c: rosidl_typesupport_fastrtps_c;rosidl_typesupport_introspection_c
[1.424s] -- Using all available rosidl_typesupport_cpp: rosidl_typesupport_fastrtps_cpp;rosidl_typesupport_introspection_cpp
[1.512s] -- Found rosidl_default_generators: 1.2.0 (/Users/lihong/miniconda3/envs/ros2/share/rosidl_default_generators/cmake)
[1.537s] -- Found std_msgs: 4.2.4 (/Users/lihong/miniconda3/envs/ros2/share/std_msgs/cmake)
[1.898s] -- Found ament_cmake_cppcheck: 0.12.11 (/Users/lihong/miniconda3/envs/ros2/share/ament_cmake_cppcheck/cmake)
[1.908s] -- Found ament_cmake_cpplint: 0.12.11 (/Users/lihong/miniconda3/envs/ros2/share/ament_cmake_cpplint/cmake)
[1.918s] -- Found ament_cmake_uncrustify: 0.12.11 (/Users/lihong/miniconda3/envs/ros2/share/ament_cmake_uncrustify/cmake)
[1.928s] -- Found ament_cmake_ros: 0.10.0 (/Users/lihong/miniconda3/envs/ros2/share/ament_cmake_ros/cmake)
[2.500s] -- Using all available rosidl_typesupport_c: rosidl_typesupport_fastrtps_c;rosidl_typesupport_introspection_c
[2.716s] -- Using all available rosidl_typesupport_cpp: rosidl_typesupport_fastrtps_cpp;rosidl_typesupport_introspection_cpp
[2.728s] -- Found python_cmake_module: 0.10.0 (/Users/lihong/miniconda3/envs/ros2/share/python_cmake_module/cmake)
[2.728s] CMake Warning (dev) at /Users/lihong/miniconda3/envs/ros2/share/python_cmake_module/cmake/Modules/FindPythonExtra.cmake:52 (find_package):
[2.728s]   Policy CMP0148 is not set: The FindPythonInterp and FindPythonLibs modules
[2.728s]   are removed.  Run "cmake --help-policy CMP0148" for policy details.  Use
[2.728s]   the cmake_policy command to set the policy and suppress this warning.
[2.728s] 
[2.728s] Call Stack (most recent call first):
[2.728s]   /Users/lihong/miniconda3/envs/ros2/share/rosidl_generator_py/cmake/rosidl_generator_py_generate_interfaces.cmake:21 (find_package)
[2.728s]   /Users/lihong/miniconda3/envs/ros2/share/ament_cmake_core/cmake/core/ament_execute_extensions.cmake:48 (include)
[2.728s]   /Users/lihong/miniconda3/envs/ros2/share/rosidl_cmake/cmake/rosidl_generate_interfaces.cmake:286 (ament_execute_extensions)
[2.728s]   CMakeLists.txt:45 (rosidl_generate_interfaces)
[2.728s] This warning is for project developers.  Use -Wno-dev to suppress it.
[2.728s] 
[2.740s] -- Found PythonInterp: /Users/lihong/miniconda3/envs/ros2/bin/python3 (found suitable version "3.11.11", minimum required is "3.6")
[2.776s] -- Using PythonExtra_INCLUDE_DIRS: /Users/lihong/miniconda3/envs/ros2/include/python3.11;/Users/lihong/miniconda3/envs/ros2/include/python3.11
[2.802s] -- Using PythonExtra_LIBRARIES: /Users/lihong/miniconda3/envs/ros2/lib/libpython3.11.dylib
[2.820s] -- Found PythonExtra: .so
[3.064s] -- Found Python3: /Users/lihong/miniconda3/envs/ros2/include/python3.11 (found version "3.11.11") found components: Development NumPy Interpreter Development.Module Development.Embed
[3.117s] -- Found ament_cmake_flake8: 0.12.11 (/Users/lihong/miniconda3/envs/ros2/share/ament_cmake_flake8/cmake)
[3.128s] -- Found ament_cmake_pep257: 0.12.11 (/Users/lihong/miniconda3/envs/ros2/share/ament_cmake_pep257/cmake)
[3.138s] -- Configuring done (3.1s)
[3.258s] -- Generating done (0.1s)
[3.259s] -- Build files have been written to: /Users/lihong/miniconda3/envs/ros2/csie_project_ws/build/turtlebot3_msgs
[3.262s] Invoked command in '/Users/lihong/miniconda3/envs/ros2/csie_project_ws/build/turtlebot3_msgs' returned '0': CONDA_PROMPT_MODIFIER=(ros2) SHLVL=2 _=/Users/lihong/miniconda3/envs/ros2/bin/env __CF_USER_TEXT_ENCODING=0x1F5:0x2:0x35 /Users/lihong/miniconda3/envs/ros2/bin/cmake /Users/lihong/miniconda3/envs/ros2/csie_project_ws/turtlebot3/turtlebot3_msgs -DPython3_EXECUTABLE=/Users/lihong/miniconda3/envs/ros2/bin/python3.11 -DPython3_NumPy_INCLUDE_DIR=/Users/lihong/miniconda3/envs/ros2/lib/python3.11/site-packages/numpy/core/include -DCMAKE_INSTALL_PREFIX=/Users/lihong/miniconda3/envs/ros2/csie_project_ws/install/turtlebot3_msgs
[3.265s] Invoking command in '/Users/lihong/miniconda3/envs/ros2/csie_project_ws/build/turtlebot3_msgs': CONDA_PROMPT_MODIFIER=(ros2) SHLVL=2 _=/Users/lihong/miniconda3/envs/ros2/bin/env __CF_USER_TEXT_ENCODING=0x1F5:0x2:0x35 /Users/lihong/miniconda3/envs/ros2/bin/cmake --build /Users/lihong/miniconda3/envs/ros2/csie_project_ws/build/turtlebot3_msgs -- -j8 -l8
[3.330s] [  1%] Generating C code for ROS interfaces
[3.363s] [  1%] Built target ament_cmake_python_copy_turtlebot3_msgs
[3.363s] [  2%] Generating C++ code for ROS interfaces
[3.575s] running egg_info
[3.575s] creating turtlebot3_msgs.egg-info
[3.585s] writing turtlebot3_msgs.egg-info/PKG-INFO
[3.585s] writing dependency_links to turtlebot3_msgs.egg-info/dependency_links.txt
[3.585s] writing top-level names to turtlebot3_msgs.egg-info/top_level.txt
[3.585s] writing manifest file 'turtlebot3_msgs.egg-info/SOURCES.txt'
[3.626s] reading manifest file 'turtlebot3_msgs.egg-info/SOURCES.txt'
[3.627s] writing manifest file 'turtlebot3_msgs.egg-info/SOURCES.txt'
[3.661s] [  2%] Built target ament_cmake_python_build_turtlebot3_msgs_egg
[3.975s] [  4%] Building C object CMakeFiles/turtlebot3_msgs__rosidl_generator_c.dir/rosidl_generator_c/turtlebot3_msgs/msg/detail/sound__functions.c.o
[3.978s] [  4%] Built target turtlebot3_msgs__cpp
[3.984s] [  5%] Building C object CMakeFiles/turtlebot3_msgs__rosidl_generator_c.dir/rosidl_generator_c/turtlebot3_msgs/srv/detail/sound__functions.c.o
[3.985s] [  7%] Building C object CMakeFiles/turtlebot3_msgs__rosidl_generator_c.dir/rosidl_generator_c/turtlebot3_msgs/msg/detail/version_info__functions.c.o
[3.987s] [  9%] Building C object CMakeFiles/turtlebot3_msgs__rosidl_generator_c.dir/rosidl_generator_c/turtlebot3_msgs/srv/detail/dqn__functions.c.o
[3.988s] [  9%] Building C object CMakeFiles/turtlebot3_msgs__rosidl_generator_c.dir/rosidl_generator_c/turtlebot3_msgs/action/detail/patrol__functions.c.o
[3.992s] [ 11%] Building C object CMakeFiles/turtlebot3_msgs__rosidl_generator_c.dir/rosidl_generator_c/turtlebot3_msgs/msg/detail/sensor_state__functions.c.o
[4.015s] [ 12%] Generating C++ type support dispatch for ROS interfaces
[4.017s] [ 14%] Generating C++ type support for eProsima Fast-RTPS
[4.112s] [ 15%] Generating C++ introspection for ROS interfaces
[4.259s] [ 16%] Linking C shared library libturtlebot3_msgs__rosidl_generator_c.dylib
[4.357s] [ 16%] Built target turtlebot3_msgs__rosidl_generator_c
[4.377s] [ 18%] Generating C type support for eProsima Fast-RTPS
[4.388s] [ 19%] Generating C type support dispatch for ROS interfaces
[4.400s] [ 21%] Generating C introspection for ROS interfaces
[4.565s] [ 22%] Building CXX object CMakeFiles/turtlebot3_msgs__rosidl_typesupport_cpp.dir/rosidl_typesupport_cpp/turtlebot3_msgs/msg/sensor_state__type_support.cpp.o
[4.568s] [ 23%] Building CXX object CMakeFiles/turtlebot3_msgs__rosidl_typesupport_cpp.dir/rosidl_typesupport_cpp/turtlebot3_msgs/msg/version_info__type_support.cpp.o
[4.574s] [ 25%] Building CXX object CMakeFiles/turtlebot3_msgs__rosidl_typesupport_cpp.dir/rosidl_typesupport_cpp/turtlebot3_msgs/msg/sound__type_support.cpp.o
[4.960s] [ 26%] Building CXX object CMakeFiles/turtlebot3_msgs__rosidl_typesupport_fastrtps_cpp.dir/rosidl_typesupport_fastrtps_cpp/turtlebot3_msgs/msg/detail/dds_fastrtps/sensor_state__type_support.cpp.o
[4.980s] [ 28%] Building CXX object CMakeFiles/turtlebot3_msgs__rosidl_typesupport_introspection_cpp.dir/rosidl_typesupport_introspection_cpp/turtlebot3_msgs/msg/detail/sensor_state__type_support.cpp.o
[5.159s] [ 29%] Building CXX object CMakeFiles/turtlebot3_msgs__rosidl_typesupport_c.dir/rosidl_typesupport_c/turtlebot3_msgs/msg/sensor_state__type_support.cpp.o
[5.222s] [ 30%] Building CXX object CMakeFiles/turtlebot3_msgs__rosidl_typesupport_c.dir/rosidl_typesupport_c/turtlebot3_msgs/msg/sound__type_support.cpp.o
[5.288s] [ 32%] Building CXX object CMakeFiles/turtlebot3_msgs__rosidl_typesupport_c.dir/rosidl_typesupport_c/turtlebot3_msgs/msg/version_info__type_support.cpp.o
[5.304s] [ 33%] Building C object CMakeFiles/turtlebot3_msgs__rosidl_typesupport_introspection_c.dir/rosidl_typesupport_introspection_c/turtlebot3_msgs/msg/detail/sensor_state__type_support.c.o
[5.341s] [ 35%] Building CXX object CMakeFiles/turtlebot3_msgs__rosidl_typesupport_cpp.dir/rosidl_typesupport_cpp/turtlebot3_msgs/srv/sound__type_support.cpp.o
[5.355s] [ 36%] Building CXX object CMakeFiles/turtlebot3_msgs__rosidl_typesupport_c.dir/rosidl_typesupport_c/turtlebot3_msgs/srv/sound__type_support.cpp.o
[5.380s] [ 38%] Building C object CMakeFiles/turtlebot3_msgs__rosidl_typesupport_introspection_c.dir/rosidl_typesupport_introspection_c/turtlebot3_msgs/msg/detail/sound__type_support.c.o
[5.425s] [ 39%] Building CXX object CMakeFiles/turtlebot3_msgs__rosidl_typesupport_c.dir/rosidl_typesupport_c/turtlebot3_msgs/srv/dqn__type_support.cpp.o
[5.446s] [ 40%] Building C object CMakeFiles/turtlebot3_msgs__rosidl_typesupport_introspection_c.dir/rosidl_typesupport_introspection_c/turtlebot3_msgs/msg/detail/version_info__type_support.c.o
[5.460s] [ 42%] Building CXX object CMakeFiles/turtlebot3_msgs__rosidl_typesupport_cpp.dir/rosidl_typesupport_cpp/turtlebot3_msgs/srv/dqn__type_support.cpp.o
[5.481s] [ 43%] Building C object CMakeFiles/turtlebot3_msgs__rosidl_typesupport_introspection_c.dir/rosidl_typesupport_introspection_c/turtlebot3_msgs/srv/detail/sound__type_support.c.o
[5.514s] [ 45%] Building CXX object CMakeFiles/turtlebot3_msgs__rosidl_typesupport_fastrtps_c.dir/rosidl_typesupport_fastrtps_c/turtlebot3_msgs/msg/detail/sensor_state__type_support_c.cpp.o
[5.514s] [ 46%] Building CXX object CMakeFiles/turtlebot3_msgs__rosidl_typesupport_c.dir/rosidl_typesupport_c/turtlebot3_msgs/action/patrol__type_support.cpp.o
[5.551s] [ 47%] Building C object CMakeFiles/turtlebot3_msgs__rosidl_typesupport_introspection_c.dir/rosidl_typesupport_introspection_c/turtlebot3_msgs/srv/detail/dqn__type_support.c.o
[5.606s] [ 49%] Building C object CMakeFiles/turtlebot3_msgs__rosidl_typesupport_introspection_c.dir/rosidl_typesupport_introspection_c/turtlebot3_msgs/action/detail/patrol__type_support.c.o
[5.657s] [ 50%] Linking CXX shared library libturtlebot3_msgs__rosidl_typesupport_c.dylib
[5.667s] [ 52%] Building CXX object CMakeFiles/turtlebot3_msgs__rosidl_typesupport_fastrtps_c.dir/rosidl_typesupport_fastrtps_c/turtlebot3_msgs/msg/detail/sound__type_support_c.cpp.o
[5.720s] [ 53%] Linking C shared library libturtlebot3_msgs__rosidl_typesupport_introspection_c.dylib
[5.811s] [ 54%] Building CXX object CMakeFiles/turtlebot3_msgs__rosidl_typesupport_introspection_cpp.dir/rosidl_typesupport_introspection_cpp/turtlebot3_msgs/msg/detail/sound__type_support.cpp.o
[5.832s] [ 54%] Built target turtlebot3_msgs__rosidl_typesupport_c
[5.842s] [ 54%] Built target turtlebot3_msgs__rosidl_typesupport_introspection_c
[5.872s] [ 56%] Building CXX object CMakeFiles/turtlebot3_msgs__rosidl_typesupport_fastrtps_c.dir/rosidl_typesupport_fastrtps_c/turtlebot3_msgs/msg/detail/version_info__type_support_c.cpp.o
[5.874s] [ 57%] Building CXX object CMakeFiles/turtlebot3_msgs__rosidl_typesupport_fastrtps_c.dir/rosidl_typesupport_fastrtps_c/turtlebot3_msgs/srv/detail/sound__type_support_c.cpp.o
[5.950s] [ 59%] Building CXX object CMakeFiles/turtlebot3_msgs__rosidl_typesupport_cpp.dir/rosidl_typesupport_cpp/turtlebot3_msgs/action/patrol__type_support.cpp.o
[6.004s] [ 60%] Building CXX object CMakeFiles/turtlebot3_msgs__rosidl_typesupport_fastrtps_cpp.dir/rosidl_typesupport_fastrtps_cpp/turtlebot3_msgs/msg/detail/dds_fastrtps/sound__type_support.cpp.o
[6.211s] [ 61%] Building CXX object CMakeFiles/turtlebot3_msgs__rosidl_typesupport_fastrtps_c.dir/rosidl_typesupport_fastrtps_c/turtlebot3_msgs/srv/detail/dqn__type_support_c.cpp.o
[6.461s] [ 63%] Building CXX object CMakeFiles/turtlebot3_msgs__rosidl_typesupport_fastrtps_cpp.dir/rosidl_typesupport_fastrtps_cpp/turtlebot3_msgs/msg/detail/dds_fastrtps/version_info__type_support.cpp.o
[6.586s] [ 64%] Building CXX object CMakeFiles/turtlebot3_msgs__rosidl_typesupport_fastrtps_cpp.dir/rosidl_typesupport_fastrtps_cpp/turtlebot3_msgs/srv/detail/dds_fastrtps/sound__type_support.cpp.o
[6.673s] [ 66%] Building CXX object CMakeFiles/turtlebot3_msgs__rosidl_typesupport_introspection_cpp.dir/rosidl_typesupport_introspection_cpp/turtlebot3_msgs/msg/detail/version_info__type_support.cpp.o
[6.692s] [ 67%] Building CXX object CMakeFiles/turtlebot3_msgs__rosidl_typesupport_introspection_cpp.dir/rosidl_typesupport_introspection_cpp/turtlebot3_msgs/srv/detail/sound__type_support.cpp.o
[6.769s] [ 69%] Building CXX object CMakeFiles/turtlebot3_msgs__rosidl_typesupport_fastrtps_c.dir/rosidl_typesupport_fastrtps_c/turtlebot3_msgs/action/detail/patrol__type_support_c.cpp.o
[6.775s] [ 70%] Building CXX object CMakeFiles/turtlebot3_msgs__rosidl_typesupport_introspection_cpp.dir/rosidl_typesupport_introspection_cpp/turtlebot3_msgs/srv/detail/dqn__type_support.cpp.o
[6.858s] [ 71%] Linking CXX shared library libturtlebot3_msgs__rosidl_typesupport_cpp.dylib
[6.976s] [ 71%] Built target turtlebot3_msgs__rosidl_typesupport_cpp
[6.997s] [ 73%] Building CXX object CMakeFiles/turtlebot3_msgs__rosidl_typesupport_fastrtps_cpp.dir/rosidl_typesupport_fastrtps_cpp/turtlebot3_msgs/srv/detail/dds_fastrtps/dqn__type_support.cpp.o
[7.135s] [ 74%] Building CXX object CMakeFiles/turtlebot3_msgs__rosidl_typesupport_fastrtps_cpp.dir/rosidl_typesupport_fastrtps_cpp/turtlebot3_msgs/action/detail/dds_fastrtps/patrol__type_support.cpp.o
[7.417s] [ 76%] Building CXX object CMakeFiles/turtlebot3_msgs__rosidl_typesupport_introspection_cpp.dir/rosidl_typesupport_introspection_cpp/turtlebot3_msgs/action/detail/patrol__type_support.cpp.o
[7.489s] [ 77%] Linking CXX shared library libturtlebot3_msgs__rosidl_typesupport_fastrtps_c.dylib
[7.596s] [ 77%] Built target turtlebot3_msgs__rosidl_typesupport_fastrtps_c
[7.836s] [ 78%] Linking CXX shared library libturtlebot3_msgs__rosidl_typesupport_fastrtps_cpp.dylib
[7.908s] [ 78%] Built target turtlebot3_msgs__rosidl_typesupport_fastrtps_cpp
[7.997s] [ 80%] Linking CXX shared library libturtlebot3_msgs__rosidl_typesupport_introspection_cpp.dylib
[8.068s] [ 80%] Built target turtlebot3_msgs__rosidl_typesupport_introspection_cpp
[8.099s] [ 80%] Built target turtlebot3_msgs
[8.132s] [ 81%] Generating Python code for ROS interfaces
[8.978s] [ 81%] Built target turtlebot3_msgs__py
[9.017s] [ 84%] Building C object CMakeFiles/turtlebot3_msgs__rosidl_generator_py.dir/rosidl_generator_py/turtlebot3_msgs/srv/_sound_s.c.o
[9.017s] [ 84%] Building C object CMakeFiles/turtlebot3_msgs__rosidl_generator_py.dir/rosidl_generator_py/turtlebot3_msgs/msg/_version_info_s.c.o
[9.017s] [ 85%] Building C object CMakeFiles/turtlebot3_msgs__rosidl_generator_py.dir/rosidl_generator_py/turtlebot3_msgs/srv/_dqn_s.c.o
[9.021s] [ 88%] Building C object CMakeFiles/turtlebot3_msgs__rosidl_generator_py.dir/rosidl_generator_py/turtlebot3_msgs/msg/_sensor_state_s.c.o
[9.021s] [ 88%] Building C object CMakeFiles/turtlebot3_msgs__rosidl_generator_py.dir/rosidl_generator_py/turtlebot3_msgs/action/_patrol_s.c.o
[9.022s] [ 90%] Building C object CMakeFiles/turtlebot3_msgs__rosidl_generator_py.dir/rosidl_generator_py/turtlebot3_msgs/msg/_sound_s.c.o
[9.203s] [ 91%] Linking C shared library rosidl_generator_py/turtlebot3_msgs/libturtlebot3_msgs__rosidl_generator_py.dylib
[9.275s] [ 91%] Built target turtlebot3_msgs__rosidl_generator_py
[9.312s] [ 92%] Building C object CMakeFiles/turtlebot3_msgs__rosidl_typesupport_introspection_c__pyext.dir/rosidl_generator_py/turtlebot3_msgs/_turtlebot3_msgs_s.ep.rosidl_typesupport_introspection_c.c.o
[9.312s] [ 94%] Building C object CMakeFiles/turtlebot3_msgs__rosidl_typesupport_fastrtps_c__pyext.dir/rosidl_generator_py/turtlebot3_msgs/_turtlebot3_msgs_s.ep.rosidl_typesupport_fastrtps_c.c.o
[9.313s] [ 95%] Building C object CMakeFiles/turtlebot3_msgs__rosidl_typesupport_c__pyext.dir/rosidl_generator_py/turtlebot3_msgs/_turtlebot3_msgs_s.ep.rosidl_typesupport_c.c.o
[9.442s] [ 97%] Linking C shared library rosidl_generator_py/turtlebot3_msgs/turtlebot3_msgs_s__rosidl_typesupport_fastrtps_c.cpython-311-darwin.so
[9.442s] [ 98%] Linking C shared library rosidl_generator_py/turtlebot3_msgs/turtlebot3_msgs_s__rosidl_typesupport_introspection_c.cpython-311-darwin.so
[9.445s] [100%] Linking C shared library rosidl_generator_py/turtlebot3_msgs/turtlebot3_msgs_s__rosidl_typesupport_c.cpython-311-darwin.so
[9.521s] [100%] Built target turtlebot3_msgs__rosidl_typesupport_introspection_c__pyext
[9.525s] [100%] Built target turtlebot3_msgs__rosidl_typesupport_fastrtps_c__pyext
[9.526s] [100%] Built target turtlebot3_msgs__rosidl_typesupport_c__pyext
[9.541s] Invoked command in '/Users/lihong/miniconda3/envs/ros2/csie_project_ws/build/turtlebot3_msgs' returned '0': CONDA_PROMPT_MODIFIER=(ros2) SHLVL=2 _=/Users/lihong/miniconda3/envs/ros2/bin/env __CF_USER_TEXT_ENCODING=0x1F5:0x2:0x35 /Users/lihong/miniconda3/envs/ros2/bin/cmake --build /Users/lihong/miniconda3/envs/ros2/csie_project_ws/build/turtlebot3_msgs -- -j8 -l8
[10.018s] Invoking command in '/Users/lihong/miniconda3/envs/ros2/csie_project_ws/build/turtlebot3_msgs': CONDA_PROMPT_MODIFIER=(ros2) SHLVL=2 _=/Users/lihong/miniconda3/envs/ros2/bin/env __CF_USER_TEXT_ENCODING=0x1F5:0x2:0x35 /Users/lihong/miniconda3/envs/ros2/bin/cmake --install /Users/lihong/miniconda3/envs/ros2/csie_project_ws/build/turtlebot3_msgs
[10.028s] -- Install configuration: ""
[10.028s] -- Installing: /Users/lihong/miniconda3/envs/ros2/csie_project_ws/install/turtlebot3_msgs/share/ament_index/resource_index/rosidl_interfaces/turtlebot3_msgs
[10.028s] -- Installing: /Users/lihong/miniconda3/envs/ros2/csie_project_ws/install/turtlebot3_msgs/include/turtlebot3_msgs/turtlebot3_msgs
[10.029s] -- Installing: /Users/lihong/miniconda3/envs/ros2/csie_project_ws/install/turtlebot3_msgs/include/turtlebot3_msgs/turtlebot3_msgs/msg
[10.029s] -- Installing: /Users/lihong/miniconda3/envs/ros2/csie_project_ws/install/turtlebot3_msgs/include/turtlebot3_msgs/turtlebot3_msgs/msg/sound.h
[10.029s] -- Installing: /Users/lihong/miniconda3/envs/ros2/csie_project_ws/install/turtlebot3_msgs/include/turtlebot3_msgs/turtlebot3_msgs/msg/rosidl_generator_c__visibility_control.h
[10.029s] -- Installing: /Users/lihong/miniconda3/envs/ros2/csie_project_ws/install/turtlebot3_msgs/include/turtlebot3_msgs/turtlebot3_msgs/msg/version_info.h
[10.030s] -- Installing: /Users/lihong/miniconda3/envs/ros2/csie_project_ws/install/turtlebot3_msgs/include/turtlebot3_msgs/turtlebot3_msgs/msg/detail
[10.030s] -- Installing: /Users/lihong/miniconda3/envs/ros2/csie_project_ws/install/turtlebot3_msgs/include/turtlebot3_msgs/turtlebot3_msgs/msg/detail/sensor_state__type_support.h
[10.030s] -- Installing: /Users/lihong/miniconda3/envs/ros2/csie_project_ws/install/turtlebot3_msgs/include/turtlebot3_msgs/turtlebot3_msgs/msg/detail/version_info__struct.h
[10.030s] -- Installing: /Users/lihong/miniconda3/envs/ros2/csie_project_ws/install/turtlebot3_msgs/include/turtlebot3_msgs/turtlebot3_msgs/msg/detail/sensor_state__functions.c
[10.030s] -- Installing: /Users/lihong/miniconda3/envs/ros2/csie_project_ws/install/turtlebot3_msgs/include/turtlebot3_msgs/turtlebot3_msgs/msg/detail/sensor_state__struct.h
[10.031s] -- Installing: /Users/lihong/miniconda3/envs/ros2/csie_project_ws/install/turtlebot3_msgs/include/turtlebot3_msgs/turtlebot3_msgs/msg/detail/sound__functions.c
[10.031s] -- Installing: /Users/lihong/miniconda3/envs/ros2/csie_project_ws/install/turtlebot3_msgs/include/turtlebot3_msgs/turtlebot3_msgs/msg/detail/sound__type_support.h
[10.031s] -- Installing: /Users/lihong/miniconda3/envs/ros2/csie_project_ws/install/turtlebot3_msgs/include/turtlebot3_msgs/turtlebot3_msgs/msg/detail/sound__struct.h
[10.031s] -- Installing: /Users/lihong/miniconda3/envs/ros2/csie_project_ws/install/turtlebot3_msgs/include/turtlebot3_msgs/turtlebot3_msgs/msg/detail/version_info__functions.h
[10.031s] -- Installing: /Users/lihong/miniconda3/envs/ros2/csie_project_ws/install/turtlebot3_msgs/include/turtlebot3_msgs/turtlebot3_msgs/msg/detail/version_info__type_support.h
[10.032s] -- Installing: /Users/lihong/miniconda3/envs/ros2/csie_project_ws/install/turtlebot3_msgs/include/turtlebot3_msgs/turtlebot3_msgs/msg/detail/sensor_state__functions.h
[10.032s] -- Installing: /Users/lihong/miniconda3/envs/ros2/csie_project_ws/install/turtlebot3_msgs/include/turtlebot3_msgs/turtlebot3_msgs/msg/detail/sound__functions.h
[10.032s] -- Installing: /Users/lihong/miniconda3/envs/ros2/csie_project_ws/install/turtlebot3_msgs/include/turtlebot3_msgs/turtlebot3_msgs/msg/detail/version_info__functions.c
[10.032s] -- Installing: /Users/lihong/miniconda3/envs/ros2/csie_project_ws/install/turtlebot3_msgs/include/turtlebot3_msgs/turtlebot3_msgs/msg/sensor_state.h
[10.033s] -- Installing: /Users/lihong/miniconda3/envs/ros2/csie_project_ws/install/turtlebot3_msgs/include/turtlebot3_msgs/turtlebot3_msgs/action
[10.033s] -- Installing: /Users/lihong/miniconda3/envs/ros2/csie_project_ws/install/turtlebot3_msgs/include/turtlebot3_msgs/turtlebot3_msgs/action/detail
[10.033s] -- Installing: /Users/lihong/miniconda3/envs/ros2/csie_project_ws/install/turtlebot3_msgs/include/turtlebot3_msgs/turtlebot3_msgs/action/detail/patrol__functions.h
[10.033s] -- Installing: /Users/lihong/miniconda3/envs/ros2/csie_project_ws/install/turtlebot3_msgs/include/turtlebot3_msgs/turtlebot3_msgs/action/detail/patrol__type_support.h
[10.033s] -- Installing: /Users/lihong/miniconda3/envs/ros2/csie_project_ws/install/turtlebot3_msgs/include/turtlebot3_msgs/turtlebot3_msgs/action/detail/patrol__functions.c
[10.034s] -- Installing: /Users/lihong/miniconda3/envs/ros2/csie_project_ws/install/turtlebot3_msgs/include/turtlebot3_msgs/turtlebot3_msgs/action/detail/patrol__struct.h
[10.034s] -- Installing: /Users/lihong/miniconda3/envs/ros2/csie_project_ws/install/turtlebot3_msgs/include/turtlebot3_msgs/turtlebot3_msgs/action/patrol.h
[10.034s] -- Installing: /Users/lihong/miniconda3/envs/ros2/csie_project_ws/install/turtlebot3_msgs/include/turtlebot3_msgs/turtlebot3_msgs/srv
[10.034s] -- Installing: /Users/lihong/miniconda3/envs/ros2/csie_project_ws/install/turtlebot3_msgs/include/turtlebot3_msgs/turtlebot3_msgs/srv/sound.h
[10.034s] -- Installing: /Users/lihong/miniconda3/envs/ros2/csie_project_ws/install/turtlebot3_msgs/include/turtlebot3_msgs/turtlebot3_msgs/srv/detail
[10.034s] -- Installing: /Users/lihong/miniconda3/envs/ros2/csie_project_ws/install/turtlebot3_msgs/include/turtlebot3_msgs/turtlebot3_msgs/srv/detail/dqn__functions.h
[10.035s] -- Installing: /Users/lihong/miniconda3/envs/ros2/csie_project_ws/install/turtlebot3_msgs/include/turtlebot3_msgs/turtlebot3_msgs/srv/detail/sound__functions.c
[10.035s] -- Installing: /Users/lihong/miniconda3/envs/ros2/csie_project_ws/install/turtlebot3_msgs/include/turtlebot3_msgs/turtlebot3_msgs/srv/detail/sound__type_support.h
[10.035s] -- Installing: /Users/lihong/miniconda3/envs/ros2/csie_project_ws/install/turtlebot3_msgs/include/turtlebot3_msgs/turtlebot3_msgs/srv/detail/sound__struct.h
[10.035s] -- Installing: /Users/lihong/miniconda3/envs/ros2/csie_project_ws/install/turtlebot3_msgs/include/turtlebot3_msgs/turtlebot3_msgs/srv/detail/dqn__struct.h
[10.036s] -- Installing: /Users/lihong/miniconda3/envs/ros2/csie_project_ws/install/turtlebot3_msgs/include/turtlebot3_msgs/turtlebot3_msgs/srv/detail/dqn__type_support.h
[10.036s] -- Installing: /Users/lihong/miniconda3/envs/ros2/csie_project_ws/install/turtlebot3_msgs/include/turtlebot3_msgs/turtlebot3_msgs/srv/detail/dqn__functions.c
[10.036s] -- Installing: /Users/lihong/miniconda3/envs/ros2/csie_project_ws/install/turtlebot3_msgs/include/turtlebot3_msgs/turtlebot3_msgs/srv/detail/sound__functions.h
[10.036s] -- Installing: /Users/lihong/miniconda3/envs/ros2/csie_project_ws/install/turtlebot3_msgs/include/turtlebot3_msgs/turtlebot3_msgs/srv/dqn.h
[10.037s] -- Installing: /Users/lihong/miniconda3/envs/ros2/csie_project_ws/install/turtlebot3_msgs/lib/libturtlebot3_msgs__rosidl_generator_c.dylib
[10.037s] -- Up-to-date: /Users/lihong/miniconda3/envs/ros2/csie_project_ws/install/turtlebot3_msgs/include/turtlebot3_msgs/turtlebot3_msgs
[10.037s] -- Up-to-date: /Users/lihong/miniconda3/envs/ros2/csie_project_ws/install/turtlebot3_msgs/include/turtlebot3_msgs/turtlebot3_msgs/msg
[10.037s] -- Up-to-date: /Users/lihong/miniconda3/envs/ros2/csie_project_ws/install/turtlebot3_msgs/include/turtlebot3_msgs/turtlebot3_msgs/msg/detail
[10.037s] -- Installing: /Users/lihong/miniconda3/envs/ros2/csie_project_ws/install/turtlebot3_msgs/include/turtlebot3_msgs/turtlebot3_msgs/msg/detail/sensor_state__rosidl_typesupport_fastrtps_c.h
[10.037s] -- Installing: /Users/lihong/miniconda3/envs/ros2/csie_project_ws/install/turtlebot3_msgs/include/turtlebot3_msgs/turtlebot3_msgs/msg/detail/sound__rosidl_typesupport_fastrtps_c.h
[10.038s] -- Installing: /Users/lihong/miniconda3/envs/ros2/csie_project_ws/install/turtlebot3_msgs/include/turtlebot3_msgs/turtlebot3_msgs/msg/detail/version_info__rosidl_typesupport_fastrtps_c.h
[10.038s] -- Installing: /Users/lihong/miniconda3/envs/ros2/csie_project_ws/install/turtlebot3_msgs/include/turtlebot3_msgs/turtlebot3_msgs/msg/rosidl_typesupport_fastrtps_c__visibility_control.h
[10.038s] -- Up-to-date: /Users/lihong/miniconda3/envs/ros2/csie_project_ws/install/turtlebot3_msgs/include/turtlebot3_msgs/turtlebot3_msgs/action
[10.038s] -- Up-to-date: /Users/lihong/miniconda3/envs/ros2/csie_project_ws/install/turtlebot3_msgs/include/turtlebot3_msgs/turtlebot3_msgs/action/detail
[10.038s] -- Installing: /Users/lihong/miniconda3/envs/ros2/csie_project_ws/install/turtlebot3_msgs/include/turtlebot3_msgs/turtlebot3_msgs/action/detail/patrol__rosidl_typesupport_fastrtps_c.h
[10.038s] -- Up-to-date: /Users/lihong/miniconda3/envs/ros2/csie_project_ws/install/turtlebot3_msgs/include/turtlebot3_msgs/turtlebot3_msgs/srv
[10.039s] -- Up-to-date: /Users/lihong/miniconda3/envs/ros2/csie_project_ws/install/turtlebot3_msgs/include/turtlebot3_msgs/turtlebot3_msgs/srv/detail
[10.039s] -- Installing: /Users/lihong/miniconda3/envs/ros2/csie_project_ws/install/turtlebot3_msgs/include/turtlebot3_msgs/turtlebot3_msgs/srv/detail/sound__rosidl_typesupport_fastrtps_c.h
[10.039s] -- Installing: /Users/lihong/miniconda3/envs/ros2/csie_project_ws/install/turtlebot3_msgs/include/turtlebot3_msgs/turtlebot3_msgs/srv/detail/dqn__rosidl_typesupport_fastrtps_c.h
[10.039s] -- Installing: /Users/lihong/miniconda3/envs/ros2/csie_project_ws/install/turtlebot3_msgs/lib/libturtlebot3_msgs__rosidl_typesupport_fastrtps_c.dylib
[10.043s] /Users/lihong/miniconda3/envs/ros2/bin/install_name_tool: warning: changes being made to the file will invalidate the code signature in: /Users/lihong/miniconda3/envs/ros2/csie_project_ws/install/turtlebot3_msgs/lib/libturtlebot3_msgs__rosidl_typesupport_fastrtps_c.dylib
[10.043s] [cctools-port]: generating fake signature for '/Users/lihong/miniconda3/envs/ros2/csie_project_ws/install/turtlebot3_msgs/lib/libturtlebot3_msgs__rosidl_typesupport_fastrtps_c.dylib'
[10.055s] -- Up-to-date: /Users/lihong/miniconda3/envs/ros2/csie_project_ws/install/turtlebot3_msgs/include/turtlebot3_msgs/turtlebot3_msgs
[10.055s] -- Up-to-date: /Users/lihong/miniconda3/envs/ros2/csie_project_ws/install/turtlebot3_msgs/include/turtlebot3_msgs/turtlebot3_msgs/msg
[10.055s] -- Installing: /Users/lihong/miniconda3/envs/ros2/csie_project_ws/install/turtlebot3_msgs/include/turtlebot3_msgs/turtlebot3_msgs/msg/sensor_state.hpp
[10.055s] -- Installing: /Users/lihong/miniconda3/envs/ros2/csie_project_ws/install/turtlebot3_msgs/include/turtlebot3_msgs/turtlebot3_msgs/msg/sound.hpp
[10.056s] -- Installing: /Users/lihong/miniconda3/envs/ros2/csie_project_ws/install/turtlebot3_msgs/include/turtlebot3_msgs/turtlebot3_msgs/msg/version_info.hpp
[10.056s] -- Up-to-date: /Users/lihong/miniconda3/envs/ros2/csie_project_ws/install/turtlebot3_msgs/include/turtlebot3_msgs/turtlebot3_msgs/msg/detail
[10.056s] -- Installing: /Users/lihong/miniconda3/envs/ros2/csie_project_ws/install/turtlebot3_msgs/include/turtlebot3_msgs/turtlebot3_msgs/msg/detail/sound__struct.hpp
[10.056s] -- Installing: /Users/lihong/miniconda3/envs/ros2/csie_project_ws/install/turtlebot3_msgs/include/turtlebot3_msgs/turtlebot3_msgs/msg/detail/sound__builder.hpp
[10.056s] -- Installing: /Users/lihong/miniconda3/envs/ros2/csie_project_ws/install/turtlebot3_msgs/include/turtlebot3_msgs/turtlebot3_msgs/msg/detail/version_info__traits.hpp
[10.057s] -- Installing: /Users/lihong/miniconda3/envs/ros2/csie_project_ws/install/turtlebot3_msgs/include/turtlebot3_msgs/turtlebot3_msgs/msg/detail/sensor_state__builder.hpp
[10.057s] -- Installing: /Users/lihong/miniconda3/envs/ros2/csie_project_ws/install/turtlebot3_msgs/include/turtlebot3_msgs/turtlebot3_msgs/msg/detail/sound__type_support.hpp
[10.057s] -- Installing: /Users/lihong/miniconda3/envs/ros2/csie_project_ws/install/turtlebot3_msgs/include/turtlebot3_msgs/turtlebot3_msgs/msg/detail/sensor_state__struct.hpp
[10.057s] -- Installing: /Users/lihong/miniconda3/envs/ros2/csie_project_ws/install/turtlebot3_msgs/include/turtlebot3_msgs/turtlebot3_msgs/msg/detail/version_info__type_support.hpp
[10.058s] -- Installing: /Users/lihong/miniconda3/envs/ros2/csie_project_ws/install/turtlebot3_msgs/include/turtlebot3_msgs/turtlebot3_msgs/msg/detail/sound__traits.hpp
[10.058s] -- Installing: /Users/lihong/miniconda3/envs/ros2/csie_project_ws/install/turtlebot3_msgs/include/turtlebot3_msgs/turtlebot3_msgs/msg/detail/sensor_state__type_support.hpp
[10.058s] -- Installing: /Users/lihong/miniconda3/envs/ros2/csie_project_ws/install/turtlebot3_msgs/include/turtlebot3_msgs/turtlebot3_msgs/msg/detail/version_info__builder.hpp
[10.058s] -- Installing: /Users/lihong/miniconda3/envs/ros2/csie_project_ws/install/turtlebot3_msgs/include/turtlebot3_msgs/turtlebot3_msgs/msg/detail/version_info__struct.hpp
[10.058s] -- Installing: /Users/lihong/miniconda3/envs/ros2/csie_project_ws/install/turtlebot3_msgs/include/turtlebot3_msgs/turtlebot3_msgs/msg/detail/sensor_state__traits.hpp
[10.059s] -- Installing: /Users/lihong/miniconda3/envs/ros2/csie_project_ws/install/turtlebot3_msgs/include/turtlebot3_msgs/turtlebot3_msgs/msg/rosidl_generator_cpp__visibility_control.hpp
[10.059s] -- Up-to-date: /Users/lihong/miniconda3/envs/ros2/csie_project_ws/install/turtlebot3_msgs/include/turtlebot3_msgs/turtlebot3_msgs/action
[10.059s] -- Up-to-date: /Users/lihong/miniconda3/envs/ros2/csie_project_ws/install/turtlebot3_msgs/include/turtlebot3_msgs/turtlebot3_msgs/action/detail
[10.059s] -- Installing: /Users/lihong/miniconda3/envs/ros2/csie_project_ws/install/turtlebot3_msgs/include/turtlebot3_msgs/turtlebot3_msgs/action/detail/patrol__traits.hpp
[10.059s] -- Installing: /Users/lihong/miniconda3/envs/ros2/csie_project_ws/install/turtlebot3_msgs/include/turtlebot3_msgs/turtlebot3_msgs/action/detail/patrol__struct.hpp
[10.060s] -- Installing: /Users/lihong/miniconda3/envs/ros2/csie_project_ws/install/turtlebot3_msgs/include/turtlebot3_msgs/turtlebot3_msgs/action/detail/patrol__type_support.hpp
[10.060s] -- Installing: /Users/lihong/miniconda3/envs/ros2/csie_project_ws/install/turtlebot3_msgs/include/turtlebot3_msgs/turtlebot3_msgs/action/detail/patrol__builder.hpp
[10.060s] -- Installing: /Users/lihong/miniconda3/envs/ros2/csie_project_ws/install/turtlebot3_msgs/include/turtlebot3_msgs/turtlebot3_msgs/action/patrol.hpp
[10.060s] -- Up-to-date: /Users/lihong/miniconda3/envs/ros2/csie_project_ws/install/turtlebot3_msgs/include/turtlebot3_msgs/turtlebot3_msgs/srv
[10.060s] -- Installing: /Users/lihong/miniconda3/envs/ros2/csie_project_ws/install/turtlebot3_msgs/include/turtlebot3_msgs/turtlebot3_msgs/srv/sound.hpp
[10.061s] -- Up-to-date: /Users/lihong/miniconda3/envs/ros2/csie_project_ws/install/turtlebot3_msgs/include/turtlebot3_msgs/turtlebot3_msgs/srv/detail
[10.061s] -- Installing: /Users/lihong/miniconda3/envs/ros2/csie_project_ws/install/turtlebot3_msgs/include/turtlebot3_msgs/turtlebot3_msgs/srv/detail/dqn__struct.hpp
[10.061s] -- Installing: /Users/lihong/miniconda3/envs/ros2/csie_project_ws/install/turtlebot3_msgs/include/turtlebot3_msgs/turtlebot3_msgs/srv/detail/sound__struct.hpp
[10.061s] -- Installing: /Users/lihong/miniconda3/envs/ros2/csie_project_ws/install/turtlebot3_msgs/include/turtlebot3_msgs/turtlebot3_msgs/srv/detail/sound__builder.hpp
[10.062s] -- Installing: /Users/lihong/miniconda3/envs/ros2/csie_project_ws/install/turtlebot3_msgs/include/turtlebot3_msgs/turtlebot3_msgs/srv/detail/sound__type_support.hpp
[10.062s] -- Installing: /Users/lihong/miniconda3/envs/ros2/csie_project_ws/install/turtlebot3_msgs/include/turtlebot3_msgs/turtlebot3_msgs/srv/detail/dqn__type_support.hpp
[10.062s] -- Installing: /Users/lihong/miniconda3/envs/ros2/csie_project_ws/install/turtlebot3_msgs/include/turtlebot3_msgs/turtlebot3_msgs/srv/detail/sound__traits.hpp
[10.062s] -- Installing: /Users/lihong/miniconda3/envs/ros2/csie_project_ws/install/turtlebot3_msgs/include/turtlebot3_msgs/turtlebot3_msgs/srv/detail/dqn__traits.hpp
[10.062s] -- Installing: /Users/lihong/miniconda3/envs/ros2/csie_project_ws/install/turtlebot3_msgs/include/turtlebot3_msgs/turtlebot3_msgs/srv/detail/dqn__builder.hpp
[10.063s] -- Installing: /Users/lihong/miniconda3/envs/ros2/csie_project_ws/install/turtlebot3_msgs/include/turtlebot3_msgs/turtlebot3_msgs/srv/dqn.hpp
[10.063s] -- Up-to-date: /Users/lihong/miniconda3/envs/ros2/csie_project_ws/install/turtlebot3_msgs/include/turtlebot3_msgs/turtlebot3_msgs
[10.063s] -- Up-to-date: /Users/lihong/miniconda3/envs/ros2/csie_project_ws/install/turtlebot3_msgs/include/turtlebot3_msgs/turtlebot3_msgs/msg
[10.063s] -- Installing: /Users/lihong/miniconda3/envs/ros2/csie_project_ws/install/turtlebot3_msgs/include/turtlebot3_msgs/turtlebot3_msgs/msg/rosidl_typesupport_fastrtps_cpp__visibility_control.h
[10.063s] -- Up-to-date: /Users/lihong/miniconda3/envs/ros2/csie_project_ws/install/turtlebot3_msgs/include/turtlebot3_msgs/turtlebot3_msgs/msg/detail
[10.063s] -- Installing: /Users/lihong/miniconda3/envs/ros2/csie_project_ws/install/turtlebot3_msgs/include/turtlebot3_msgs/turtlebot3_msgs/msg/detail/sound__rosidl_typesupport_fastrtps_cpp.hpp
[10.063s] -- Installing: /Users/lihong/miniconda3/envs/ros2/csie_project_ws/install/turtlebot3_msgs/include/turtlebot3_msgs/turtlebot3_msgs/msg/detail/version_info__rosidl_typesupport_fastrtps_cpp.hpp
[10.064s] -- Installing: /Users/lihong/miniconda3/envs/ros2/csie_project_ws/install/turtlebot3_msgs/include/turtlebot3_msgs/turtlebot3_msgs/msg/detail/sensor_state__rosidl_typesupport_fastrtps_cpp.hpp
[10.064s] -- Installing: /Users/lihong/miniconda3/envs/ros2/csie_project_ws/install/turtlebot3_msgs/include/turtlebot3_msgs/turtlebot3_msgs/msg/detail/dds_fastrtps
[10.064s] -- Up-to-date: /Users/lihong/miniconda3/envs/ros2/csie_project_ws/install/turtlebot3_msgs/include/turtlebot3_msgs/turtlebot3_msgs/action
[10.064s] -- Up-to-date: /Users/lihong/miniconda3/envs/ros2/csie_project_ws/install/turtlebot3_msgs/include/turtlebot3_msgs/turtlebot3_msgs/action/detail
[10.064s] -- Installing: /Users/lihong/miniconda3/envs/ros2/csie_project_ws/install/turtlebot3_msgs/include/turtlebot3_msgs/turtlebot3_msgs/action/detail/patrol__rosidl_typesupport_fastrtps_cpp.hpp
[10.064s] -- Installing: /Users/lihong/miniconda3/envs/ros2/csie_project_ws/install/turtlebot3_msgs/include/turtlebot3_msgs/turtlebot3_msgs/action/detail/dds_fastrtps
[10.064s] -- Up-to-date: /Users/lihong/miniconda3/envs/ros2/csie_project_ws/install/turtlebot3_msgs/include/turtlebot3_msgs/turtlebot3_msgs/srv
[10.065s] -- Up-to-date: /Users/lihong/miniconda3/envs/ros2/csie_project_ws/install/turtlebot3_msgs/include/turtlebot3_msgs/turtlebot3_msgs/srv/detail
[10.065s] -- Installing: /Users/lihong/miniconda3/envs/ros2/csie_project_ws/install/turtlebot3_msgs/include/turtlebot3_msgs/turtlebot3_msgs/srv/detail/sound__rosidl_typesupport_fastrtps_cpp.hpp
[10.065s] -- Installing: /Users/lihong/miniconda3/envs/ros2/csie_project_ws/install/turtlebot3_msgs/include/turtlebot3_msgs/turtlebot3_msgs/srv/detail/dds_fastrtps
[10.065s] -- Installing: /Users/lihong/miniconda3/envs/ros2/csie_project_ws/install/turtlebot3_msgs/include/turtlebot3_msgs/turtlebot3_msgs/srv/detail/dqn__rosidl_typesupport_fastrtps_cpp.hpp
[10.065s] -- Installing: /Users/lihong/miniconda3/envs/ros2/csie_project_ws/install/turtlebot3_msgs/lib/libturtlebot3_msgs__rosidl_typesupport_fastrtps_cpp.dylib
[10.065s] -- Up-to-date: /Users/lihong/miniconda3/envs/ros2/csie_project_ws/install/turtlebot3_msgs/include/turtlebot3_msgs/turtlebot3_msgs
[10.066s] -- Up-to-date: /Users/lihong/miniconda3/envs/ros2/csie_project_ws/install/turtlebot3_msgs/include/turtlebot3_msgs/turtlebot3_msgs/msg
[10.066s] -- Up-to-date: /Users/lihong/miniconda3/envs/ros2/csie_project_ws/install/turtlebot3_msgs/include/turtlebot3_msgs/turtlebot3_msgs/msg/detail
[10.066s] -- Installing: /Users/lihong/miniconda3/envs/ros2/csie_project_ws/install/turtlebot3_msgs/include/turtlebot3_msgs/turtlebot3_msgs/msg/detail/version_info__type_support.c
[10.066s] -- Installing: /Users/lihong/miniconda3/envs/ros2/csie_project_ws/install/turtlebot3_msgs/include/turtlebot3_msgs/turtlebot3_msgs/msg/detail/version_info__rosidl_typesupport_introspection_c.h
[10.066s] -- Installing: /Users/lihong/miniconda3/envs/ros2/csie_project_ws/install/turtlebot3_msgs/include/turtlebot3_msgs/turtlebot3_msgs/msg/detail/sensor_state__type_support.c
[10.066s] -- Installing: /Users/lihong/miniconda3/envs/ros2/csie_project_ws/install/turtlebot3_msgs/include/turtlebot3_msgs/turtlebot3_msgs/msg/detail/sound__rosidl_typesupport_introspection_c.h
[10.066s] -- Installing: /Users/lihong/miniconda3/envs/ros2/csie_project_ws/install/turtlebot3_msgs/include/turtlebot3_msgs/turtlebot3_msgs/msg/detail/sensor_state__rosidl_typesupport_introspection_c.h
[10.067s] -- Installing: /Users/lihong/miniconda3/envs/ros2/csie_project_ws/install/turtlebot3_msgs/include/turtlebot3_msgs/turtlebot3_msgs/msg/detail/sound__type_support.c
[10.067s] -- Installing: /Users/lihong/miniconda3/envs/ros2/csie_project_ws/install/turtlebot3_msgs/include/turtlebot3_msgs/turtlebot3_msgs/msg/rosidl_typesupport_introspection_c__visibility_control.h
[10.067s] -- Up-to-date: /Users/lihong/miniconda3/envs/ros2/csie_project_ws/install/turtlebot3_msgs/include/turtlebot3_msgs/turtlebot3_msgs/action
[10.067s] -- Up-to-date: /Users/lihong/miniconda3/envs/ros2/csie_project_ws/install/turtlebot3_msgs/include/turtlebot3_msgs/turtlebot3_msgs/action/detail
[10.067s] -- Installing: /Users/lihong/miniconda3/envs/ros2/csie_project_ws/install/turtlebot3_msgs/include/turtlebot3_msgs/turtlebot3_msgs/action/detail/patrol__type_support.c
[10.067s] -- Installing: /Users/lihong/miniconda3/envs/ros2/csie_project_ws/install/turtlebot3_msgs/include/turtlebot3_msgs/turtlebot3_msgs/action/detail/patrol__rosidl_typesupport_introspection_c.h
[10.068s] -- Up-to-date: /Users/lihong/miniconda3/envs/ros2/csie_project_ws/install/turtlebot3_msgs/include/turtlebot3_msgs/turtlebot3_msgs/srv
[10.068s] -- Up-to-date: /Users/lihong/miniconda3/envs/ros2/csie_project_ws/install/turtlebot3_msgs/include/turtlebot3_msgs/turtlebot3_msgs/srv/detail
[10.068s] -- Installing: /Users/lihong/miniconda3/envs/ros2/csie_project_ws/install/turtlebot3_msgs/include/turtlebot3_msgs/turtlebot3_msgs/srv/detail/dqn__type_support.c
[10.068s] -- Installing: /Users/lihong/miniconda3/envs/ros2/csie_project_ws/install/turtlebot3_msgs/include/turtlebot3_msgs/turtlebot3_msgs/srv/detail/dqn__rosidl_typesupport_introspection_c.h
[10.068s] -- Installing: /Users/lihong/miniconda3/envs/ros2/csie_project_ws/install/turtlebot3_msgs/include/turtlebot3_msgs/turtlebot3_msgs/srv/detail/sound__rosidl_typesupport_introspection_c.h
[10.068s] -- Installing: /Users/lihong/miniconda3/envs/ros2/csie_project_ws/install/turtlebot3_msgs/include/turtlebot3_msgs/turtlebot3_msgs/srv/detail/sound__type_support.c
[10.069s] -- Installing: /Users/lihong/miniconda3/envs/ros2/csie_project_ws/install/turtlebot3_msgs/lib/libturtlebot3_msgs__rosidl_typesupport_introspection_c.dylib
[10.071s] /Users/lihong/miniconda3/envs/ros2/bin/install_name_tool: warning: changes being made to the file will invalidate the code signature in: /Users/lihong/miniconda3/envs/ros2/csie_project_ws/install/turtlebot3_msgs/lib/libturtlebot3_msgs__rosidl_typesupport_introspection_c.dylib
[10.071s] [cctools-port]: generating fake signature for '/Users/lihong/miniconda3/envs/ros2/csie_project_ws/install/turtlebot3_msgs/lib/libturtlebot3_msgs__rosidl_typesupport_introspection_c.dylib'
[10.080s] -- Installing: /Users/lihong/miniconda3/envs/ros2/csie_project_ws/install/turtlebot3_msgs/lib/libturtlebot3_msgs__rosidl_typesupport_c.dylib
[10.082s] /Users/lihong/miniconda3/envs/ros2/bin/install_name_tool: warning: changes being made to the file will invalidate the code signature in: /Users/lihong/miniconda3/envs/ros2/csie_project_ws/install/turtlebot3_msgs/lib/libturtlebot3_msgs__rosidl_typesupport_c.dylib
[10.082s] [cctools-port]: generating fake signature for '/Users/lihong/miniconda3/envs/ros2/csie_project_ws/install/turtlebot3_msgs/lib/libturtlebot3_msgs__rosidl_typesupport_c.dylib'
[10.091s] -- Up-to-date: /Users/lihong/miniconda3/envs/ros2/csie_project_ws/install/turtlebot3_msgs/include/turtlebot3_msgs/turtlebot3_msgs
[10.091s] -- Up-to-date: /Users/lihong/miniconda3/envs/ros2/csie_project_ws/install/turtlebot3_msgs/include/turtlebot3_msgs/turtlebot3_msgs/msg
[10.092s] -- Up-to-date: /Users/lihong/miniconda3/envs/ros2/csie_project_ws/install/turtlebot3_msgs/include/turtlebot3_msgs/turtlebot3_msgs/msg/detail
[10.092s] -- Installing: /Users/lihong/miniconda3/envs/ros2/csie_project_ws/install/turtlebot3_msgs/include/turtlebot3_msgs/turtlebot3_msgs/msg/detail/version_info__rosidl_typesupport_introspection_cpp.hpp
[10.092s] -- Installing: /Users/lihong/miniconda3/envs/ros2/csie_project_ws/install/turtlebot3_msgs/include/turtlebot3_msgs/turtlebot3_msgs/msg/detail/version_info__type_support.cpp
[10.092s] -- Installing: /Users/lihong/miniconda3/envs/ros2/csie_project_ws/install/turtlebot3_msgs/include/turtlebot3_msgs/turtlebot3_msgs/msg/detail/sensor_state__type_support.cpp
[10.092s] -- Installing: /Users/lihong/miniconda3/envs/ros2/csie_project_ws/install/turtlebot3_msgs/include/turtlebot3_msgs/turtlebot3_msgs/msg/detail/sound__rosidl_typesupport_introspection_cpp.hpp
[10.092s] -- Installing: /Users/lihong/miniconda3/envs/ros2/csie_project_ws/install/turtlebot3_msgs/include/turtlebot3_msgs/turtlebot3_msgs/msg/detail/sound__type_support.cpp
[10.093s] -- Installing: /Users/lihong/miniconda3/envs/ros2/csie_project_ws/install/turtlebot3_msgs/include/turtlebot3_msgs/turtlebot3_msgs/msg/detail/sensor_state__rosidl_typesupport_introspection_cpp.hpp
[10.093s] -- Up-to-date: /Users/lihong/miniconda3/envs/ros2/csie_project_ws/install/turtlebot3_msgs/include/turtlebot3_msgs/turtlebot3_msgs/action
[10.093s] -- Up-to-date: /Users/lihong/miniconda3/envs/ros2/csie_project_ws/install/turtlebot3_msgs/include/turtlebot3_msgs/turtlebot3_msgs/action/detail
[10.093s] -- Installing: /Users/lihong/miniconda3/envs/ros2/csie_project_ws/install/turtlebot3_msgs/include/turtlebot3_msgs/turtlebot3_msgs/action/detail/patrol__type_support.cpp
[10.093s] -- Installing: /Users/lihong/miniconda3/envs/ros2/csie_project_ws/install/turtlebot3_msgs/include/turtlebot3_msgs/turtlebot3_msgs/action/detail/patrol__rosidl_typesupport_introspection_cpp.hpp
[10.094s] -- Up-to-date: /Users/lihong/miniconda3/envs/ros2/csie_project_ws/install/turtlebot3_msgs/include/turtlebot3_msgs/turtlebot3_msgs/srv
[10.094s] -- Up-to-date: /Users/lihong/miniconda3/envs/ros2/csie_project_ws/install/turtlebot3_msgs/include/turtlebot3_msgs/turtlebot3_msgs/srv/detail
[10.094s] -- Installing: /Users/lihong/miniconda3/envs/ros2/csie_project_ws/install/turtlebot3_msgs/include/turtlebot3_msgs/turtlebot3_msgs/srv/detail/dqn__type_support.cpp
[10.094s] -- Installing: /Users/lihong/miniconda3/envs/ros2/csie_project_ws/install/turtlebot3_msgs/include/turtlebot3_msgs/turtlebot3_msgs/srv/detail/sound__rosidl_typesupport_introspection_cpp.hpp
[10.094s] -- Installing: /Users/lihong/miniconda3/envs/ros2/csie_project_ws/install/turtlebot3_msgs/include/turtlebot3_msgs/turtlebot3_msgs/srv/detail/dqn__rosidl_typesupport_introspection_cpp.hpp
[10.094s] -- Installing: /Users/lihong/miniconda3/envs/ros2/csie_project_ws/install/turtlebot3_msgs/include/turtlebot3_msgs/turtlebot3_msgs/srv/detail/sound__type_support.cpp
[10.095s] -- Installing: /Users/lihong/miniconda3/envs/ros2/csie_project_ws/install/turtlebot3_msgs/lib/libturtlebot3_msgs__rosidl_typesupport_introspection_cpp.dylib
[10.095s] -- Installing: /Users/lihong/miniconda3/envs/ros2/csie_project_ws/install/turtlebot3_msgs/lib/libturtlebot3_msgs__rosidl_typesupport_cpp.dylib
[10.095s] -- Installing: /Users/lihong/miniconda3/envs/ros2/csie_project_ws/install/turtlebot3_msgs/share/turtlebot3_msgs/environment/pythonpath.sh
[10.095s] -- Installing: /Users/lihong/miniconda3/envs/ros2/csie_project_ws/install/turtlebot3_msgs/share/turtlebot3_msgs/environment/pythonpath.dsv
[10.096s] -- Installing: /Users/lihong/miniconda3/envs/ros2/csie_project_ws/install/turtlebot3_msgs/lib/python3.11/site-packages/turtlebot3_msgs-2.2.3-py3.11.egg-info
[10.096s] -- Installing: /Users/lihong/miniconda3/envs/ros2/csie_project_ws/install/turtlebot3_msgs/lib/python3.11/site-packages/turtlebot3_msgs-2.2.3-py3.11.egg-info/PKG-INFO
[10.096s] -- Installing: /Users/lihong/miniconda3/envs/ros2/csie_project_ws/install/turtlebot3_msgs/lib/python3.11/site-packages/turtlebot3_msgs-2.2.3-py3.11.egg-info/SOURCES.txt
[10.096s] -- Installing: /Users/lihong/miniconda3/envs/ros2/csie_project_ws/install/turtlebot3_msgs/lib/python3.11/site-packages/turtlebot3_msgs-2.2.3-py3.11.egg-info/top_level.txt
[10.097s] -- Installing: /Users/lihong/miniconda3/envs/ros2/csie_project_ws/install/turtlebot3_msgs/lib/python3.11/site-packages/turtlebot3_msgs-2.2.3-py3.11.egg-info/dependency_links.txt
[10.097s] -- Installing: /Users/lihong/miniconda3/envs/ros2/csie_project_ws/install/turtlebot3_msgs/lib/python3.11/site-packages/turtlebot3_msgs
[10.097s] -- Installing: /Users/lihong/miniconda3/envs/ros2/csie_project_ws/install/turtlebot3_msgs/lib/python3.11/site-packages/turtlebot3_msgs/_turtlebot3_msgs_s.ep.rosidl_typesupport_c.c
[10.097s] -- Installing: /Users/lihong/miniconda3/envs/ros2/csie_project_ws/install/turtlebot3_msgs/lib/python3.11/site-packages/turtlebot3_msgs/_turtlebot3_msgs_s.ep.rosidl_typesupport_introspection_c.c
[10.097s] -- Installing: /Users/lihong/miniconda3/envs/ros2/csie_project_ws/install/turtlebot3_msgs/lib/python3.11/site-packages/turtlebot3_msgs/msg
[10.097s] -- Installing: /Users/lihong/miniconda3/envs/ros2/csie_project_ws/install/turtlebot3_msgs/lib/python3.11/site-packages/turtlebot3_msgs/msg/_sound.py
[10.098s] -- Installing: /Users/lihong/miniconda3/envs/ros2/csie_project_ws/install/turtlebot3_msgs/lib/python3.11/site-packages/turtlebot3_msgs/msg/__init__.py
[10.098s] -- Installing: /Users/lihong/miniconda3/envs/ros2/csie_project_ws/install/turtlebot3_msgs/lib/python3.11/site-packages/turtlebot3_msgs/msg/_version_info_s.c
[10.098s] -- Installing: /Users/lihong/miniconda3/envs/ros2/csie_project_ws/install/turtlebot3_msgs/lib/python3.11/site-packages/turtlebot3_msgs/msg/_sensor_state.py
[10.098s] -- Installing: /Users/lihong/miniconda3/envs/ros2/csie_project_ws/install/turtlebot3_msgs/lib/python3.11/site-packages/turtlebot3_msgs/msg/_sensor_state_s.c
[10.098s] -- Installing: /Users/lihong/miniconda3/envs/ros2/csie_project_ws/install/turtlebot3_msgs/lib/python3.11/site-packages/turtlebot3_msgs/msg/_sound_s.c
[10.099s] -- Installing: /Users/lihong/miniconda3/envs/ros2/csie_project_ws/install/turtlebot3_msgs/lib/python3.11/site-packages/turtlebot3_msgs/msg/_version_info.py
[10.099s] -- Installing: /Users/lihong/miniconda3/envs/ros2/csie_project_ws/install/turtlebot3_msgs/lib/python3.11/site-packages/turtlebot3_msgs/__init__.py
[10.099s] -- Installing: /Users/lihong/miniconda3/envs/ros2/csie_project_ws/install/turtlebot3_msgs/lib/python3.11/site-packages/turtlebot3_msgs/action
[10.099s] -- Installing: /Users/lihong/miniconda3/envs/ros2/csie_project_ws/install/turtlebot3_msgs/lib/python3.11/site-packages/turtlebot3_msgs/action/__init__.py
[10.099s] -- Installing: /Users/lihong/miniconda3/envs/ros2/csie_project_ws/install/turtlebot3_msgs/lib/python3.11/site-packages/turtlebot3_msgs/action/_patrol.py
[10.100s] -- Installing: /Users/lihong/miniconda3/envs/ros2/csie_project_ws/install/turtlebot3_msgs/lib/python3.11/site-packages/turtlebot3_msgs/action/_patrol_s.c
[10.100s] -- Installing: /Users/lihong/miniconda3/envs/ros2/csie_project_ws/install/turtlebot3_msgs/lib/python3.11/site-packages/turtlebot3_msgs/_turtlebot3_msgs_s.ep.rosidl_typesupport_fastrtps_c.c
[10.100s] -- Installing: /Users/lihong/miniconda3/envs/ros2/csie_project_ws/install/turtlebot3_msgs/lib/python3.11/site-packages/turtlebot3_msgs/libturtlebot3_msgs__rosidl_generator_py.dylib
[10.100s] -- Installing: /Users/lihong/miniconda3/envs/ros2/csie_project_ws/install/turtlebot3_msgs/lib/python3.11/site-packages/turtlebot3_msgs/turtlebot3_msgs_s__rosidl_typesupport_introspection_c.cpython-311-darwin.so
[10.101s] -- Installing: /Users/lihong/miniconda3/envs/ros2/csie_project_ws/install/turtlebot3_msgs/lib/python3.11/site-packages/turtlebot3_msgs/turtlebot3_msgs_s__rosidl_typesupport_c.cpython-311-darwin.so
[10.101s] -- Installing: /Users/lihong/miniconda3/envs/ros2/csie_project_ws/install/turtlebot3_msgs/lib/python3.11/site-packages/turtlebot3_msgs/turtlebot3_msgs_s__rosidl_typesupport_fastrtps_c.cpython-311-darwin.so
[10.101s] -- Installing: /Users/lihong/miniconda3/envs/ros2/csie_project_ws/install/turtlebot3_msgs/lib/python3.11/site-packages/turtlebot3_msgs/srv
[10.101s] -- Installing: /Users/lihong/miniconda3/envs/ros2/csie_project_ws/install/turtlebot3_msgs/lib/python3.11/site-packages/turtlebot3_msgs/srv/_dqn.py
[10.102s] -- Installing: /Users/lihong/miniconda3/envs/ros2/csie_project_ws/install/turtlebot3_msgs/lib/python3.11/site-packages/turtlebot3_msgs/srv/_sound.py
[10.102s] -- Installing: /Users/lihong/miniconda3/envs/ros2/csie_project_ws/install/turtlebot3_msgs/lib/python3.11/site-packages/turtlebot3_msgs/srv/__init__.py
[10.102s] -- Installing: /Users/lihong/miniconda3/envs/ros2/csie_project_ws/install/turtlebot3_msgs/lib/python3.11/site-packages/turtlebot3_msgs/srv/_dqn_s.c
[10.103s] -- Installing: /Users/lihong/miniconda3/envs/ros2/csie_project_ws/install/turtlebot3_msgs/lib/python3.11/site-packages/turtlebot3_msgs/srv/_sound_s.c
[10.127s] Listing 'lib/python3.11/site-packages/turtlebot3_msgs'...
[10.127s] Can't list 'lib/python3.11/site-packages/turtlebot3_msgs'
[10.131s] -- Up-to-date: /Users/lihong/miniconda3/envs/ros2/csie_project_ws/install/turtlebot3_msgs/lib/python3.11/site-packages/turtlebot3_msgs/turtlebot3_msgs_s__rosidl_typesupport_fastrtps_c.cpython-311-darwin.so
[10.133s] /Users/lihong/miniconda3/envs/ros2/bin/install_name_tool: warning: changes being made to the file will invalidate the code signature in: /Users/lihong/miniconda3/envs/ros2/csie_project_ws/install/turtlebot3_msgs/lib/python3.11/site-packages/turtlebot3_msgs/turtlebot3_msgs_s__rosidl_typesupport_fastrtps_c.cpython-311-darwin.so
[10.134s] [cctools-port]: generating fake signature for '/Users/lihong/miniconda3/envs/ros2/csie_project_ws/install/turtlebot3_msgs/lib/python3.11/site-packages/turtlebot3_msgs/turtlebot3_msgs_s__rosidl_typesupport_fastrtps_c.cpython-311-darwin.so'
[10.143s] -- Up-to-date: /Users/lihong/miniconda3/envs/ros2/csie_project_ws/install/turtlebot3_msgs/lib/python3.11/site-packages/turtlebot3_msgs/turtlebot3_msgs_s__rosidl_typesupport_introspection_c.cpython-311-darwin.so
[10.144s] /Users/lihong/miniconda3/envs/ros2/bin/install_name_tool: warning: changes being made to the file will invalidate the code signature in: /Users/lihong/miniconda3/envs/ros2/csie_project_ws/install/turtlebot3_msgs/lib/python3.11/site-packages/turtlebot3_msgs/turtlebot3_msgs_s__rosidl_typesupport_introspection_c.cpython-311-darwin.so
[10.145s] [cctools-port]: generating fake signature for '/Users/lihong/miniconda3/envs/ros2/csie_project_ws/install/turtlebot3_msgs/lib/python3.11/site-packages/turtlebot3_msgs/turtlebot3_msgs_s__rosidl_typesupport_introspection_c.cpython-311-darwin.so'
[10.155s] -- Up-to-date: /Users/lihong/miniconda3/envs/ros2/csie_project_ws/install/turtlebot3_msgs/lib/python3.11/site-packages/turtlebot3_msgs/turtlebot3_msgs_s__rosidl_typesupport_c.cpython-311-darwin.so
[10.156s] /Users/lihong/miniconda3/envs/ros2/bin/install_name_tool: warning: changes being made to the file will invalidate the code signature in: /Users/lihong/miniconda3/envs/ros2/csie_project_ws/install/turtlebot3_msgs/lib/python3.11/site-packages/turtlebot3_msgs/turtlebot3_msgs_s__rosidl_typesupport_c.cpython-311-darwin.so
[10.157s] [cctools-port]: generating fake signature for '/Users/lihong/miniconda3/envs/ros2/csie_project_ws/install/turtlebot3_msgs/lib/python3.11/site-packages/turtlebot3_msgs/turtlebot3_msgs_s__rosidl_typesupport_c.cpython-311-darwin.so'
[10.166s] -- Installing: /Users/lihong/miniconda3/envs/ros2/csie_project_ws/install/turtlebot3_msgs/lib/libturtlebot3_msgs__rosidl_generator_py.dylib
[10.168s] /Users/lihong/miniconda3/envs/ros2/bin/install_name_tool: warning: changes being made to the file will invalidate the code signature in: /Users/lihong/miniconda3/envs/ros2/csie_project_ws/install/turtlebot3_msgs/lib/libturtlebot3_msgs__rosidl_generator_py.dylib
[10.168s] [cctools-port]: generating fake signature for '/Users/lihong/miniconda3/envs/ros2/csie_project_ws/install/turtlebot3_msgs/lib/libturtlebot3_msgs__rosidl_generator_py.dylib'
[10.177s] -- Installing: /Users/lihong/miniconda3/envs/ros2/csie_project_ws/install/turtlebot3_msgs/share/turtlebot3_msgs/msg/SensorState.idl
[10.177s] -- Installing: /Users/lihong/miniconda3/envs/ros2/csie_project_ws/install/turtlebot3_msgs/share/turtlebot3_msgs/msg/Sound.idl
[10.178s] -- Installing: /Users/lihong/miniconda3/envs/ros2/csie_project_ws/install/turtlebot3_msgs/share/turtlebot3_msgs/msg/VersionInfo.idl
[10.178s] -- Installing: /Users/lihong/miniconda3/envs/ros2/csie_project_ws/install/turtlebot3_msgs/share/turtlebot3_msgs/srv/Sound.idl
[10.178s] -- Installing: /Users/lihong/miniconda3/envs/ros2/csie_project_ws/install/turtlebot3_msgs/share/turtlebot3_msgs/srv/Dqn.idl
[10.178s] -- Installing: /Users/lihong/miniconda3/envs/ros2/csie_project_ws/install/turtlebot3_msgs/share/turtlebot3_msgs/action/Patrol.idl
[10.179s] -- Installing: /Users/lihong/miniconda3/envs/ros2/csie_project_ws/install/turtlebot3_msgs/share/turtlebot3_msgs/msg/SensorState.msg
[10.179s] -- Installing: /Users/lihong/miniconda3/envs/ros2/csie_project_ws/install/turtlebot3_msgs/share/turtlebot3_msgs/msg/Sound.msg
[10.179s] -- Installing: /Users/lihong/miniconda3/envs/ros2/csie_project_ws/install/turtlebot3_msgs/share/turtlebot3_msgs/msg/VersionInfo.msg
[10.179s] -- Installing: /Users/lihong/miniconda3/envs/ros2/csie_project_ws/install/turtlebot3_msgs/share/turtlebot3_msgs/srv/Sound.srv
[10.180s] -- Installing: /Users/lihong/miniconda3/envs/ros2/csie_project_ws/install/turtlebot3_msgs/share/turtlebot3_msgs/srv/Sound_Request.msg
[10.180s] -- Installing: /Users/lihong/miniconda3/envs/ros2/csie_project_ws/install/turtlebot3_msgs/share/turtlebot3_msgs/srv/Sound_Response.msg
[10.180s] -- Installing: /Users/lihong/miniconda3/envs/ros2/csie_project_ws/install/turtlebot3_msgs/share/turtlebot3_msgs/srv/Dqn.srv
[10.180s] -- Installing: /Users/lihong/miniconda3/envs/ros2/csie_project_ws/install/turtlebot3_msgs/share/turtlebot3_msgs/srv/Dqn_Request.msg
[10.181s] -- Installing: /Users/lihong/miniconda3/envs/ros2/csie_project_ws/install/turtlebot3_msgs/share/turtlebot3_msgs/srv/Dqn_Response.msg
[10.181s] -- Installing: /Users/lihong/miniconda3/envs/ros2/csie_project_ws/install/turtlebot3_msgs/share/turtlebot3_msgs/action/Patrol.action
[10.181s] -- Installing: /Users/lihong/miniconda3/envs/ros2/csie_project_ws/install/turtlebot3_msgs/share/ament_index/resource_index/package_run_dependencies/turtlebot3_msgs
[10.182s] -- Installing: /Users/lihong/miniconda3/envs/ros2/csie_project_ws/install/turtlebot3_msgs/share/ament_index/resource_index/parent_prefix_path/turtlebot3_msgs
[10.182s] -- Installing: /Users/lihong/miniconda3/envs/ros2/csie_project_ws/install/turtlebot3_msgs/share/turtlebot3_msgs/environment/ament_prefix_path.sh
[10.182s] -- Installing: /Users/lihong/miniconda3/envs/ros2/csie_project_ws/install/turtlebot3_msgs/share/turtlebot3_msgs/environment/ament_prefix_path.dsv
[10.182s] -- Installing: /Users/lihong/miniconda3/envs/ros2/csie_project_ws/install/turtlebot3_msgs/share/turtlebot3_msgs/environment/path.sh
[10.183s] -- Installing: /Users/lihong/miniconda3/envs/ros2/csie_project_ws/install/turtlebot3_msgs/share/turtlebot3_msgs/environment/path.dsv
[10.183s] -- Installing: /Users/lihong/miniconda3/envs/ros2/csie_project_ws/install/turtlebot3_msgs/share/turtlebot3_msgs/local_setup.bash
[10.183s] -- Installing: /Users/lihong/miniconda3/envs/ros2/csie_project_ws/install/turtlebot3_msgs/share/turtlebot3_msgs/local_setup.sh
[10.184s] -- Installing: /Users/lihong/miniconda3/envs/ros2/csie_project_ws/install/turtlebot3_msgs/share/turtlebot3_msgs/local_setup.zsh
[10.184s] -- Installing: /Users/lihong/miniconda3/envs/ros2/csie_project_ws/install/turtlebot3_msgs/share/turtlebot3_msgs/local_setup.dsv
[10.184s] -- Installing: /Users/lihong/miniconda3/envs/ros2/csie_project_ws/install/turtlebot3_msgs/share/turtlebot3_msgs/package.dsv
[10.185s] -- Installing: /Users/lihong/miniconda3/envs/ros2/csie_project_ws/install/turtlebot3_msgs/share/ament_index/resource_index/packages/turtlebot3_msgs
[10.185s] -- Installing: /Users/lihong/miniconda3/envs/ros2/csie_project_ws/install/turtlebot3_msgs/share/turtlebot3_msgs/cmake/export_turtlebot3_msgs__rosidl_generator_cExport.cmake
[10.185s] -- Installing: /Users/lihong/miniconda3/envs/ros2/csie_project_ws/install/turtlebot3_msgs/share/turtlebot3_msgs/cmake/export_turtlebot3_msgs__rosidl_generator_cExport-noconfig.cmake
[10.186s] -- Installing: /Users/lihong/miniconda3/envs/ros2/csie_project_ws/install/turtlebot3_msgs/share/turtlebot3_msgs/cmake/export_turtlebot3_msgs__rosidl_typesupport_fastrtps_cExport.cmake
[10.186s] -- Installing: /Users/lihong/miniconda3/envs/ros2/csie_project_ws/install/turtlebot3_msgs/share/turtlebot3_msgs/cmake/export_turtlebot3_msgs__rosidl_typesupport_fastrtps_cExport-noconfig.cmake
[10.186s] -- Installing: /Users/lihong/miniconda3/envs/ros2/csie_project_ws/install/turtlebot3_msgs/share/turtlebot3_msgs/cmake/export_turtlebot3_msgs__rosidl_generator_cppExport.cmake
[10.187s] -- Installing: /Users/lihong/miniconda3/envs/ros2/csie_project_ws/install/turtlebot3_msgs/share/turtlebot3_msgs/cmake/export_turtlebot3_msgs__rosidl_typesupport_fastrtps_cppExport.cmake
[10.187s] -- Installing: /Users/lihong/miniconda3/envs/ros2/csie_project_ws/install/turtlebot3_msgs/share/turtlebot3_msgs/cmake/export_turtlebot3_msgs__rosidl_typesupport_fastrtps_cppExport-noconfig.cmake
[10.187s] -- Installing: /Users/lihong/miniconda3/envs/ros2/csie_project_ws/install/turtlebot3_msgs/share/turtlebot3_msgs/cmake/turtlebot3_msgs__rosidl_typesupport_introspection_cExport.cmake
[10.188s] -- Installing: /Users/lihong/miniconda3/envs/ros2/csie_project_ws/install/turtlebot3_msgs/share/turtlebot3_msgs/cmake/turtlebot3_msgs__rosidl_typesupport_introspection_cExport-noconfig.cmake
[10.188s] -- Installing: /Users/lihong/miniconda3/envs/ros2/csie_project_ws/install/turtlebot3_msgs/share/turtlebot3_msgs/cmake/turtlebot3_msgs__rosidl_typesupport_cExport.cmake
[10.188s] -- Installing: /Users/lihong/miniconda3/envs/ros2/csie_project_ws/install/turtlebot3_msgs/share/turtlebot3_msgs/cmake/turtlebot3_msgs__rosidl_typesupport_cExport-noconfig.cmake
[10.189s] -- Installing: /Users/lihong/miniconda3/envs/ros2/csie_project_ws/install/turtlebot3_msgs/share/turtlebot3_msgs/cmake/turtlebot3_msgs__rosidl_typesupport_introspection_cppExport.cmake
[10.189s] -- Installing: /Users/lihong/miniconda3/envs/ros2/csie_project_ws/install/turtlebot3_msgs/share/turtlebot3_msgs/cmake/turtlebot3_msgs__rosidl_typesupport_introspection_cppExport-noconfig.cmake
[10.189s] -- Installing: /Users/lihong/miniconda3/envs/ros2/csie_project_ws/install/turtlebot3_msgs/share/turtlebot3_msgs/cmake/turtlebot3_msgs__rosidl_typesupport_cppExport.cmake
[10.190s] -- Installing: /Users/lihong/miniconda3/envs/ros2/csie_project_ws/install/turtlebot3_msgs/share/turtlebot3_msgs/cmake/turtlebot3_msgs__rosidl_typesupport_cppExport-noconfig.cmake
[10.190s] -- Installing: /Users/lihong/miniconda3/envs/ros2/csie_project_ws/install/turtlebot3_msgs/share/turtlebot3_msgs/cmake/export_turtlebot3_msgs__rosidl_generator_pyExport.cmake
[10.191s] -- Installing: /Users/lihong/miniconda3/envs/ros2/csie_project_ws/install/turtlebot3_msgs/share/turtlebot3_msgs/cmake/export_turtlebot3_msgs__rosidl_generator_pyExport-noconfig.cmake
[10.191s] -- Installing: /Users/lihong/miniconda3/envs/ros2/csie_project_ws/install/turtlebot3_msgs/share/turtlebot3_msgs/cmake/rosidl_cmake-extras.cmake
[10.191s] -- Installing: /Users/lihong/miniconda3/envs/ros2/csie_project_ws/install/turtlebot3_msgs/share/turtlebot3_msgs/cmake/ament_cmake_export_dependencies-extras.cmake
[10.192s] -- Installing: /Users/lihong/miniconda3/envs/ros2/csie_project_ws/install/turtlebot3_msgs/share/turtlebot3_msgs/cmake/ament_cmake_export_include_directories-extras.cmake
[10.192s] -- Installing: /Users/lihong/miniconda3/envs/ros2/csie_project_ws/install/turtlebot3_msgs/share/turtlebot3_msgs/cmake/ament_cmake_export_libraries-extras.cmake
[10.193s] -- Installing: /Users/lihong/miniconda3/envs/ros2/csie_project_ws/install/turtlebot3_msgs/share/turtlebot3_msgs/cmake/ament_cmake_export_targets-extras.cmake
[10.193s] -- Installing: /Users/lihong/miniconda3/envs/ros2/csie_project_ws/install/turtlebot3_msgs/share/turtlebot3_msgs/cmake/rosidl_cmake_export_typesupport_targets-extras.cmake
[10.193s] -- Installing: /Users/lihong/miniconda3/envs/ros2/csie_project_ws/install/turtlebot3_msgs/share/turtlebot3_msgs/cmake/rosidl_cmake_export_typesupport_libraries-extras.cmake
[10.194s] -- Installing: /Users/lihong/miniconda3/envs/ros2/csie_project_ws/install/turtlebot3_msgs/share/turtlebot3_msgs/cmake/turtlebot3_msgsConfig.cmake
[10.194s] -- Installing: /Users/lihong/miniconda3/envs/ros2/csie_project_ws/install/turtlebot3_msgs/share/turtlebot3_msgs/cmake/turtlebot3_msgsConfig-version.cmake
[10.194s] -- Installing: /Users/lihong/miniconda3/envs/ros2/csie_project_ws/install/turtlebot3_msgs/share/turtlebot3_msgs/package.xml
[10.196s] Invoked command in '/Users/lihong/miniconda3/envs/ros2/csie_project_ws/build/turtlebot3_msgs' returned '0': CONDA_PROMPT_MODIFIER=(ros2) SHLVL=2 _=/Users/lihong/miniconda3/envs/ros2/bin/env __CF_USER_TEXT_ENCODING=0x1F5:0x2:0x35 /Users/lihong/miniconda3/envs/ros2/bin/cmake --install /Users/lihong/miniconda3/envs/ros2/csie_project_ws/build/turtlebot3_msgs
