[0.021s] Invoking command in '/Users/lihong/miniconda3/envs/ros2/csie_project_ws/build/turtlebot3_simulations': AMENT_PREFIX_PATH=${AMENT_PREFIX_PATH}/csie_project_ws/install/turtlebot3_fake_node:/Users/lihong/miniconda3/envs/ros2/csie_project_ws/install/turtlebot3_msgs:/Users/lihong/miniconda3/envs/ros2/csie_project_ws/install/turtlebot3_gazebo:/Users/lihong/miniconda3/envs/ros2 CMAKE_PREFIX_PATH=/Users/lihong/miniconda3/envs/ros2/csie_project_ws/install/turtlebot3_fake_node:/Users/lihong/miniconda3/envs/ros2/csie_project_ws/install/turtlebot3_msgs:/Users/lihong/miniconda3/envs/ros2/csie_project_ws/install/turtlebot3_gazebo${CMAKE_PREFIX_PATH} CONDA_PROMPT_MODIFIER=(ros2) DYLD_LIBRARY_PATH=/Users/lihong/miniconda3/envs/ros2/csie_project_ws/install/turtlebot3_msgs/lib PYTHONPATH=/Users/lihong/miniconda3/envs/ros2/csie_project_ws/install/turtlebot3_msgs/lib/python3.11/site-packages:${PYTHONPATH} SHLVL=2 _=/Users/lihong/miniconda3/envs/ros2/bin/env __CF_USER_TEXT_ENCODING=0x1F5:0x2:0x35 /Users/lihong/miniconda3/envs/ros2/bin/cmake /Users/lihong/miniconda3/envs/ros2/csie_project_ws/turtlebot3/turtlebot3_simulations/turtlebot3_simulations -DPython3_EXECUTABLE=/Users/lihong/miniconda3/envs/ros2/bin/python3.11 -DPython3_NumPy_INCLUDE_DIR=/Users/lihong/miniconda3/envs/ros2/lib/python3.11/site-packages/numpy/core/include -DCMAKE_INSTALL_PREFIX=/Users/lihong/miniconda3/envs/ros2/csie_project_ws/install/turtlebot3_simulations
[0.034s] CMake Deprecation Warning at CMakeLists.txt:1 (cmake_minimum_required):
[0.034s]   Compatibility with CMake < 3.10 will be removed from a future version of
[0.034s]   CMake.
[0.034s] 
[0.034s]   Update the VERSION argument <min> value.  Or, use the <min>...<max> syntax
[0.034s]   to tell CMake that the project requires at least <min> but has been updated
[0.034s]   to work with policies introduced by <max> or earlier.
[0.034s] 
[0.035s] 
[0.148s] -- The C compiler identification is Clang 18.1.8
[0.290s] -- The CXX compiler identification is Clang 18.1.8
[0.298s] -- Detecting C compiler ABI info
[0.458s] -- Detecting C compiler ABI info - done
[0.463s] -- Check for working C compiler: /Users/lihong/miniconda3/envs/ros2/bin/arm64-apple-darwin20.0.0-clang - skipped
[0.463s] -- Detecting C compile features
[0.464s] -- Detecting C compile features - done
[0.469s] -- Detecting CXX compiler ABI info
[0.625s] -- Detecting CXX compiler ABI info - done
[0.631s] -- Check for working CXX compiler: /Users/lihong/miniconda3/envs/ros2/bin/arm64-apple-darwin20.0.0-clang++ - skipped
[0.631s] -- Detecting CXX compile features
[0.631s] -- Detecting CXX compile features - done
[0.642s] -- Found ament_cmake: 1.3.11 (/Users/lihong/miniconda3/envs/ros2/share/ament_cmake/cmake)
[0.760s] -- Found Python3: /Users/lihong/miniconda3/envs/ros2/bin/python3.11 (found version "3.11.11") found components: Interpreter
[0.983s] -- Configuring done (0.9s)
[0.996s] -- Generating done (0.0s)
[0.996s] CMake Warning:
[0.996s]   Manually-specified variables were not used by the project:
[0.996s] 
[0.996s]     Python3_NumPy_INCLUDE_DIR
[0.996s] 
[0.996s] 
[0.996s] -- Build files have been written to: /Users/lihong/miniconda3/envs/ros2/csie_project_ws/build/turtlebot3_simulations
[0.998s] Invoked command in '/Users/lihong/miniconda3/envs/ros2/csie_project_ws/build/turtlebot3_simulations' returned '0': AMENT_PREFIX_PATH=${AMENT_PREFIX_PATH}/csie_project_ws/install/turtlebot3_fake_node:/Users/lihong/miniconda3/envs/ros2/csie_project_ws/install/turtlebot3_msgs:/Users/lihong/miniconda3/envs/ros2/csie_project_ws/install/turtlebot3_gazebo:/Users/lihong/miniconda3/envs/ros2 CMAKE_PREFIX_PATH=/Users/lihong/miniconda3/envs/ros2/csie_project_ws/install/turtlebot3_fake_node:/Users/lihong/miniconda3/envs/ros2/csie_project_ws/install/turtlebot3_msgs:/Users/lihong/miniconda3/envs/ros2/csie_project_ws/install/turtlebot3_gazebo${CMAKE_PREFIX_PATH} CONDA_PROMPT_MODIFIER=(ros2) DYLD_LIBRARY_PATH=/Users/lihong/miniconda3/envs/ros2/csie_project_ws/install/turtlebot3_msgs/lib PYTHONPATH=/Users/lihong/miniconda3/envs/ros2/csie_project_ws/install/turtlebot3_msgs/lib/python3.11/site-packages:${PYTHONPATH} SHLVL=2 _=/Users/lihong/miniconda3/envs/ros2/bin/env __CF_USER_TEXT_ENCODING=0x1F5:0x2:0x35 /Users/lihong/miniconda3/envs/ros2/bin/cmake /Users/lihong/miniconda3/envs/ros2/csie_project_ws/turtlebot3/turtlebot3_simulations/turtlebot3_simulations -DPython3_EXECUTABLE=/Users/lihong/miniconda3/envs/ros2/bin/python3.11 -DPython3_NumPy_INCLUDE_DIR=/Users/lihong/miniconda3/envs/ros2/lib/python3.11/site-packages/numpy/core/include -DCMAKE_INSTALL_PREFIX=/Users/lihong/miniconda3/envs/ros2/csie_project_ws/install/turtlebot3_simulations
[1.000s] Invoking command in '/Users/lihong/miniconda3/envs/ros2/csie_project_ws/build/turtlebot3_simulations': AMENT_PREFIX_PATH=${AMENT_PREFIX_PATH}/csie_project_ws/install/turtlebot3_fake_node:/Users/lihong/miniconda3/envs/ros2/csie_project_ws/install/turtlebot3_msgs:/Users/lihong/miniconda3/envs/ros2/csie_project_ws/install/turtlebot3_gazebo:/Users/lihong/miniconda3/envs/ros2 CMAKE_PREFIX_PATH=/Users/lihong/miniconda3/envs/ros2/csie_project_ws/install/turtlebot3_fake_node:/Users/lihong/miniconda3/envs/ros2/csie_project_ws/install/turtlebot3_msgs:/Users/lihong/miniconda3/envs/ros2/csie_project_ws/install/turtlebot3_gazebo${CMAKE_PREFIX_PATH} CONDA_PROMPT_MODIFIER=(ros2) DYLD_LIBRARY_PATH=/Users/lihong/miniconda3/envs/ros2/csie_project_ws/install/turtlebot3_msgs/lib PYTHONPATH=/Users/lihong/miniconda3/envs/ros2/csie_project_ws/install/turtlebot3_msgs/lib/python3.11/site-packages:${PYTHONPATH} SHLVL=2 _=/Users/lihong/miniconda3/envs/ros2/bin/env __CF_USER_TEXT_ENCODING=0x1F5:0x2:0x35 /Users/lihong/miniconda3/envs/ros2/bin/cmake --build /Users/lihong/miniconda3/envs/ros2/csie_project_ws/build/turtlebot3_simulations -- -j8 -l8
[1.063s] Invoked command in '/Users/lihong/miniconda3/envs/ros2/csie_project_ws/build/turtlebot3_simulations' returned '0': AMENT_PREFIX_PATH=${AMENT_PREFIX_PATH}/csie_project_ws/install/turtlebot3_fake_node:/Users/lihong/miniconda3/envs/ros2/csie_project_ws/install/turtlebot3_msgs:/Users/lihong/miniconda3/envs/ros2/csie_project_ws/install/turtlebot3_gazebo:/Users/lihong/miniconda3/envs/ros2 CMAKE_PREFIX_PATH=/Users/lihong/miniconda3/envs/ros2/csie_project_ws/install/turtlebot3_fake_node:/Users/lihong/miniconda3/envs/ros2/csie_project_ws/install/turtlebot3_msgs:/Users/lihong/miniconda3/envs/ros2/csie_project_ws/install/turtlebot3_gazebo${CMAKE_PREFIX_PATH} CONDA_PROMPT_MODIFIER=(ros2) DYLD_LIBRARY_PATH=/Users/lihong/miniconda3/envs/ros2/csie_project_ws/install/turtlebot3_msgs/lib PYTHONPATH=/Users/lihong/miniconda3/envs/ros2/csie_project_ws/install/turtlebot3_msgs/lib/python3.11/site-packages:${PYTHONPATH} SHLVL=2 _=/Users/lihong/miniconda3/envs/ros2/bin/env __CF_USER_TEXT_ENCODING=0x1F5:0x2:0x35 /Users/lihong/miniconda3/envs/ros2/bin/cmake --build /Users/lihong/miniconda3/envs/ros2/csie_project_ws/build/turtlebot3_simulations -- -j8 -l8
[1.116s] Invoking command in '/Users/lihong/miniconda3/envs/ros2/csie_project_ws/build/turtlebot3_simulations': AMENT_PREFIX_PATH=${AMENT_PREFIX_PATH}/csie_project_ws/install/turtlebot3_fake_node:/Users/lihong/miniconda3/envs/ros2/csie_project_ws/install/turtlebot3_msgs:/Users/lihong/miniconda3/envs/ros2/csie_project_ws/install/turtlebot3_gazebo:/Users/lihong/miniconda3/envs/ros2 CMAKE_PREFIX_PATH=/Users/lihong/miniconda3/envs/ros2/csie_project_ws/install/turtlebot3_fake_node:/Users/lihong/miniconda3/envs/ros2/csie_project_ws/install/turtlebot3_msgs:/Users/lihong/miniconda3/envs/ros2/csie_project_ws/install/turtlebot3_gazebo${CMAKE_PREFIX_PATH} CONDA_PROMPT_MODIFIER=(ros2) DYLD_LIBRARY_PATH=/Users/lihong/miniconda3/envs/ros2/csie_project_ws/install/turtlebot3_msgs/lib PYTHONPATH=/Users/lihong/miniconda3/envs/ros2/csie_project_ws/install/turtlebot3_msgs/lib/python3.11/site-packages:${PYTHONPATH} SHLVL=2 _=/Users/lihong/miniconda3/envs/ros2/bin/env __CF_USER_TEXT_ENCODING=0x1F5:0x2:0x35 /Users/lihong/miniconda3/envs/ros2/bin/cmake --install /Users/lihong/miniconda3/envs/ros2/csie_project_ws/build/turtlebot3_simulations
[1.129s] -- Install configuration: ""
[1.129s] -- Installing: /Users/lihong/miniconda3/envs/ros2/csie_project_ws/install/turtlebot3_simulations/share/ament_index/resource_index/package_run_dependencies/turtlebot3_simulations
[1.129s] -- Installing: /Users/lihong/miniconda3/envs/ros2/csie_project_ws/install/turtlebot3_simulations/share/ament_index/resource_index/parent_prefix_path/turtlebot3_simulations
[1.130s] -- Installing: /Users/lihong/miniconda3/envs/ros2/csie_project_ws/install/turtlebot3_simulations/share/turtlebot3_simulations/environment/ament_prefix_path.sh
[1.130s] -- Installing: /Users/lihong/miniconda3/envs/ros2/csie_project_ws/install/turtlebot3_simulations/share/turtlebot3_simulations/environment/ament_prefix_path.dsv
[1.130s] -- Installing: /Users/lihong/miniconda3/envs/ros2/csie_project_ws/install/turtlebot3_simulations/share/turtlebot3_simulations/environment/path.sh
[1.130s] -- Installing: /Users/lihong/miniconda3/envs/ros2/csie_project_ws/install/turtlebot3_simulations/share/turtlebot3_simulations/environment/path.dsv
[1.131s] -- Installing: /Users/lihong/miniconda3/envs/ros2/csie_project_ws/install/turtlebot3_simulations/share/turtlebot3_simulations/local_setup.bash
[1.131s] -- Installing: /Users/lihong/miniconda3/envs/ros2/csie_project_ws/install/turtlebot3_simulations/share/turtlebot3_simulations/local_setup.sh
[1.131s] -- Installing: /Users/lihong/miniconda3/envs/ros2/csie_project_ws/install/turtlebot3_simulations/share/turtlebot3_simulations/local_setup.zsh
[1.131s] -- Installing: /Users/lihong/miniconda3/envs/ros2/csie_project_ws/install/turtlebot3_simulations/share/turtlebot3_simulations/local_setup.dsv
[1.131s] -- Installing: /Users/lihong/miniconda3/envs/ros2/csie_project_ws/install/turtlebot3_simulations/share/turtlebot3_simulations/package.dsv
[1.132s] -- Installing: /Users/lihong/miniconda3/envs/ros2/csie_project_ws/install/turtlebot3_simulations/share/ament_index/resource_index/packages/turtlebot3_simulations
[1.132s] -- Installing: /Users/lihong/miniconda3/envs/ros2/csie_project_ws/install/turtlebot3_simulations/share/turtlebot3_simulations/cmake/turtlebot3_simulationsConfig.cmake
[1.133s] -- Installing: /Users/lihong/miniconda3/envs/ros2/csie_project_ws/install/turtlebot3_simulations/share/turtlebot3_simulations/cmake/turtlebot3_simulationsConfig-version.cmake
[1.133s] -- Installing: /Users/lihong/miniconda3/envs/ros2/csie_project_ws/install/turtlebot3_simulations/share/turtlebot3_simulations/package.xml
[1.134s] Invoked command in '/Users/lihong/miniconda3/envs/ros2/csie_project_ws/build/turtlebot3_simulations' returned '0': AMENT_PREFIX_PATH=${AMENT_PREFIX_PATH}/csie_project_ws/install/turtlebot3_fake_node:/Users/lihong/miniconda3/envs/ros2/csie_project_ws/install/turtlebot3_msgs:/Users/lihong/miniconda3/envs/ros2/csie_project_ws/install/turtlebot3_gazebo:/Users/lihong/miniconda3/envs/ros2 CMAKE_PREFIX_PATH=/Users/lihong/miniconda3/envs/ros2/csie_project_ws/install/turtlebot3_fake_node:/Users/lihong/miniconda3/envs/ros2/csie_project_ws/install/turtlebot3_msgs:/Users/lihong/miniconda3/envs/ros2/csie_project_ws/install/turtlebot3_gazebo${CMAKE_PREFIX_PATH} CONDA_PROMPT_MODIFIER=(ros2) DYLD_LIBRARY_PATH=/Users/lihong/miniconda3/envs/ros2/csie_project_ws/install/turtlebot3_msgs/lib PYTHONPATH=/Users/lihong/miniconda3/envs/ros2/csie_project_ws/install/turtlebot3_msgs/lib/python3.11/site-packages:${PYTHONPATH} SHLVL=2 _=/Users/lihong/miniconda3/envs/ros2/bin/env __CF_USER_TEXT_ENCODING=0x1F5:0x2:0x35 /Users/lihong/miniconda3/envs/ros2/bin/cmake --install /Users/lihong/miniconda3/envs/ros2/csie_project_ws/build/turtlebot3_simulations
