[0.015s] Invoking command in '/Users/lihong/miniconda3/envs/ros2/csie_project_ws/build/turtlebot3_gazebo': CONDA_PROMPT_MODIFIER=(ros2) SHLVL=2 _=/Users/lihong/miniconda3/envs/ros2/bin/env __CF_USER_TEXT_ENCODING=0x1F5:0x2:0x35 /Users/lihong/miniconda3/envs/ros2/bin/cmake /Users/lihong/miniconda3/envs/ros2/csie_project_ws/turtlebot3/turtlebot3_simulations/turtlebot3_gazebo -DAMENT_CMAKE_SYMLINK_INSTALL=1 -DCMAKE_INSTALL_PREFIX=/Users/lihong/miniconda3/envs/ros2/csie_project_ws/install/turtlebot3_gazebo
[0.396s] -- The C compiler identification is Clang 15.0.7
[0.498s] -- The CXX compiler identification is Clang 15.0.7
[0.544s] -- Detecting C compiler ABI info
[0.743s] -- Detecting C compiler ABI info - done
[0.746s] -- Check for working C compiler: /Users/lihong/miniconda3/envs/ros2/bin/arm64-apple-darwin20.0.0-clang - skipped
[0.747s] -- Detecting C compile features
[0.747s] -- Detecting C compile features - done
[0.780s] -- Detecting CXX compiler ABI info
[0.971s] -- Detecting CXX compiler ABI info - done
[0.975s] -- Check for working CXX compiler: /Users/lihong/miniconda3/envs/ros2/bin/arm64-apple-darwin20.0.0-clang++ - skipped
[0.975s] -- Detecting CXX compile features
[0.975s] -- Detecting CXX compile features - done
[0.978s] -- Found ament_cmake: 1.3.7 (/Users/lihong/miniconda3/envs/ros2/share/ament_cmake/cmake)
[1.099s] -- Found Python3: /Users/lihong/miniconda3/envs/ros2/bin/python3.11 (found version "3.11.8") found components: Interpreter 
[1.151s] -- Override CMake install command with custom implementation using symlinks instead of copying resources
[1.269s] -- Found assimp: /Users/lihong/miniconda3/envs/ros2/include (found version "5.4.3") 
[1.291s] -- Found DART: /Users/lihong/miniconda3/envs/ros2/include (Required is at least version "6.6") found components: dart 
[1.414s] -- Found Boost: /Users/lihong/miniconda3/envs/ros2/lib/cmake/Boost-1.82.0/BoostConfig.cmake (found suitable version "1.82.0", minimum required is "1.40.0") found components: thread system filesystem program_options regex iostreams date_time 
[1.452s] -- Found ZLIB: /Users/lihong/miniconda3/envs/ros2/lib/libz.dylib (found version "1.2.13")  
[1.470s] -- Looking for ignition-math6 -- found version 6.15.1
[1.479s] -- Searching for dependencies of ignition-math6
[1.486s] -- Found OGRE
[1.486s] --   static     : OFF
[1.486s] --   components : Bites;HLMS;MeshLodGenerator;Overlay;Paging;Property;RTShaderSystem;Terrain;Volume
[1.487s] --   plugins    : Plugin_BSPSceneManager;Plugin_OctreeSceneManager;Plugin_PCZSceneManager;Plugin_ParticleFX;RenderSystem_GL;RenderSystem_GL3Plus
[1.487s] --   media      : /Users/lihong/miniconda3/envs/ros2/Media
[1.487s] -- Looking for ignition-math6 -- found version 6.15.1
[1.489s] -- Looking for ignition-transport8 -- found version 8.4.0
[1.489s] -- Searching for dependencies of ignition-transport8
[1.495s] -- Looking for ignition-msgs5 -- found version 5.11.0
[1.495s] -- Searching for dependencies of ignition-msgs5
[1.497s] -- Looking for ignition-math6 -- found version 6.15.1
[1.524s] -- Checking for module 'tinyxml2'
[1.648s] --   Found tinyxml2, version 10.0.0
[2.000s] -- Looking for ignition-msgs5 -- found version 5.11.0
[2.001s] -- Looking for ignition-common3 -- found version 3.15.1
[2.002s] -- Searching for dependencies of ignition-common3
[2.002s] -- Looking for dlfcn.h - found
[2.002s] -- Looking for libdl - found
[2.005s] -- Searching for <ignition-common3> component [graphics]
[2.006s] -- Looking for ignition-common3-graphics -- found version 3.15.1
[2.007s] -- Searching for dependencies of ignition-common3-graphics
[2.007s] -- Looking for ignition-math6 -- found version 6.15.1
[2.010s] -- Looking for ignition-fuel_tools4 -- found version 4.6.0
[2.010s] -- Searching for dependencies of ignition-fuel_tools4
[2.148s] -- Found CURL: /Users/lihong/miniconda3/envs/ros2/lib/libcurl.dylib (found version "8.8.0")  
[2.149s] CMake Deprecation Warning at /Users/lihong/miniconda3/envs/ros2/lib/cmake/jsoncpp/jsoncppConfig.cmake:2 (cmake_policy):
[2.149s]   Compatibility with CMake < 3.5 will be removed from a future version of
[2.149s]   CMake.
[2.149s] 
[2.149s]   Update the VERSION argument <min> value or use a ...<max> suffix to tell
[2.149s]   CMake that the project does not need compatibility with older versions.
[2.149s] Call Stack (most recent call first):
[2.149s]   /Users/lihong/miniconda3/envs/ros2/share/cmake/ignition-cmake2/cmake2/FindJSONCPP.cmake:34 (find_package)
[2.149s]   /Users/lihong/miniconda3/envs/ros2/lib/cmake/ignition-fuel_tools4/ignition-fuel_tools4-config.cmake:94 (find_package)
[2.149s]   /Users/lihong/miniconda3/envs/ros2/lib/cmake/gazebo/gazebo-config.cmake:250 (find_package)
[2.149s]   CMakeLists.txt:23 (find_package)
[2.149s] 
[2.149s] 
[2.174s] -- Checking for module 'jsoncpp'
[2.299s] --   Found jsoncpp, version 1.9.5
[2.756s] -- Checking for module 'yaml-0.1'
[2.873s] --   Found yaml-0.1, version 0.2.5
[3.220s] -- Checking for module 'libzip'
[3.331s] --   Found libzip, version 1.10.1
[3.637s] -- Looking for ignition-common3 -- found version 3.15.1
[3.637s] -- Looking for ignition-math6 -- found version 6.15.1
[3.637s] -- Looking for ignition-msgs5 -- found version 5.11.0
[3.642s] -- Found gazebo_ros_pkgs: 3.7.0 (/Users/lihong/miniconda3/envs/ros2/share/gazebo_ros_pkgs/cmake)
[3.642s] -- Found geometry_msgs: 4.2.3 (/Users/lihong/miniconda3/envs/ros2/share/geometry_msgs/cmake)
[3.665s] -- Found rosidl_generator_c: 3.1.5 (/Users/lihong/miniconda3/envs/ros2/share/rosidl_generator_c/cmake)
[3.667s] -- Found rosidl_adapter: 3.1.5 (/Users/lihong/miniconda3/envs/ros2/share/rosidl_adapter/cmake)
[3.673s] -- Found rosidl_generator_cpp: 3.1.5 (/Users/lihong/miniconda3/envs/ros2/share/rosidl_generator_cpp/cmake)
[3.684s] -- Using all available rosidl_typesupport_c: rosidl_typesupport_fastrtps_c;rosidl_typesupport_introspection_c
[3.698s] -- Using all available rosidl_typesupport_cpp: rosidl_typesupport_fastrtps_cpp;rosidl_typesupport_introspection_cpp
[3.786s] -- Found nav_msgs: 4.2.3 (/Users/lihong/miniconda3/envs/ros2/share/nav_msgs/cmake)
[3.844s] -- Found rclcpp: 16.0.8 (/Users/lihong/miniconda3/envs/ros2/share/rclcpp/cmake)
[3.926s] -- Found rmw_implementation_cmake: 6.1.1 (/Users/lihong/miniconda3/envs/ros2/share/rmw_implementation_cmake/cmake)
[3.937s] -- Found rmw_cyclonedds_cpp: 1.3.4 (/Users/lihong/miniconda3/envs/ros2/share/rmw_cyclonedds_cpp/cmake)
[3.982s] -- Using RMW implementation 'rmw_cyclonedds_cpp' as default
[4.068s] -- Found sensor_msgs: 4.2.3 (/Users/lihong/miniconda3/envs/ros2/share/sensor_msgs/cmake)
[4.125s] -- Found tf2: 0.25.5 (/Users/lihong/miniconda3/envs/ros2/share/tf2/cmake)
[4.196s] -- Configuring done (4.1s)
[4.290s] -- Generating done (0.1s)
[4.296s] -- Build files have been written to: /Users/lihong/miniconda3/envs/ros2/csie_project_ws/build/turtlebot3_gazebo
